#
# There is insufficient memory for the Java Runtime Environment to continue.
# Native memory allocation (malloc) failed to allocate 633296 bytes for Chunk::new
# Possible reasons:
#   The system is out of physical RAM or swap space
#   The process is running with CompressedOops enabled, and the Java Heap may be blocking the growth of the native heap
# Possible solutions:
#   Reduce memory load on the system
#   Increase physical memory or swap space
#   Check if swap backing store is full
#   Decrease Java heap size (-Xmx/-Xms)
#   Decrease number of Java threads
#   Decrease Java thread stack sizes (-Xss)
#   Set larger code cache with -XX:ReservedCodeCacheSize=
#   JVM is running with Unscaled Compressed Oops mode in which the Java heap is
#     placed in the first 4GB address space. The Java Heap base address is the
#     maximum limit for the native heap growth. Please use -XX:HeapBaseMinAddress
#     to set the Java Heap base and to place the Java Heap above 4GB virtual address.
# This output file may be truncated or incomplete.
#
#  Out of Memory Error (./src/hotspot/share/memory/arena.cpp:197), pid=15352, tid=12164
#
# JRE version: OpenJDK Runtime Environment AdoptOpenJDK (11.0.9.1+1) (build 11.0.9.1+1)
# Java VM: OpenJDK 64-Bit Server VM AdoptOpenJDK (11.0.9.1+1, mixed mode, tiered, compressed oops, g1 gc, windows-amd64)
# No core dump will be written. Minidumps are not enabled by default on client versions of Windows
#

---------------  S U M M A R Y ------------

Command Line: -Dfile.encoding=UTF-8 br.desafio.livraria.LivrariaApplication

Host: Intel(R) Core(TM) i5-6500 CPU @ 3.20GHz, 4 cores, 7G,  Windows 10 , 64 bit Build 19041 (10.0.19041.662)
Time: Wed Oct  6 17:48:55 2021 E. South America Standard Time elapsed time: 1.443096 seconds (0d 0h 0m 1s)

---------------  T H R E A D  ---------------

Current thread (0x0000028532bd8800):  JavaThread "C2 CompilerThread1" daemon [_thread_in_native, id=12164, stack(0x000000adee500000,0x000000adee600000)]


Current CompileTask:
C2:   1443 1702   !   4       java.net.URL::<init> (543 bytes)

Stack: [0x000000adee500000,0x000000adee600000]
Native frames: (J=compiled Java code, j=interpreted, Vv=VM code, C=native code)
V  [jvm.dll+0x5f465a]
V  [jvm.dll+0x77c78e]
V  [jvm.dll+0x77de5f]
V  [jvm.dll+0x77e523]
V  [jvm.dll+0x2477c8]
V  [jvm.dll+0xbe2ec]
V  [jvm.dll+0xbe9ec]
V  [jvm.dll+0x2b69b4]
V  [jvm.dll+0x508bb9]
V  [jvm.dll+0x20929d]
V  [jvm.dll+0x20319a]
V  [jvm.dll+0x20011f]
V  [jvm.dll+0x184fbc]
V  [jvm.dll+0x20f7f7]
V  [jvm.dll+0x20d9db]
V  [jvm.dll+0x741029]
V  [jvm.dll+0x73a0d4]
V  [jvm.dll+0x5f3586]
C  [ucrtbase.dll+0x214c2]
C  [KERNEL32.DLL+0x17034]
C  [ntdll.dll+0x4d0d1]


---------------  P R O C E S S  ---------------

Threads class SMR info:
_java_thread_list=0x0000028532f03940, length=14, elements={
0x00000285127a8800, 0x00000285316c7000, 0x00000285316d0000, 0x0000028531ee5800,
0x0000028531ee6800, 0x0000028531ee9800, 0x0000028531f42000, 0x0000028531f43000,
0x000002853209a000, 0x00000285320d9800, 0x0000028532bd8800, 0x0000028533062800,
0x0000028532e7e800, 0x00000285333ed000
}

Java Threads: ( => current thread )
  0x00000285127a8800 JavaThread "main" [_thread_blocked, id=11768, stack(0x000000aded400000,0x000000aded500000)]
  0x00000285316c7000 JavaThread "Reference Handler" daemon [_thread_blocked, id=7176, stack(0x000000adedb00000,0x000000adedc00000)]
  0x00000285316d0000 JavaThread "Finalizer" daemon [_thread_blocked, id=12364, stack(0x000000adedc00000,0x000000adedd00000)]
  0x0000028531ee5800 JavaThread "Signal Dispatcher" daemon [_thread_blocked, id=13644, stack(0x000000adedd00000,0x000000adede00000)]
  0x0000028531ee6800 JavaThread "Attach Listener" daemon [_thread_blocked, id=2412, stack(0x000000adede00000,0x000000adedf00000)]
  0x0000028531ee9800 JavaThread "C2 CompilerThread0" daemon [_thread_blocked, id=16032, stack(0x000000adedf00000,0x000000adee000000)]
  0x0000028531f42000 JavaThread "C1 CompilerThread0" daemon [_thread_blocked, id=2488, stack(0x000000adee000000,0x000000adee100000)]
  0x0000028531f43000 JavaThread "Sweeper thread" daemon [_thread_blocked, id=10152, stack(0x000000adee100000,0x000000adee200000)]
  0x000002853209a000 JavaThread "Service Thread" daemon [_thread_blocked, id=10520, stack(0x000000adee200000,0x000000adee300000)]
  0x00000285320d9800 JavaThread "Common-Cleaner" daemon [_thread_blocked, id=14848, stack(0x000000adee400000,0x000000adee500000)]
=>0x0000028532bd8800 JavaThread "C2 CompilerThread1" daemon [_thread_in_native, id=12164, stack(0x000000adee500000,0x000000adee600000)]
  0x0000028533062800 JavaThread "Thread-0" [_thread_blocked, id=9436, stack(0x000000adee800000,0x000000adee900000)]
  0x0000028532e7e800 JavaThread "restartedMain" [_thread_blocked, id=15380, stack(0x000000adee900000,0x000000adeea00000)]
  0x00000285333ed000 JavaThread "background-preinit" [_thread_blocked, id=6332, stack(0x000000adeea00000,0x000000adeeb00000)]

Other Threads:
  0x00000285316a0000 VMThread "VM Thread" [stack: 0x000000adeda00000,0x000000adedb00000] [id=6560]
  0x000002853209a800 WatcherThread [stack: 0x000000adee300000,0x000000adee400000] [id=13836]
  0x00000285127c2000 GCTaskThread "GC Thread#0" [stack: 0x000000aded500000,0x000000aded600000] [id=5768]
  0x0000028532bcc800 GCTaskThread "GC Thread#1" [stack: 0x000000adee600000,0x000000adee700000] [id=13628]
  0x000002853295c000 GCTaskThread "GC Thread#2" [stack: 0x000000adee700000,0x000000adee800000] [id=13140]
  0x00000285334b5800 GCTaskThread "GC Thread#3" [stack: 0x000000adeeb00000,0x000000adeec00000] [id=11432]
  0x00000285127f3000 ConcurrentGCThread "G1 Main Marker" [stack: 0x000000aded600000,0x000000aded700000] [id=2860]
  0x00000285127f4800 ConcurrentGCThread "G1 Conc#0" [stack: 0x000000aded700000,0x000000aded800000] [id=9992]
  0x000002851285e000 ConcurrentGCThread "G1 Refine#0" [stack: 0x000000aded800000,0x000000aded900000] [id=11972]
  0x000002853150c800 ConcurrentGCThread "G1 Young RemSet Sampling" [stack: 0x000000aded900000,0x000000adeda00000] [id=8920]

Threads with active compile tasks:
C2 CompilerThread0   1590 1903       4       java.lang.reflect.ProxyGenerator$ConstantPool::getUtf8 (18 bytes)
C2 CompilerThread1   1591 1702   !   4       java.net.URL::<init> (543 bytes)

VM state:at safepoint (normal execution)

VM Mutex/Monitor currently owned by a thread:  ([mutex/lock_event])
[0x00000285127a4ec0] Threads_lock - owner thread: 0x00000285316a0000
[0x00000285127a5610] Heap_lock - owner thread: 0x00000285333ed000

Heap address: 0x0000000081e00000, size: 2018 MB, Compressed Oops mode: 32-bit
Narrow klass base: 0x0000000000000000, Narrow klass shift: 3
Compressed class space size: 1073741824 Address: 0x0000000100000000

Heap:
 garbage-first heap   total 131072K, used 9743K [0x0000000081e00000, 0x0000000100000000)
  region size 1024K, 4 young (4096K), 4 survivors (4096K)
 Metaspace       used 22853K, capacity 23418K, committed 23472K, reserved 1083392K
  class space    used 2704K, capacity 2944K, committed 2992K, reserved 1048576K
Heap Regions: E=young(eden), S=young(survivor), O=old, HS=humongous(starts), HC=humongous(continues), CS=collection set, F=free, A=archive, TAMS=top-at-mark-start (previous, next)
|   0|0x0000000081e00000, 0x0000000081f00000, 0x0000000081f00000|100%|HS|  |TAMS 0x0000000081f00000, 0x0000000081f00000| Complete 
|   1|0x0000000081f00000, 0x0000000082000000, 0x0000000082000000|100%| O|  |TAMS 0x0000000082000000, 0x0000000082000000| Untracked 
|   2|0x0000000082000000, 0x0000000082100000, 0x0000000082100000|100%| O|  |TAMS 0x0000000082100000, 0x0000000082100000| Untracked 
|   3|0x0000000082100000, 0x0000000082200000, 0x0000000082200000|100%| O|  |TAMS 0x0000000082200000, 0x0000000082200000| Untracked 
|   4|0x0000000082200000, 0x0000000082300000, 0x0000000082300000|100%| O|  |TAMS 0x0000000082300000, 0x0000000082300000| Untracked 
|   5|0x0000000082300000, 0x0000000082400000, 0x0000000082400000|100%| O|  |TAMS 0x0000000082400000, 0x0000000082400000| Untracked 
|   6|0x0000000082400000, 0x000000008241a600, 0x0000000082500000| 10%| O|  |TAMS 0x000000008241a600, 0x000000008241a600| Untracked 
|   7|0x0000000082500000, 0x0000000082500000, 0x0000000082600000|  0%| F|  |TAMS 0x0000000082500000, 0x0000000082500000| Untracked 
|   8|0x0000000082600000, 0x0000000082600000, 0x0000000082700000|  0%| F|  |TAMS 0x0000000082600000, 0x0000000082600000| Untracked 
|   9|0x0000000082700000, 0x0000000082700000, 0x0000000082800000|  0%| F|  |TAMS 0x0000000082700000, 0x0000000082700000| Untracked 
|  10|0x0000000082800000, 0x0000000082800000, 0x0000000082900000|  0%| F|  |TAMS 0x0000000082800000, 0x0000000082800000| Untracked 
|  11|0x0000000082900000, 0x0000000082900000, 0x0000000082a00000|  0%| F|  |TAMS 0x0000000082900000, 0x0000000082900000| Untracked 
|  12|0x0000000082a00000, 0x0000000082a00000, 0x0000000082b00000|  0%| F|  |TAMS 0x0000000082a00000, 0x0000000082a00000| Untracked 
|  13|0x0000000082b00000, 0x0000000082b00000, 0x0000000082c00000|  0%| F|  |TAMS 0x0000000082b00000, 0x0000000082b00000| Untracked 
|  14|0x0000000082c00000, 0x0000000082c00000, 0x0000000082d00000|  0%| F|  |TAMS 0x0000000082c00000, 0x0000000082c00000| Untracked 
|  15|0x0000000082d00000, 0x0000000082d00000, 0x0000000082e00000|  0%| F|  |TAMS 0x0000000082d00000, 0x0000000082d00000| Untracked 
|  16|0x0000000082e00000, 0x0000000082e00000, 0x0000000082f00000|  0%| F|  |TAMS 0x0000000082e00000, 0x0000000082e00000| Untracked 
|  17|0x0000000082f00000, 0x0000000082f00000, 0x0000000083000000|  0%| F|  |TAMS 0x0000000082f00000, 0x0000000082f00000| Untracked 
|  18|0x0000000083000000, 0x0000000083000000, 0x0000000083100000|  0%| F|  |TAMS 0x0000000083000000, 0x0000000083000000| Untracked 
|  19|0x0000000083100000, 0x0000000083100000, 0x0000000083200000|  0%| F|  |TAMS 0x0000000083100000, 0x0000000083100000| Untracked 
|  20|0x0000000083200000, 0x0000000083200000, 0x0000000083300000|  0%| F|  |TAMS 0x0000000083200000, 0x0000000083200000| Untracked 
|  21|0x0000000083300000, 0x0000000083300000, 0x0000000083400000|  0%| F|  |TAMS 0x0000000083300000, 0x0000000083300000| Untracked 
|  22|0x0000000083400000, 0x0000000083400000, 0x0000000083500000|  0%| F|  |TAMS 0x0000000083400000, 0x0000000083400000| Untracked 
|  23|0x0000000083500000, 0x0000000083500000, 0x0000000083600000|  0%| F|  |TAMS 0x0000000083500000, 0x0000000083500000| Untracked 
|  24|0x0000000083600000, 0x0000000083600000, 0x0000000083700000|  0%| F|  |TAMS 0x0000000083600000, 0x0000000083600000| Untracked 
|  25|0x0000000083700000, 0x0000000083700000, 0x0000000083800000|  0%| F|  |TAMS 0x0000000083700000, 0x0000000083700000| Untracked 
|  26|0x0000000083800000, 0x0000000083800000, 0x0000000083900000|  0%| F|  |TAMS 0x0000000083800000, 0x0000000083800000| Untracked 
|  27|0x0000000083900000, 0x0000000083900000, 0x0000000083a00000|  0%| F|  |TAMS 0x0000000083900000, 0x0000000083900000| Untracked 
|  28|0x0000000083a00000, 0x0000000083a00000, 0x0000000083b00000|  0%| F|  |TAMS 0x0000000083a00000, 0x0000000083a00000| Untracked 
|  29|0x0000000083b00000, 0x0000000083b00000, 0x0000000083c00000|  0%| F|  |TAMS 0x0000000083b00000, 0x0000000083b00000| Untracked 
|  30|0x0000000083c00000, 0x0000000083c00000, 0x0000000083d00000|  0%| F|  |TAMS 0x0000000083c00000, 0x0000000083c00000| Untracked 
|  31|0x0000000083d00000, 0x0000000083d00000, 0x0000000083e00000|  0%| F|  |TAMS 0x0000000083d00000, 0x0000000083d00000| Untracked 
|  32|0x0000000083e00000, 0x0000000083e00000, 0x0000000083f00000|  0%| F|  |TAMS 0x0000000083e00000, 0x0000000083e00000| Untracked 
|  33|0x0000000083f00000, 0x0000000083f00000, 0x0000000084000000|  0%| F|  |TAMS 0x0000000083f00000, 0x0000000083f00000| Untracked 
|  34|0x0000000084000000, 0x0000000084000000, 0x0000000084100000|  0%| F|  |TAMS 0x0000000084000000, 0x0000000084000000| Untracked 
|  35|0x0000000084100000, 0x0000000084100000, 0x0000000084200000|  0%| F|  |TAMS 0x0000000084100000, 0x0000000084100000| Untracked 
|  36|0x0000000084200000, 0x0000000084200000, 0x0000000084300000|  0%| F|  |TAMS 0x0000000084200000, 0x0000000084200000| Untracked 
|  37|0x0000000084300000, 0x0000000084300000, 0x0000000084400000|  0%| F|  |TAMS 0x0000000084300000, 0x0000000084300000| Untracked 
|  38|0x0000000084400000, 0x0000000084400000, 0x0000000084500000|  0%| F|  |TAMS 0x0000000084400000, 0x0000000084400000| Untracked 
|  39|0x0000000084500000, 0x0000000084500000, 0x0000000084600000|  0%| F|  |TAMS 0x0000000084500000, 0x0000000084500000| Untracked 
|  40|0x0000000084600000, 0x0000000084600000, 0x0000000084700000|  0%| F|  |TAMS 0x0000000084600000, 0x0000000084600000| Untracked 
|  41|0x0000000084700000, 0x0000000084700000, 0x0000000084800000|  0%| F|  |TAMS 0x0000000084700000, 0x0000000084700000| Untracked 
|  42|0x0000000084800000, 0x0000000084800000, 0x0000000084900000|  0%| F|  |TAMS 0x0000000084800000, 0x0000000084800000| Untracked 
|  43|0x0000000084900000, 0x0000000084900000, 0x0000000084a00000|  0%| F|  |TAMS 0x0000000084900000, 0x0000000084900000| Untracked 
|  44|0x0000000084a00000, 0x0000000084a00000, 0x0000000084b00000|  0%| F|  |TAMS 0x0000000084a00000, 0x0000000084a00000| Untracked 
|  45|0x0000000084b00000, 0x0000000084b00000, 0x0000000084c00000|  0%| F|  |TAMS 0x0000000084b00000, 0x0000000084b00000| Untracked 
|  46|0x0000000084c00000, 0x0000000084c00000, 0x0000000084d00000|  0%| F|  |TAMS 0x0000000084c00000, 0x0000000084c00000| Untracked 
|  47|0x0000000084d00000, 0x0000000084d00000, 0x0000000084e00000|  0%| F|  |TAMS 0x0000000084d00000, 0x0000000084d00000| Untracked 
|  48|0x0000000084e00000, 0x0000000084e00000, 0x0000000084f00000|  0%| F|  |TAMS 0x0000000084e00000, 0x0000000084e00000| Untracked 
|  49|0x0000000084f00000, 0x0000000084f00000, 0x0000000085000000|  0%| F|  |TAMS 0x0000000084f00000, 0x0000000084f00000| Untracked 
|  50|0x0000000085000000, 0x0000000085000000, 0x0000000085100000|  0%| F|  |TAMS 0x0000000085000000, 0x0000000085000000| Untracked 
|  51|0x0000000085100000, 0x0000000085100000, 0x0000000085200000|  0%| F|  |TAMS 0x0000000085100000, 0x0000000085100000| Untracked 
|  52|0x0000000085200000, 0x0000000085200000, 0x0000000085300000|  0%| F|  |TAMS 0x0000000085200000, 0x0000000085200000| Untracked 
|  53|0x0000000085300000, 0x0000000085300000, 0x0000000085400000|  0%| F|  |TAMS 0x0000000085300000, 0x0000000085300000| Untracked 
|  54|0x0000000085400000, 0x0000000085400000, 0x0000000085500000|  0%| F|  |TAMS 0x0000000085400000, 0x0000000085400000| Untracked 
|  55|0x0000000085500000, 0x0000000085500000, 0x0000000085600000|  0%| F|  |TAMS 0x0000000085500000, 0x0000000085500000| Untracked 
|  56|0x0000000085600000, 0x0000000085600000, 0x0000000085700000|  0%| F|  |TAMS 0x0000000085600000, 0x0000000085600000| Untracked 
|  57|0x0000000085700000, 0x0000000085700000, 0x0000000085800000|  0%| F|  |TAMS 0x0000000085700000, 0x0000000085700000| Untracked 
|  58|0x0000000085800000, 0x0000000085800000, 0x0000000085900000|  0%| F|  |TAMS 0x0000000085800000, 0x0000000085800000| Untracked 
|  59|0x0000000085900000, 0x0000000085900000, 0x0000000085a00000|  0%| F|  |TAMS 0x0000000085900000, 0x0000000085900000| Untracked 
|  60|0x0000000085a00000, 0x0000000085a00000, 0x0000000085b00000|  0%| F|  |TAMS 0x0000000085a00000, 0x0000000085a00000| Untracked 
|  61|0x0000000085b00000, 0x0000000085b00000, 0x0000000085c00000|  0%| F|  |TAMS 0x0000000085b00000, 0x0000000085b00000| Untracked 
|  62|0x0000000085c00000, 0x0000000085c00000, 0x0000000085d00000|  0%| F|  |TAMS 0x0000000085c00000, 0x0000000085c00000| Untracked 
|  63|0x0000000085d00000, 0x0000000085d00000, 0x0000000085e00000|  0%| F|  |TAMS 0x0000000085d00000, 0x0000000085d00000| Untracked 
|  64|0x0000000085e00000, 0x0000000085e00000, 0x0000000085f00000|  0%| F|  |TAMS 0x0000000085e00000, 0x0000000085e00000| Untracked 
|  65|0x0000000085f00000, 0x0000000085f00000, 0x0000000086000000|  0%| F|  |TAMS 0x0000000085f00000, 0x0000000085f00000| Untracked 
|  66|0x0000000086000000, 0x0000000086000000, 0x0000000086100000|  0%| F|  |TAMS 0x0000000086000000, 0x0000000086000000| Untracked 
|  67|0x0000000086100000, 0x0000000086100000, 0x0000000086200000|  0%| F|  |TAMS 0x0000000086100000, 0x0000000086100000| Untracked 
|  68|0x0000000086200000, 0x0000000086200000, 0x0000000086300000|  0%| F|  |TAMS 0x0000000086200000, 0x0000000086200000| Untracked 
|  69|0x0000000086300000, 0x0000000086300000, 0x0000000086400000|  0%| F|  |TAMS 0x0000000086300000, 0x0000000086300000| Untracked 
|  70|0x0000000086400000, 0x0000000086400000, 0x0000000086500000|  0%| F|  |TAMS 0x0000000086400000, 0x0000000086400000| Untracked 
|  71|0x0000000086500000, 0x0000000086500000, 0x0000000086600000|  0%| F|  |TAMS 0x0000000086500000, 0x0000000086500000| Untracked 
|  72|0x0000000086600000, 0x0000000086600000, 0x0000000086700000|  0%| F|  |TAMS 0x0000000086600000, 0x0000000086600000| Untracked 
|  73|0x0000000086700000, 0x0000000086700000, 0x0000000086800000|  0%| F|  |TAMS 0x0000000086700000, 0x0000000086700000| Untracked 
|  74|0x0000000086800000, 0x0000000086800000, 0x0000000086900000|  0%| F|  |TAMS 0x0000000086800000, 0x0000000086800000| Untracked 
|  75|0x0000000086900000, 0x0000000086900000, 0x0000000086a00000|  0%| F|  |TAMS 0x0000000086900000, 0x0000000086900000| Untracked 
|  76|0x0000000086a00000, 0x0000000086a00000, 0x0000000086b00000|  0%| F|  |TAMS 0x0000000086a00000, 0x0000000086a00000| Untracked 
|  77|0x0000000086b00000, 0x0000000086b00000, 0x0000000086c00000|  0%| F|  |TAMS 0x0000000086b00000, 0x0000000086b00000| Untracked 
|  78|0x0000000086c00000, 0x0000000086c00000, 0x0000000086d00000|  0%| F|  |TAMS 0x0000000086c00000, 0x0000000086c00000| Untracked 
|  79|0x0000000086d00000, 0x0000000086d00000, 0x0000000086e00000|  0%| F|  |TAMS 0x0000000086d00000, 0x0000000086d00000| Untracked 
|  80|0x0000000086e00000, 0x0000000086e00000, 0x0000000086f00000|  0%| F|  |TAMS 0x0000000086e00000, 0x0000000086e00000| Untracked 
|  81|0x0000000086f00000, 0x0000000086f00000, 0x0000000087000000|  0%| F|  |TAMS 0x0000000086f00000, 0x0000000086f00000| Untracked 
|  82|0x0000000087000000, 0x0000000087000000, 0x0000000087100000|  0%| F|  |TAMS 0x0000000087000000, 0x0000000087000000| Untracked 
|  83|0x0000000087100000, 0x0000000087100000, 0x0000000087200000|  0%| F|  |TAMS 0x0000000087100000, 0x0000000087100000| Untracked 
|  84|0x0000000087200000, 0x0000000087200000, 0x0000000087300000|  0%| F|  |TAMS 0x0000000087200000, 0x0000000087200000| Untracked 
|  85|0x0000000087300000, 0x0000000087300000, 0x0000000087400000|  0%| F|  |TAMS 0x0000000087300000, 0x0000000087300000| Untracked 
|  86|0x0000000087400000, 0x0000000087400000, 0x0000000087500000|  0%| F|  |TAMS 0x0000000087400000, 0x0000000087400000| Untracked 
|  87|0x0000000087500000, 0x0000000087500000, 0x0000000087600000|  0%| F|  |TAMS 0x0000000087500000, 0x0000000087500000| Untracked 
|  88|0x0000000087600000, 0x0000000087600000, 0x0000000087700000|  0%| F|  |TAMS 0x0000000087600000, 0x0000000087600000| Untracked 
|  89|0x0000000087700000, 0x0000000087700000, 0x0000000087800000|  0%| F|  |TAMS 0x0000000087700000, 0x0000000087700000| Untracked 
|  90|0x0000000087800000, 0x0000000087800000, 0x0000000087900000|  0%| F|  |TAMS 0x0000000087800000, 0x0000000087800000| Untracked 
|  91|0x0000000087900000, 0x0000000087900000, 0x0000000087a00000|  0%| F|  |TAMS 0x0000000087900000, 0x0000000087900000| Untracked 
|  92|0x0000000087a00000, 0x0000000087a00000, 0x0000000087b00000|  0%| F|  |TAMS 0x0000000087a00000, 0x0000000087a00000| Untracked 
|  93|0x0000000087b00000, 0x0000000087b00000, 0x0000000087c00000|  0%| F|  |TAMS 0x0000000087b00000, 0x0000000087b00000| Untracked 
|  94|0x0000000087c00000, 0x0000000087c00000, 0x0000000087d00000|  0%| F|  |TAMS 0x0000000087c00000, 0x0000000087c00000| Untracked 
|  95|0x0000000087d00000, 0x0000000087d00000, 0x0000000087e00000|  0%| F|  |TAMS 0x0000000087d00000, 0x0000000087d00000| Untracked 
|  96|0x0000000087e00000, 0x0000000087e00000, 0x0000000087f00000|  0%| F|  |TAMS 0x0000000087e00000, 0x0000000087e00000| Untracked 
|  97|0x0000000087f00000, 0x0000000087f00000, 0x0000000088000000|  0%| F|  |TAMS 0x0000000087f00000, 0x0000000087f00000| Untracked 
|  98|0x0000000088000000, 0x0000000088000000, 0x0000000088100000|  0%| F|  |TAMS 0x0000000088000000, 0x0000000088000000| Untracked 
|  99|0x0000000088100000, 0x0000000088100000, 0x0000000088200000|  0%| F|  |TAMS 0x0000000088100000, 0x0000000088100000| Untracked 
| 100|0x0000000088200000, 0x0000000088200000, 0x0000000088300000|  0%| F|  |TAMS 0x0000000088200000, 0x0000000088200000| Untracked 
| 101|0x0000000088300000, 0x0000000088300000, 0x0000000088400000|  0%| F|  |TAMS 0x0000000088300000, 0x0000000088300000| Untracked 
| 102|0x0000000088400000, 0x0000000088400000, 0x0000000088500000|  0%| F|  |TAMS 0x0000000088400000, 0x0000000088400000| Untracked 
| 103|0x0000000088500000, 0x0000000088500000, 0x0000000088600000|  0%| F|  |TAMS 0x0000000088500000, 0x0000000088500000| Untracked 
| 104|0x0000000088600000, 0x0000000088600000, 0x0000000088700000|  0%| F|  |TAMS 0x0000000088600000, 0x0000000088600000| Untracked 
| 105|0x0000000088700000, 0x0000000088700000, 0x0000000088800000|  0%| F|  |TAMS 0x0000000088700000, 0x0000000088700000| Untracked 
| 106|0x0000000088800000, 0x0000000088800000, 0x0000000088900000|  0%| F|  |TAMS 0x0000000088800000, 0x0000000088800000| Untracked 
| 107|0x0000000088900000, 0x0000000088969880, 0x0000000088a00000| 41%| S|CS|TAMS 0x0000000088900000, 0x0000000088900000| Complete 
| 108|0x0000000088a00000, 0x0000000088b00000, 0x0000000088b00000|100%| S|CS|TAMS 0x0000000088a00000, 0x0000000088a00000| Complete 
| 109|0x0000000088b00000, 0x0000000088c00000, 0x0000000088c00000|100%| S|CS|TAMS 0x0000000088b00000, 0x0000000088b00000| Complete 
| 110|0x0000000088c00000, 0x0000000088d00000, 0x0000000088d00000|100%| S|CS|TAMS 0x0000000088c00000, 0x0000000088c00000| Complete 
| 111|0x0000000088d00000, 0x0000000088d00000, 0x0000000088e00000|  0%| F|  |TAMS 0x0000000088d00000, 0x0000000088d00000| Untracked 
| 112|0x0000000088e00000, 0x0000000088e00000, 0x0000000088f00000|  0%| F|  |TAMS 0x0000000088e00000, 0x0000000088e00000| Untracked 
| 113|0x0000000088f00000, 0x0000000088f00000, 0x0000000089000000|  0%| F|  |TAMS 0x0000000088f00000, 0x0000000088f00000| Untracked 
| 114|0x0000000089000000, 0x0000000089000000, 0x0000000089100000|  0%| F|  |TAMS 0x0000000089000000, 0x0000000089000000| Untracked 
| 115|0x0000000089100000, 0x0000000089100000, 0x0000000089200000|  0%| F|  |TAMS 0x0000000089100000, 0x0000000089100000| Untracked 
| 116|0x0000000089200000, 0x0000000089200000, 0x0000000089300000|  0%| F|  |TAMS 0x0000000089200000, 0x0000000089200000| Untracked 
| 117|0x0000000089300000, 0x0000000089300000, 0x0000000089400000|  0%| F|  |TAMS 0x0000000089300000, 0x0000000089300000| Untracked 
| 118|0x0000000089400000, 0x0000000089400000, 0x0000000089500000|  0%| F|  |TAMS 0x0000000089400000, 0x0000000089400000| Untracked 
| 119|0x0000000089500000, 0x0000000089500000, 0x0000000089600000|  0%| F|  |TAMS 0x0000000089500000, 0x0000000089500000| Untracked 
| 120|0x0000000089600000, 0x0000000089600000, 0x0000000089700000|  0%| F|  |TAMS 0x0000000089600000, 0x0000000089600000| Untracked 
| 121|0x0000000089700000, 0x0000000089700000, 0x0000000089800000|  0%| F|  |TAMS 0x0000000089700000, 0x0000000089700000| Untracked 
| 122|0x0000000089800000, 0x0000000089800000, 0x0000000089900000|  0%| F|  |TAMS 0x0000000089800000, 0x0000000089800000| Untracked 
| 123|0x0000000089900000, 0x0000000089900000, 0x0000000089a00000|  0%| F|  |TAMS 0x0000000089900000, 0x0000000089900000| Untracked 
| 124|0x0000000089a00000, 0x0000000089a00000, 0x0000000089b00000|  0%| F|  |TAMS 0x0000000089a00000, 0x0000000089a00000| Untracked 
| 125|0x0000000089b00000, 0x0000000089b00000, 0x0000000089c00000|  0%| F|  |TAMS 0x0000000089b00000, 0x0000000089b00000| Untracked 
| 126|0x0000000089c00000, 0x0000000089c00000, 0x0000000089d00000|  0%| F|  |TAMS 0x0000000089c00000, 0x0000000089c00000| Untracked 
| 127|0x0000000089d00000, 0x0000000089d00000, 0x0000000089e00000|  0%| F|  |TAMS 0x0000000089d00000, 0x0000000089d00000| Untracked 

Card table byte_map: [0x000002852a980000,0x000002852ad80000] _byte_map_base: 0x000002852a571000

Marking Bits (Prev, Next): (CMBitMap*) 0x00000285127ea740, (CMBitMap*) 0x00000285127ea708
 Prev Bits: [0x000002852d110000, 0x000002852f098000)
 Next Bits: [0x000002852b180000, 0x000002852d108000)

Polling page: 0x0000028510eb0000

Metaspace:

Usage:
  Non-class:     19.99 MB capacity,    19.68 MB ( 98%) used,   264.99 KB (  1%) free+waste,    60.13 KB ( <1%) overhead. 
      Class:      2.88 MB capacity,     2.64 MB ( 92%) used,   210.05 KB (  7%) free+waste,    29.63 KB (  1%) overhead. 
       Both:     22.87 MB capacity,    22.32 MB ( 98%) used,   475.05 KB (  2%) free+waste,    89.75 KB ( <1%) overhead. 

Virtual space:
  Non-class space:       34.00 MB reserved,      20.00 MB ( 59%) committed 
      Class space:        1.00 GB reserved,       2.92 MB ( <1%) committed 
             Both:        1.03 GB reserved,      22.92 MB (  2%) committed 

Chunk freelists:
   Non-Class:  6.00 KB
       Class:  0 bytes
        Both:  6.00 KB

MaxMetaspaceSize: 17179869184.00 GB
CompressedClassSpaceSize: 1.00 GB

CodeHeap 'non-profiled nmethods': size=120064Kb used=724Kb max_used=724Kb free=119339Kb
 bounds [0x0000028522a10000, 0x0000028522c80000, 0x0000028529f50000]
CodeHeap 'profiled nmethods': size=120000Kb used=3486Kb max_used=3486Kb free=116513Kb
 bounds [0x000002851b4e0000, 0x000002851b850000, 0x0000028522a10000]
CodeHeap 'non-nmethods': size=5696Kb used=1116Kb max_used=1136Kb free=4579Kb
 bounds [0x000002851af50000, 0x000002851b1c0000, 0x000002851b4e0000]
 total_blobs=2316 nmethods=1883 adapters=344
 compilation: enabled
              stopped_count=0, restarted_count=0
 full_count=0

Compilation events (20 events):
Event: 1.362 Thread 0x0000028531f42000 1818       3       java.util.LinkedHashMap$LinkedValueIterator::next (8 bytes)
Event: 1.362 Thread 0x0000028531f42000 nmethod 1818 0x000002851b7ebc10 code [0x000002851b7ebdc0, 0x000002851b7ebee8]
Event: 1.362 Thread 0x0000028531ee9800 1819       4       java.util.Objects::equals (23 bytes)
Event: 1.363 Thread 0x0000028531f42000 1820       3       java.lang.invoke.MethodHandles$Lookup::lookupModes (8 bytes)
Event: 1.363 Thread 0x0000028531f42000 nmethod 1820 0x000002851b7ebf90 code [0x000002851b7ec140, 0x000002851b7ec238]
Event: 1.363 Thread 0x0000028531f42000 1821   !   3       jdk.internal.reflect.ReflectionFactory::checkInitted (94 bytes)
Event: 1.363 Thread 0x0000028531ee9800 nmethod 1819 0x0000028522ab8a90 code [0x0000028522ab8c20, 0x0000028522ab8cb8]
Event: 1.364 Thread 0x0000028531f42000 nmethod 1821 0x000002851b7ec310 code [0x000002851b7ec5e0, 0x000002851b7ed238]
Event: 1.364 Thread 0x0000028531f42000 1822       3       java.lang.reflect.ReflectAccess::getRoot (5 bytes)
Event: 1.364 Thread 0x0000028531f42000 nmethod 1822 0x000002851b7ed590 code [0x000002851b7ed740, 0x000002851b7ed908]
Event: 1.364 Thread 0x0000028531f42000 1823       1       java.lang.reflect.Method::getRoot (5 bytes)
Event: 1.364 Thread 0x0000028531f42000 nmethod 1823 0x0000028522ab8d90 code [0x0000028522ab8f40, 0x0000028522ab8ff8]
Event: 1.366 Thread 0x0000028531f42000 1824       3       jdk.internal.org.objectweb.asm.ClassWriter::visitField (16 bytes)
Event: 1.366 Thread 0x0000028531f42000 nmethod 1824 0x000002851b7eda10 code [0x000002851b7edbc0, 0x000002851b7edd88]
Event: 1.366 Thread 0x0000028531f42000 1825       3       jdk.internal.org.objectweb.asm.FieldWriter::<init> (97 bytes)
Event: 1.366 Thread 0x0000028531f42000 nmethod 1825 0x000002851b7ede90 code [0x000002851b7ee0c0, 0x000002851b7ee648]
Event: 1.368 Thread 0x0000028531f42000 1826       3       java.lang.Class::getTypeParameters (19 bytes)
Event: 1.373 Thread 0x0000028531f42000 nmethod 1826 0x000002851b7ee890 code [0x000002851b7eea80, 0x000002851b7ef008]
Event: 1.373 Thread 0x0000028531f42000 1827       3       sun.reflect.generics.reflectiveObjects.TypeVariableImpl::hashCode (16 bytes)
Event: 1.374 Thread 0x0000028531f42000 nmethod 1827 0x000002851b7ef190 code [0x000002851b7ef360, 0x000002851b7ef578]

GC Heap History (8 events):
Event: 0.471 GC heap before
{Heap before GC invocations=0 (full 0):
 garbage-first heap   total 131072K, used 14336K [0x0000000081e00000, 0x0000000100000000)
  region size 1024K, 14 young (14336K), 0 survivors (0K)
 Metaspace       used 9254K, capacity 9495K, committed 9728K, reserved 1058816K
  class space    used 847K, capacity 909K, committed 1024K, reserved 1048576K
}
Event: 0.475 GC heap after
{Heap after GC invocations=1 (full 0):
 garbage-first heap   total 131072K, used 6263K [0x0000000081e00000, 0x0000000100000000)
  region size 1024K, 2 young (2048K), 2 survivors (2048K)
 Metaspace       used 9254K, capacity 9495K, committed 9728K, reserved 1058816K
  class space    used 847K, capacity 909K, committed 1024K, reserved 1048576K
}
Event: 0.628 GC heap before
{Heap before GC invocations=1 (full 0):
 garbage-first heap   total 131072K, used 17527K [0x0000000081e00000, 0x0000000100000000)
  region size 1024K, 14 young (14336K), 2 survivors (2048K)
 Metaspace       used 11184K, capacity 11412K, committed 11648K, reserved 1060864K
  class space    used 1088K, capacity 1146K, committed 1152K, reserved 1048576K
}
Event: 0.630 GC heap after
{Heap after GC invocations=2 (full 0):
 garbage-first heap   total 131072K, used 6779K [0x0000000081e00000, 0x0000000100000000)
  region size 1024K, 1 young (1024K), 1 survivors (1024K)
 Metaspace       used 11184K, capacity 11412K, committed 11648K, reserved 1060864K
  class space    used 1088K, capacity 1146K, committed 1152K, reserved 1048576K
}
Event: 0.643 GC heap before
{Heap before GC invocations=2 (full 0):
 garbage-first heap   total 131072K, used 30331K [0x0000000081e00000, 0x0000000100000000)
  region size 1024K, 25 young (25600K), 1 survivors (1024K)
 Metaspace       used 11184K, capacity 11412K, committed 11648K, reserved 1060864K
  class space    used 1088K, capacity 1146K, committed 1152K, reserved 1048576K
}
Event: 0.644 GC heap after
{Heap after GC invocations=3 (full 0):
 garbage-first heap   total 131072K, used 6791K [0x0000000081e00000, 0x0000000100000000)
  region size 1024K, 1 young (1024K), 1 survivors (1024K)
 Metaspace       used 11184K, capacity 11412K, committed 11648K, reserved 1060864K
  class space    used 1088K, capacity 1146K, committed 1152K, reserved 1048576K
}
Event: 1.369 GC heap before
{Heap before GC invocations=3 (full 0):
 garbage-first heap   total 131072K, used 64135K [0x0000000081e00000, 0x0000000100000000)
  region size 1024K, 59 young (60416K), 1 survivors (1024K)
 Metaspace       used 20715K, capacity 21239K, committed 21296K, reserved 1069056K
  class space    used 2348K, capacity 2562K, committed 2608K, reserved 1048576K
}
Event: 1.373 GC heap after
{Heap after GC invocations=4 (full 0):
 garbage-first heap   total 131072K, used 9056K [0x0000000081e00000, 0x0000000100000000)
  region size 1024K, 3 young (3072K), 3 survivors (3072K)
 Metaspace       used 20715K, capacity 21239K, committed 21296K, reserved 1069056K
  class space    used 2348K, capacity 2562K, committed 2608K, reserved 1048576K
}

Deoptimization events (20 events):
Event: 1.248 Thread 0x00000285333ed000 DEOPT PACKING pc=0x000002851b79c930 sp=0x000000adeeafdab0
Event: 1.248 Thread 0x00000285333ed000 DEOPT UNPACKING pc=0x000002851af772ce sp=0x000000adeeafcfc8 mode 0
Event: 1.265 Thread 0x00000285333ed000 DEOPT PACKING pc=0x000002851b79c930 sp=0x000000adeeafdb80
Event: 1.265 Thread 0x00000285333ed000 DEOPT UNPACKING pc=0x000002851af772ce sp=0x000000adeeafd098 mode 0
Event: 1.274 Thread 0x00000285333ed000 Uncommon trap: trap_request=0xffffff4d fr.pc=0x0000028522a7d384 relative=0x00000000000001a4
Event: 1.274 Thread 0x00000285333ed000 Uncommon trap: reason=unstable_if action=reinterpret pc=0x0000028522a7d384 method=java.util.concurrent.ConcurrentHashMap.addCount(JI)V @ 168 c2
Event: 1.274 Thread 0x00000285333ed000 DEOPT PACKING pc=0x0000028522a7d384 sp=0x000000adeeafd9b0
Event: 1.274 Thread 0x00000285333ed000 DEOPT UNPACKING pc=0x000002851af774af sp=0x000000adeeafd8f0 mode 2
Event: 1.277 Thread 0x0000028532e7e800 Uncommon trap: trap_request=0xffffff4d fr.pc=0x0000028522a7caf4 relative=0x00000000000001b4
Event: 1.277 Thread 0x0000028532e7e800 Uncommon trap: reason=unstable_if action=reinterpret pc=0x0000028522a7caf4 method=java.util.HashMap.getNode(ILjava/lang/Object;)Ljava/util/HashMap$Node; @ 129 c2
Event: 1.277 Thread 0x0000028532e7e800 DEOPT PACKING pc=0x0000028522a7caf4 sp=0x000000adee9fb600
Event: 1.277 Thread 0x0000028532e7e800 DEOPT UNPACKING pc=0x000002851af774af sp=0x000000adee9fb500 mode 2
Event: 1.277 Thread 0x0000028532e7e800 Uncommon trap: trap_request=0xffffff4d fr.pc=0x0000028522a59330 relative=0x00000000000001f0
Event: 1.277 Thread 0x0000028532e7e800 Uncommon trap: reason=unstable_if action=reinterpret pc=0x0000028522a59330 method=java.util.HashMap.getNode(ILjava/lang/Object;)Ljava/util/HashMap$Node; @ 129 c2
Event: 1.277 Thread 0x0000028532e7e800 DEOPT PACKING pc=0x0000028522a59330 sp=0x000000adee9fb560
Event: 1.277 Thread 0x0000028532e7e800 DEOPT UNPACKING pc=0x000002851af774af sp=0x000000adee9fb4e8 mode 2
Event: 1.299 Thread 0x0000028532e7e800 Uncommon trap: trap_request=0xffffff4d fr.pc=0x0000028522a75a20 relative=0x0000000000000c00
Event: 1.299 Thread 0x0000028532e7e800 Uncommon trap: reason=unstable_if action=reinterpret pc=0x0000028522a75a20 method=java.util.HashMap.hash(Ljava/lang/Object;)I @ 1 c2
Event: 1.299 Thread 0x0000028532e7e800 DEOPT PACKING pc=0x0000028522a75a20 sp=0x000000adee9fcfc0
Event: 1.299 Thread 0x0000028532e7e800 DEOPT UNPACKING pc=0x000002851af774af sp=0x000000adee9fcf38 mode 2

Classes redefined (0 events):
No events

Internal exceptions (20 events):
Event: 0.898 Thread 0x0000028532e7e800 Exception <a 'java/lang/NoSuchMethodError'{0x00000000886c4418}: 'void java.lang.invoke.DirectMethodHandle$Holder.invokeSpecial(java.lang.Object, java.lang.Object, java.lang.Object, java.lang.Object)'> (0x00000000886c4418) thrown at [./src/hotspot/share/interpreter/linkResolver.cpp, line 773]
Event: 0.925 Thread 0x0000028532e7e800 Exception <a 'java/lang/NoSuchMethodError'{0x00000000883d4700}: 'java.lang.Object java.lang.invoke.Invokers$Holder.linkToTargetMethod(java.lang.Object, java.lang.Object, java.lang.Object, java.lang.Object, java.lang.Object, java.lang.Object)'> (0x00000000883d4700) thrown at [./src/hotspot/share/interpreter/linkResolver.cpp, line 773]
Event: 0.940 Thread 0x0000028532e7e800 Exception <a 'java/lang/NoSuchMethodError'{0x00000000882b25f8}: 'java.lang.Object java.lang.invoke.DirectMethodHandle$Holder.invokeSpecial(java.lang.Object, java.lang.Object, java.lang.Object, java.lang.Object, java.lang.Object, java.lang.Object, int)'> (0x00000000882b25f8) thrown at [./src/hotspot/share/interpreter/linkResolver.cpp, line 773]
Event: 0.941 Thread 0x0000028532e7e800 Exception <a 'java/lang/NoSuchMethodError'{0x00000000882bf648}: 'java.lang.Object java.lang.invoke.DirectMethodHandle$Holder.invokeSpecial(java.lang.Object, java.lang.Object, java.lang.Object, java.lang.Object, java.lang.Object, java.lang.Object, java.lang.Object, int)'> (0x00000000882bf648) thrown at [./src/hotspot/share/interpreter/linkResolver.cpp, line 773]
Event: 0.941 Thread 0x0000028532e7e800 Exception <a 'java/lang/NoSuchMethodError'{0x00000000882c34f0}: 'java.lang.Object java.lang.invoke.Invokers$Holder.linkToTargetMethod(java.lang.Object, java.lang.Object, java.lang.Object, java.lang.Object, java.lang.Object, int, java.lang.Object)'> (0x00000000882c34f0) thrown at [./src/hotspot/share/interpreter/linkResolver.cpp, line 773]
Event: 0.971 Thread 0x0000028532e7e800 Exception <a 'java/lang/NoSuchMethodError'{0x000000008808a710}: 'int java.lang.invoke.DirectMethodHandle$Holder.invokeInterface(java.lang.Object, java.lang.Object)'> (0x000000008808a710) thrown at [./src/hotspot/share/interpreter/linkResolver.cpp, line 773]
Event: 0.989 Thread 0x0000028532e7e800 Exception <a 'java/lang/NoSuchMethodError'{0x0000000087f50ff8}: 'int java.lang.invoke.DirectMethodHandle$Holder.invokeVirtual(java.lang.Object, java.lang.Object)'> (0x0000000087f50ff8) thrown at [./src/hotspot/share/interpreter/linkResolver.cpp, line 773]
Event: 1.006 Thread 0x0000028532e7e800 Exception <a 'java/lang/NoSuchMethodError'{0x0000000087e1e9a0}: 'java.lang.Object java.lang.invoke.DirectMethodHandle$Holder.invokeStatic(java.lang.Object, java.lang.Object, java.lang.Object, int, java.lang.Object)'> (0x0000000087e1e9a0) thrown at [./src/hotspot/share/interpreter/linkResolver.cpp, line 773]
Event: 1.006 Thread 0x0000028532e7e800 Exception <a 'java/lang/NoSuchMethodError'{0x0000000087e253a8}: 'java.lang.Object java.lang.invoke.Invokers$Holder.linkToTargetMethod(java.lang.Object, java.lang.Object, int, java.lang.Object, java.lang.Object)'> (0x0000000087e253a8) thrown at [./src/hotspot/share/interpreter/linkResolver.cpp, line 773]
Event: 1.008 Thread 0x0000028532e7e800 Exception <a 'java/lang/NoSuchMethodError'{0x0000000087e31b30}: 'int java.lang.invoke.DirectMethodHandle$Holder.invokeStatic(java.lang.Object, int, java.lang.Object, java.lang.Object)'> (0x0000000087e31b30) thrown at [./src/hotspot/share/interpreter/linkResolver.cpp, line 773]
Event: 1.008 Thread 0x0000028532e7e800 Exception <a 'java/lang/NoSuchMethodError'{0x0000000087e38c40}: 'java.lang.Object java.lang.invoke.DirectMethodHandle$Holder.invokeStatic(java.lang.Object, int, java.lang.Object)'> (0x0000000087e38c40) thrown at [./src/hotspot/share/interpreter/linkResolver.cpp, line 773]
Event: 1.008 Thread 0x0000028532e7e800 Exception <a 'java/lang/NoSuchMethodError'{0x0000000087e3cff0}: 'int java.lang.invoke.DirectMethodHandle$Holder.invokeSpecialIFC(java.lang.Object, java.lang.Object, java.lang.Object, java.lang.Object)'> (0x0000000087e3cff0) thrown at [./src/hotspot/share/interpreter/linkResolver.cpp, line 773]
Event: 1.047 Thread 0x0000028532e7e800 Exception <a 'java/lang/NoSuchMethodError'{0x0000000087c0ab18}: 'void java.lang.invoke.DelegatingMethodHandle$Holder.delegate(java.lang.Object, java.lang.Object, int, java.lang.Object)'> (0x0000000087c0ab18) thrown at [./src/hotspot/share/interpreter/linkResolver.cpp, line 773]
Event: 1.058 Thread 0x0000028532e7e800 Exception <a 'java/lang/NoSuchMethodError'{0x0000000087c89420}: 'void java.lang.invoke.DirectMethodHandle$Holder.invokeStaticInit(java.lang.Object, java.lang.Object)'> (0x0000000087c89420) thrown at [./src/hotspot/share/interpreter/linkResolver.cpp, line 773]
Event: 1.060 Thread 0x0000028532e7e800 Exception <a 'java/lang/NoSuchMethodError'{0x0000000087c9b2f8}: 'void java.lang.invoke.DirectMethodHandle$Holder.invokeStaticInit(java.lang.Object, java.lang.Object, java.lang.Object)'> (0x0000000087c9b2f8) thrown at [./src/hotspot/share/interpreter/linkResolver.cpp, line 773]
Event: 1.104 Thread 0x0000028532e7e800 Exception <a 'java/lang/NoSuchMethodError'{0x0000000087b73a38}: 'void java.lang.invoke.DirectMethodHandle$Holder.invokeVirtual(java.lang.Object, java.lang.Object, java.lang.Object, java.lang.Object)'> (0x0000000087b73a38) thrown at [./src/hotspot/share/interpreter/linkResolver.cpp, line 773]
Event: 1.142 Thread 0x0000028532e7e800 Exception <a 'java/lang/NoSuchMethodError'{0x0000000087ae7610}: 'void java.lang.invoke.DirectMethodHandle$Holder.invokeSpecial(java.lang.Object, java.lang.Object, java.lang.Object, java.lang.Object, java.lang.Object)'> (0x0000000087ae7610) thrown at [./src/hotspot/share/interpreter/linkResolver.cpp, line 773]
Event: 1.172 Thread 0x0000028532e7e800 Exception <a 'java/lang/NoSuchMethodError'{0x00000000877d3368}: 'int java.lang.invoke.DirectMethodHandle$Holder.invokeSpecialIFC(java.lang.Object, java.lang.Object, int)'> (0x00000000877d3368) thrown at [./src/hotspot/share/interpreter/linkResolver.cpp, line 773]
Event: 1.256 Thread 0x0000028532e7e800 Exception <a 'java/lang/NoSuchMethodError'{0x0000000086fed968}: 'org.slf4j.impl.StaticMDCBinder org.slf4j.impl.StaticMDCBinder.getSingleton()'> (0x0000000086fed968) thrown at [./src/hotspot/share/interpreter/linkResolver.cpp, line 773]
Event: 1.299 Thread 0x0000028532e7e800 Implicit null exception at 0x0000028522a74e5e to 0x0000028522a75a04

Events (20 events):
Event: 1.368 loading class org/springframework/beans/AbstractNestablePropertyAccessor
Event: 1.368 loading class org/springframework/beans/AbstractNestablePropertyAccessor done
Event: 1.368 loading class java/time/chrono/HijrahDate
Event: 1.368 loading class java/time/chrono/ChronoLocalDateImpl
Event: 1.368 loading class java/time/chrono/ChronoLocalDateImpl done
Event: 1.368 loading class java/time/chrono/HijrahDate done
Event: 1.368 loading class java/time/chrono/JapaneseDate
Event: 1.369 loading class org/springframework/beans/AbstractPropertyAccessor
Event: 1.369 loading class org/springframework/beans/AbstractPropertyAccessor done
Event: 1.369 Executing VM operation: CollectForMetadataAllocation
Event: 1.373 Executing VM operation: CollectForMetadataAllocation done
Event: 1.373 Executing VM operation: RevokeBias
Event: 1.373 loading class java/time/chrono/JapaneseDate done
Event: 1.374 Executing VM operation: RevokeBias done
Event: 1.374 Executing VM operation: RevokeBias
Event: 1.374 Executing coalesced safepoint VM operation: BulkRevokeBias
Event: 1.374 Executing coalesced safepoint VM operation: BulkRevokeBias done
Event: 1.374 Executing VM operation: RevokeBias done
Event: 1.374 Executing VM operation: RevokeBias
Event: 1.374 Executing VM operation: RevokeBias done


Dynamic libraries:
0x00007ff6d58e0000 - 0x00007ff6d58ed000 	C:\Program Files\AdoptOpenJDK\jdk-11.0.9.101-hotspot\bin\javaw.exe
0x00007ffebcad0000 - 0x00007ffebccc6000 	C:\WINDOWS\SYSTEM32\ntdll.dll
0x00007ffebb7b0000 - 0x00007ffebb86d000 	C:\WINDOWS\System32\KERNEL32.DLL
0x00007ffeba460000 - 0x00007ffeba729000 	C:\WINDOWS\System32\KERNELBASE.dll
0x00007ffeba2c0000 - 0x00007ffeba3c0000 	C:\WINDOWS\System32\ucrtbase.dll
0x00007ffeb3fb0000 - 0x00007ffeb3fc7000 	C:\Program Files\AdoptOpenJDK\jdk-11.0.9.101-hotspot\bin\jli.dll
0x00007ffe8cd90000 - 0x00007ffe8cda5000 	C:\Program Files\AdoptOpenJDK\jdk-11.0.9.101-hotspot\bin\VCRUNTIME140.dll
0x00007ffebc810000 - 0x00007ffebc9b0000 	C:\WINDOWS\System32\USER32.dll
0x00007ffeba290000 - 0x00007ffeba2b2000 	C:\WINDOWS\System32\win32u.dll
0x00007ffebb380000 - 0x00007ffebb3aa000 	C:\WINDOWS\System32\GDI32.dll
0x00007ffea6cb0000 - 0x00007ffea6f4b000 	C:\WINDOWS\WinSxS\amd64_microsoft.windows.common-controls_6595b64144ccf1df_6.0.19041.488_none_ca04af081b815d21\COMCTL32.dll
0x00007ffebaa20000 - 0x00007ffebab29000 	C:\WINDOWS\System32\gdi32full.dll
0x00007ffebb910000 - 0x00007ffebb9ae000 	C:\WINDOWS\System32\msvcrt.dll
0x00007ffeba3c0000 - 0x00007ffeba45d000 	C:\WINDOWS\System32\msvcp_win.dll
0x00007ffebb5a0000 - 0x00007ffebb5d0000 	C:\WINDOWS\System32\IMM32.DLL
0x00007ffe86d30000 - 0x00007ffe86dd4000 	C:\Program Files\McAfee\Endpoint Security\Threat Prevention\Ips\EpMPApi.dll
0x00007ffebab30000 - 0x00007ffebac5b000 	C:\WINDOWS\System32\RPCRT4.dll
0x00007ffebb680000 - 0x00007ffebb72c000 	C:\WINDOWS\System32\ADVAPI32.dll
0x00007ffebb870000 - 0x00007ffebb90c000 	C:\WINDOWS\System32\sechost.dll
0x00007ffeba970000 - 0x00007ffeba9d0000 	C:\WINDOWS\System32\WINTRUST.dll
0x00007ffeba730000 - 0x00007ffeba88d000 	C:\WINDOWS\System32\CRYPT32.dll
0x00007ffeb9e60000 - 0x00007ffeb9e72000 	C:\WINDOWS\SYSTEM32\MSASN1.dll
0x0000000071f00000 - 0x0000000071f0c000 	C:\Program Files\McAfee\Endpoint Security\Threat Prevention\Ips\EpMPThe.dll
0x00007ffe8a390000 - 0x00007ffe8a42b000 	C:\Program Files\AdoptOpenJDK\jdk-11.0.9.101-hotspot\bin\msvcp140.dll
0x00007ffe616a0000 - 0x00007ffe621e3000 	C:\Program Files\AdoptOpenJDK\jdk-11.0.9.101-hotspot\bin\server\jvm.dll
0x00007ffebc4c0000 - 0x00007ffebc4c8000 	C:\WINDOWS\System32\PSAPI.DLL
0x00007ffea2150000 - 0x00007ffea2159000 	C:\WINDOWS\SYSTEM32\WSOCK32.dll
0x00007ffebb3b0000 - 0x00007ffebb41b000 	C:\WINDOWS\System32\WS2_32.dll
0x00007ffeaf1d0000 - 0x00007ffeaf1da000 	C:\WINDOWS\SYSTEM32\VERSION.dll
0x00007ffea64d0000 - 0x00007ffea64f7000 	C:\WINDOWS\SYSTEM32\WINMM.dll
0x00007ffeb8d80000 - 0x00007ffeb8d92000 	C:\WINDOWS\SYSTEM32\kernel.appcore.dll
0x00007ffeb5c70000 - 0x00007ffeb5c80000 	C:\Program Files\AdoptOpenJDK\jdk-11.0.9.101-hotspot\bin\verify.dll
0x00007ffea1dc0000 - 0x00007ffea1fa4000 	C:\WINDOWS\SYSTEM32\DBGHELP.DLL
0x00007ffea1d90000 - 0x00007ffea1dbc000 	C:\WINDOWS\SYSTEM32\dbgcore.DLL
0x00007ffeba210000 - 0x00007ffeba290000 	C:\WINDOWS\System32\bcryptPrimitives.dll
0x00007ffe98db0000 - 0x00007ffe98dd8000 	C:\Program Files\AdoptOpenJDK\jdk-11.0.9.101-hotspot\bin\java.dll
0x00007ffeb4400000 - 0x00007ffeb440a000 	C:\Program Files\AdoptOpenJDK\jdk-11.0.9.101-hotspot\bin\jimage.dll
0x00007ffeb3e60000 - 0x00007ffeb3e77000 	C:\Program Files\AdoptOpenJDK\jdk-11.0.9.101-hotspot\bin\zip.dll
0x00007ffebb9b0000 - 0x00007ffebc0f2000 	C:\WINDOWS\System32\SHELL32.dll
0x00007ffeb8250000 - 0x00007ffeb89e5000 	C:\WINDOWS\SYSTEM32\windows.storage.dll
0x00007ffebc160000 - 0x00007ffebc4b6000 	C:\WINDOWS\System32\combase.dll
0x00007ffeb9ae0000 - 0x00007ffeb9b0c000 	C:\WINDOWS\SYSTEM32\Wldp.dll
0x00007ffebad80000 - 0x00007ffebae2e000 	C:\WINDOWS\System32\SHCORE.dll
0x00007ffebc7b0000 - 0x00007ffebc805000 	C:\WINDOWS\System32\shlwapi.dll
0x00007ffeba140000 - 0x00007ffeba166000 	C:\WINDOWS\SYSTEM32\profapi.dll
0x00007ffeae580000 - 0x00007ffeae599000 	C:\Program Files\AdoptOpenJDK\jdk-11.0.9.101-hotspot\bin\net.dll
0x00007ffeb02c0000 - 0x00007ffeb03c0000 	C:\WINDOWS\SYSTEM32\WINHTTP.dll
0x00007ffeb98d0000 - 0x00007ffeb993a000 	C:\WINDOWS\system32\mswsock.dll
0x00007ffeab0b0000 - 0x00007ffeab0c2000 	C:\Program Files\AdoptOpenJDK\jdk-11.0.9.101-hotspot\bin\nio.dll
0x00007ffeb2de0000 - 0x00007ffeb2de9000 	C:\Program Files\AdoptOpenJDK\jdk-11.0.9.101-hotspot\bin\management.dll
0x00007ffeb1f30000 - 0x00007ffeb1f3b000 	C:\Program Files\AdoptOpenJDK\jdk-11.0.9.101-hotspot\bin\management_ext.dll
0x00007ffeaeb70000 - 0x00007ffeaeb87000 	C:\WINDOWS\system32\napinsp.dll
0x00007ffeaeb90000 - 0x00007ffeaebab000 	C:\WINDOWS\system32\pnrpnsp.dll
0x00007ffeb55c0000 - 0x00007ffeb55d5000 	C:\WINDOWS\system32\wshbth.dll
0x00007ffeb5c10000 - 0x00007ffeb5c2d000 	C:\WINDOWS\system32\NLAapi.dll
0x00007ffeb95e0000 - 0x00007ffeb961b000 	C:\WINDOWS\SYSTEM32\IPHLPAPI.DLL
0x00007ffeb9620000 - 0x00007ffeb96eb000 	C:\WINDOWS\SYSTEM32\DNSAPI.dll
0x00007ffebb660000 - 0x00007ffebb668000 	C:\WINDOWS\System32\NSI.dll
0x00007ffeaebe0000 - 0x00007ffeaebf2000 	C:\WINDOWS\System32\winrnr.dll
0x00007ffeb1f50000 - 0x00007ffeb1f5a000 	C:\Windows\System32\rasadhlp.dll
0x00007ffeb4880000 - 0x00007ffeb48ff000 	C:\WINDOWS\System32\fwpuclnt.dll
0x00007ffeba890000 - 0x00007ffeba8b7000 	C:\WINDOWS\System32\bcrypt.dll

dbghelp: loaded successfully - version: 4.0.5 - missing functions: none
symbol engine: initialized successfully - sym options: 0x614 - pdb path: .;C:\Program Files\AdoptOpenJDK\jdk-11.0.9.101-hotspot\bin;C:\WINDOWS\SYSTEM32;C:\WINDOWS\WinSxS\amd64_microsoft.windows.common-controls_6595b64144ccf1df_6.0.19041.488_none_ca04af081b815d21;C:\Program Files\McAfee\Endpoint Security\Threat Prevention\Ips;C:\Program Files\AdoptOpenJDK\jdk-11.0.9.101-hotspot\bin\server

VM Arguments:
jvm_args: -Dfile.encoding=UTF-8 
java_command: br.desafio.livraria.LivrariaApplication
java_class_path (initial): C:\Users\h013026\OneDrive - Default Directory\Worspace_Desafio_Bootcamp_Java_Alura\livraria\target\classes;C:\Users\h013026\.m2\repository\org\springframework\boot\spring-boot-starter-web\2.5.4\spring-boot-starter-web-2.5.4.jar;C:\Users\h013026\.m2\repository\org\springframework\boot\spring-boot-starter\2.5.4\spring-boot-starter-2.5.4.jar;C:\Users\h013026\.m2\repository\org\springframework\boot\spring-boot-starter-logging\2.5.4\spring-boot-starter-logging-2.5.4.jar;C:\Users\h013026\.m2\repository\ch\qos\logback\logback-classic\1.2.5\logback-classic-1.2.5.jar;C:\Users\h013026\.m2\repository\ch\qos\logback\logback-core\1.2.5\logback-core-1.2.5.jar;C:\Users\h013026\.m2\repository\org\apache\logging\log4j\log4j-to-slf4j\2.14.1\log4j-to-slf4j-2.14.1.jar;C:\Users\h013026\.m2\repository\org\apache\logging\log4j\log4j-api\2.14.1\log4j-api-2.14.1.jar;C:\Users\h013026\.m2\repository\org\slf4j\jul-to-slf4j\1.7.32\jul-to-slf4j-1.7.32.jar;C:\Users\h013026\.m2\repository\jakarta\annotation\jakarta.annotation-api\1.3.5\jakarta.annotation-api-1.3.5.jar;C:\Users\h013026\.m2\repository\org\yaml\snakeyaml\1.28\snakeyaml-1.28.jar;C:\Users\h013026\.m2\repository\org\springframework\boot\spring-boot-starter-json\2.5.4\spring-boot-starter-json-2.5.4.jar;C:\Users\h013026\.m2\repository\com\fasterxml\jackson\core\jackson-databind\2.12.4\jackson-databind-2.12.4.jar;C:\Users\h013026\.m2\repository\com\fasterxml\jackson\core\jackson-annotations\2.12.4\jackson-annotations-2.12.4.jar;C:\Users\h013026\.m2\repository\com\fasterxml\jackson\core\jackson-core\2.12.4\jackson-core-2.12.4.jar;C:\Users\h013026\.m2\repository\com\fasterxml\jackson\datatype\jackson-datatype-jdk8\2.12.4\jackson-datatype-jdk8-2.12.4.jar;C:\Users\h013026\.m2\repository\com\fasterxml\jackson\datatype\jackson-datatype-jsr310\2.12.4\jackson-datatype-jsr310-2.12.4.jar;C:\Users\h013026\.m2\repository\com\fasterxml\jackson\module\jackson-module-parameter-names\2.12.4\jackson-module-parameter-names-2.12.
Launcher Type: SUN_STANDARD

[Global flags]
     intx CICompilerCount                          = 3                                         {product} {ergonomic}
     uint ConcGCThreads                            = 1                                         {product} {ergonomic}
     uint G1ConcRefinementThreads                  = 4                                         {product} {ergonomic}
   size_t G1HeapRegionSize                         = 1048576                                   {product} {ergonomic}
    uintx GCDrainStackTargetSize                   = 64                                        {product} {ergonomic}
   size_t InitialHeapSize                          = 134217728                                 {product} {ergonomic}
   size_t MarkStackSize                            = 4194304                                   {product} {ergonomic}
   size_t MaxHeapSize                              = 2116026368                                {product} {ergonomic}
   size_t MaxNewSize                               = 1268776960                                {product} {ergonomic}
   size_t MinHeapDeltaBytes                        = 1048576                                   {product} {ergonomic}
    uintx NonNMethodCodeHeapSize                   = 5830732                                {pd product} {ergonomic}
    uintx NonProfiledCodeHeapSize                  = 122913754                              {pd product} {ergonomic}
    uintx ProfiledCodeHeapSize                     = 122913754                              {pd product} {ergonomic}
    uintx ReservedCodeCacheSize                    = 251658240                              {pd product} {ergonomic}
     bool SegmentedCodeCache                       = true                                      {product} {ergonomic}
     bool UseCompressedClassPointers               = true                                 {lp64_product} {ergonomic}
     bool UseCompressedOops                        = true                                 {lp64_product} {ergonomic}
     bool UseG1GC                                  = true                                      {product} {ergonomic}
     bool UseLargePagesIndividualAllocation        = false                                  {pd product} {ergonomic}

Logging:
Log output configuration:
 #0: stdout all=warning uptime,level,tags
 #1: stderr all=off uptime,level,tags

Environment Variables:
JAVA_HOME=C:\Program Files\AdoptOpenJDK\jdk-11.0.9.101-hotspot\
PATH=C:/Program Files/AdoptOpenJDK/jdk-11.0.9.101-hotspot/bin/client;C:/Program Files/AdoptOpenJDK/jdk-11.0.9.101-hotspot/bin;C:\Program Files\AdoptOpenJDK\jdk-11.0.9.101-hotspot\bin;C:\Program Files (x86)\Common Files\Oracle\Java\javapath;C:\Program Files\Microsoft MPI\Bin\;C:\ProgramData\Oracle\Java\javapath;C:\Windows\system32;C:\Windows;C:\Windows\System32\Wbem;C:\Windows\System32\WindowsPowerShell\v1.0\;C:\Program Files\SourceGear\Common\DiffMerge\;C:\Program Files\dotnet\;C:\Program Files\Microsoft SQL Server\130\Tools\Binn\;C:\Program Files\Git\cmd;C:\Program Files\PostgreSQL\10\bin;C:\Program Files\PostgreSQL\10\lib;C:\Program Files\Microsoft VS Code\bin;C:\Program Files\MongoDB\Server\4.0\bin;C:\Program Files\RStudio\bin;C:\Program Files\R\R-3.5.3\bin;C:\ProgramData\chocolatey\bin;C:\Program Files (x86)\vim\vim80;C:\apache-maven-3.6.3\bin;C:\Program Files\Java\jdk1.8.0_241\bin;C:\Program Files (x86)\Microsoft SQL Server\100\Tools\Binn\;C:\Program Files\Microsoft SQL Server\100\Tools\Binn\;C:\Program Files\Microsoft SQL Server\100\DTS\Binn\;C:\Program Files (x86)\Microsoft SQL Server\100\Tools\Binn\VSShell\Common7\IDE\;C:\Program Files (x86)\Microsoft SQL Server\100\DTS\Binn\;C:\Program Files (x86)\Microsoft Visual Studio 9.0\Common7\IDE\PrivateAssemblies\;C:\WINDOWS\system32;C:\WINDOWS;C:\WINDOWS\System32\Wbem;C:\WINDOWS\System32\WindowsPowerShell\v1.0\;C:\WINDOWS\System32\OpenSSH\;c:\Program Files (x86)\Microsoft SQL Server\110\Tools\Binn\;c:\Program Files\Microsoft SQL Server\110\Tools\Binn\;c:\Program Files\Microsoft SQL Server\110\DTS\Binn\;C:\Program Files\nodejs\;C:\Users\h013026\Anaconda3\Scripts;C:\Program Files\Microsoft SQL Server\Client SDK\ODBC\170\Tools\Binn\;C:\Users\h013026\.sdkman\bin;C:\Program Files\Docker\Docker\resources\bin;C:\ProgramData\DockerDesktop\version-bin;C:\flyway-8.0.0-beta3;%C:\Program Files (x86)\Common Files\Oracle\Java\javapath;C:\Program Files\Microsoft MPI\Bin\;C:\ProgramData\Oracle\Java\javapath;C:\Windows\system32;C:\Win
USERNAME=h013026
OS=Windows_NT
PROCESSOR_IDENTIFIER=Intel64 Family 6 Model 94 Stepping 3, GenuineIntel



---------------  S Y S T E M  ---------------

OS: Windows 10 , 64 bit Build 19041 (10.0.19041.662)
OS uptime: 0 days 7:25 hours
HyperV virtualization detected

CPU:total 4 (initial active 4) (4 cores per cpu, 1 threads per core) family 6 model 94 stepping 3, cmov, cx8, fxsr, mmx, sse, sse2, sse3, ssse3, sse4.1, sse4.2, popcnt, avx, avx2, aes, clmul, erms, rtm, 3dnowpref, lzcnt, tsc, tscinvbit, bmi1, bmi2, adx, fma

Memory: 4k page, system-wide physical 8071M (765M free)
TotalPageFile size 9975M (AvailPageFile size 0M)
current process WorkingSet (physical memory assigned to process): 143M, peak: 143M
current process commit charge ("private bytes"): 237M, peak: 238M

vm_info: OpenJDK 64-Bit Server VM (11.0.9.1+1) for windows-amd64 JRE (11.0.9.1+1), built on Nov 10 2020 15:18:49 by "" with MS VC++ 15.9 (VS2017)

END.
