#
# There is insufficient memory for the Java Runtime Environment to continue.
# Native memory allocation (mmap) failed to map 27262976 bytes for Failed to commit area from 0x0000000089e00000 to 0x000000008b800000 of length 27262976.
# Possible reasons:
#   The system is out of physical RAM or swap space
#   The process is running with CompressedOops enabled, and the Java Heap may be blocking the growth of the native heap
# Possible solutions:
#   Reduce memory load on the system
#   Increase physical memory or swap space
#   Check if swap backing store is full
#   Decrease Java heap size (-Xmx/-Xms)
#   Decrease number of Java threads
#   Decrease Java thread stack sizes (-Xss)
#   Set larger code cache with -XX:ReservedCodeCacheSize=
#   JVM is running with Unscaled Compressed Oops mode in which the Java heap is
#     placed in the first 4GB address space. The Java Heap base address is the
#     maximum limit for the native heap growth. Please use -XX:HeapBaseMinAddress
#     to set the Java Heap base and to place the Java Heap above 4GB virtual address.
# This output file may be truncated or incomplete.
#
#  Out of Memory Error (./src/hotspot/os/windows/os_windows.cpp:3303), pid=9968, tid=13572
#
# JRE version: OpenJDK Runtime Environment AdoptOpenJDK (11.0.9.1+1) (build 11.0.9.1+1)
# Java VM: OpenJDK 64-Bit Server VM AdoptOpenJDK (11.0.9.1+1, mixed mode, tiered, compressed oops, g1 gc, windows-amd64)
# No core dump will be written. Minidumps are not enabled by default on client versions of Windows
#

---------------  S U M M A R Y ------------

Command Line: -Dfile.encoding=UTF-8 br.desafio.livraria.LivrariaApplication

Host: Intel(R) Core(TM) i5-6500 CPU @ 3.20GHz, 4 cores, 7G,  Windows 10 , 64 bit Build 19041 (10.0.19041.662)
Time: Thu Sep 16 14:15:16 2021 E. South America Standard Time elapsed time: 1.578975 seconds (0d 0h 0m 1s)

---------------  T H R E A D  ---------------

Current thread (0x000001b16cc7e000):  VMThread "VM Thread" [stack: 0x0000001da5500000,0x0000001da5600000] [id=13572]

Stack: [0x0000001da5500000,0x0000001da5600000]
[error occurred during error reporting (printing stack bounds), id 0xc0000005, EXCEPTION_ACCESS_VIOLATION (0xc0000005) at pc=0x000001b1564c0dad]

Native frames: (J=compiled Java code, j=interpreted, Vv=VM code, C=native code)
V  [jvm.dll+0x5f465a]
V  [jvm.dll+0x77c78e]
V  [jvm.dll+0x77de5f]
V  [jvm.dll+0x77e485]
V  [jvm.dll+0x77e43b]
V  [jvm.dll+0x5f3bf3]
V  [jvm.dll+0x5f4308]
C  [ntdll.dll+0xa130f]
C  [ntdll.dll+0x4b5e4]
C  [ntdll.dll+0x9fe3e]
C  0x000001b1564c0dad

VM_Operation (0x0000001da67fb7b0): G1CollectForAllocation, mode: safepoint, requested by thread 0x000001b16eb24800


---------------  P R O C E S S  ---------------

Threads class SMR info:
_java_thread_list=0x000001b16ef8d500, length=15, elements={
0x000001b14dd7e000, 0x000001b16d4c4000, 0x000001b16d4ce000, 0x000001b16d4b9000,
0x000001b16d4ba000, 0x000001b16d513000, 0x000001b16d523000, 0x000001b16d519000,
0x000001b16d682000, 0x000001b16d6a0000, 0x000001b16d524000, 0x000001b16def6000,
0x000001b16e3e2000, 0x000001b16eb02800, 0x000001b16eb24800
}

Java Threads: ( => current thread )
  0x000001b14dd7e000 JavaThread "main" [_thread_blocked, id=13736, stack(0x0000001da4f00000,0x0000001da5000000)]
  0x000001b16d4c4000 JavaThread "Reference Handler" daemon [_thread_blocked, id=10872, stack(0x0000001da5600000,0x0000001da5700000)]
  0x000001b16d4ce000 JavaThread "Finalizer" daemon [_thread_blocked, id=16280, stack(0x0000001da5700000,0x0000001da5800000)]
  0x000001b16d4b9000 JavaThread "Signal Dispatcher" daemon [_thread_blocked, id=14372, stack(0x0000001da5800000,0x0000001da5900000)]
  0x000001b16d4ba000 JavaThread "Attach Listener" daemon [_thread_blocked, id=6464, stack(0x0000001da5900000,0x0000001da5a00000)]
  0x000001b16d513000 JavaThread "C2 CompilerThread0" daemon [_thread_blocked, id=2424, stack(0x0000001da5a00000,0x0000001da5b00000)]
  0x000001b16d523000 JavaThread "C1 CompilerThread0" daemon [_thread_blocked, id=11732, stack(0x0000001da5b00000,0x0000001da5c00000)]
  0x000001b16d519000 JavaThread "Sweeper thread" daemon [_thread_blocked, id=2404, stack(0x0000001da5c00000,0x0000001da5d00000)]
  0x000001b16d682000 JavaThread "Service Thread" daemon [_thread_blocked, id=5048, stack(0x0000001da5d00000,0x0000001da5e00000)]
  0x000001b16d6a0000 JavaThread "Common-Cleaner" daemon [_thread_blocked, id=14520, stack(0x0000001da5f00000,0x0000001da6000000)]
  0x000001b16d524000 JavaThread "C2 CompilerThread1" daemon [_thread_blocked, id=14996, stack(0x0000001da6200000,0x0000001da6300000)]
  0x000001b16def6000 JavaThread "Thread-0" [_thread_blocked, id=748, stack(0x0000001da6300000,0x0000001da6400000)]
  0x000001b16e3e2000 JavaThread "restartedMain" [_thread_blocked, id=5328, stack(0x0000001da6400000,0x0000001da6500000)]
  0x000001b16eb02800 JavaThread "background-preinit" [_thread_blocked, id=10744, stack(0x0000001da6500000,0x0000001da6600000)]
  0x000001b16eb24800 JavaThread "Thread-3" [_thread_blocked, id=14272, stack(0x0000001da6700000,0x0000001da6800000)]

Other Threads:
=>0x000001b16cc7e000 VMThread "VM Thread" [stack: 0x0000001da5500000,0x0000001da5600000] [id=13572]
  0x000001b16d683000 WatcherThread [stack: 0x0000001da5e00000,0x0000001da5f00000] [id=16292]
  0x000001b14ddd4800 GCTaskThread "GC Thread#0" [stack: 0x0000001da5000000,0x0000001da5100000] [id=15196]
  0x000001b16de9d000 GCTaskThread "GC Thread#1" [stack: 0x0000001da6000000,0x0000001da6100000] [id=2280]
  0x000001b16df04000 GCTaskThread "GC Thread#2" [stack: 0x0000001da6100000,0x0000001da6200000] [id=15456]
  0x000001b16e80c800 GCTaskThread "GC Thread#3" [stack: 0x0000001da6600000,0x0000001da6700000] [id=16040]
  0x000001b14de04800 ConcurrentGCThread "G1 Main Marker" [stack: 0x0000001da5100000,0x0000001da5200000] [id=9772]
  0x000001b14de06000 ConcurrentGCThread "G1 Conc#0" [stack: 0x0000001da5200000,0x0000001da5300000] [id=13084]
  0x000001b16cae7800 ConcurrentGCThread "G1 Refine#0" [stack: 0x0000001da5300000,0x0000001da5400000] [id=14344]
  0x000001b16cae8800 ConcurrentGCThread "G1 Young RemSet Sampling" [stack: 0x0000001da5400000,0x0000001da5500000] [id=5812]

Threads with active compile tasks:
C2 CompilerThread0   1702 2119   !   4       java.util.zip.InflaterInputStream::read (138 bytes)
C2 CompilerThread1   1703 2118       4       java.util.LinkedHashMap::newNode (23 bytes)

VM state:at safepoint (normal execution)

VM Mutex/Monitor currently owned by a thread:  ([mutex/lock_event])
[0x000001b14dd7b2b0] Threads_lock - owner thread: 0x000001b16cc7e000
[0x000001b14dd7a1d0] Heap_lock - owner thread: 0x000001b16eb24800

Heap address: 0x0000000081e00000, size: 2018 MB, Compressed Oops mode: 32-bit
Narrow klass base: 0x0000000000000000, Narrow klass shift: 3
Compressed class space size: 1073741824 Address: 0x0000000100000000

Heap:
 garbage-first heap   total 157696K, used 10429K [0x0000000081e00000, 0x0000000100000000)
  region size 1024K, 5 young (5120K), 5 survivors (5120K)
 Metaspace       used 25946K, capacity 26588K, committed 26876K, reserved 1073152K
  class space    used 3004K, capacity 3260K, committed 3324K, reserved 1048576K
Heap Regions: E=young(eden), S=young(survivor), O=old, HS=humongous(starts), HC=humongous(continues), CS=collection set, F=free, A=archive, TAMS=top-at-mark-start (previous, next)
|   0|0x0000000081e00000, 0x0000000081f00000, 0x0000000081f00000|100%|HS|  |TAMS 0x0000000081f00000, 0x0000000081e00000| Complete 
|   1|0x0000000081f00000, 0x0000000082000000, 0x0000000082000000|100%| O|  |TAMS 0x0000000082000000, 0x0000000081f00000| Untracked 
|   2|0x0000000082000000, 0x0000000082100000, 0x0000000082100000|100%| O|  |TAMS 0x0000000082100000, 0x0000000082000000| Untracked 
|   3|0x0000000082100000, 0x0000000082200000, 0x0000000082200000|100%| O|  |TAMS 0x0000000082200000, 0x0000000082100000| Untracked 
|   4|0x0000000082200000, 0x0000000082300000, 0x0000000082300000|100%| O|  |TAMS 0x0000000082300000, 0x0000000082200000| Untracked 
|   5|0x0000000082300000, 0x0000000082400000, 0x0000000082400000|100%| O|  |TAMS 0x0000000082400000, 0x0000000082300000| Untracked 
|   6|0x0000000082400000, 0x0000000082411400, 0x0000000082500000|  6%| O|  |TAMS 0x0000000082411400, 0x0000000082400000| Untracked 
|   7|0x0000000082500000, 0x0000000082500000, 0x0000000082600000|  0%| F|  |TAMS 0x0000000082500000, 0x0000000082500000| Untracked 
|   8|0x0000000082600000, 0x0000000082600000, 0x0000000082700000|  0%| F|  |TAMS 0x0000000082600000, 0x0000000082600000| Untracked 
|   9|0x0000000082700000, 0x0000000082700000, 0x0000000082800000|  0%| F|  |TAMS 0x0000000082700000, 0x0000000082700000| Untracked 
|  10|0x0000000082800000, 0x0000000082800000, 0x0000000082900000|  0%| F|  |TAMS 0x0000000082800000, 0x0000000082800000| Untracked 
|  11|0x0000000082900000, 0x0000000082900000, 0x0000000082a00000|  0%| F|  |TAMS 0x0000000082900000, 0x0000000082900000| Untracked 
|  12|0x0000000082a00000, 0x0000000082a00000, 0x0000000082b00000|  0%| F|  |TAMS 0x0000000082a00000, 0x0000000082a00000| Untracked 
|  13|0x0000000082b00000, 0x0000000082b00000, 0x0000000082c00000|  0%| F|  |TAMS 0x0000000082b00000, 0x0000000082b00000| Untracked 
|  14|0x0000000082c00000, 0x0000000082c00000, 0x0000000082d00000|  0%| F|  |TAMS 0x0000000082c00000, 0x0000000082c00000| Untracked 
|  15|0x0000000082d00000, 0x0000000082d00000, 0x0000000082e00000|  0%| F|  |TAMS 0x0000000082d00000, 0x0000000082d00000| Untracked 
|  16|0x0000000082e00000, 0x0000000082e00000, 0x0000000082f00000|  0%| F|  |TAMS 0x0000000082e00000, 0x0000000082e00000| Untracked 
|  17|0x0000000082f00000, 0x0000000082f00000, 0x0000000083000000|  0%| F|  |TAMS 0x0000000082f00000, 0x0000000082f00000| Untracked 
|  18|0x0000000083000000, 0x0000000083000000, 0x0000000083100000|  0%| F|  |TAMS 0x0000000083000000, 0x0000000083000000| Untracked 
|  19|0x0000000083100000, 0x0000000083100000, 0x0000000083200000|  0%| F|  |TAMS 0x0000000083100000, 0x0000000083100000| Untracked 
|  20|0x0000000083200000, 0x0000000083200000, 0x0000000083300000|  0%| F|  |TAMS 0x0000000083200000, 0x0000000083200000| Untracked 
|  21|0x0000000083300000, 0x0000000083300000, 0x0000000083400000|  0%| F|  |TAMS 0x0000000083300000, 0x0000000083300000| Untracked 
|  22|0x0000000083400000, 0x0000000083400000, 0x0000000083500000|  0%| F|  |TAMS 0x0000000083400000, 0x0000000083400000| Untracked 
|  23|0x0000000083500000, 0x0000000083500000, 0x0000000083600000|  0%| F|  |TAMS 0x0000000083500000, 0x0000000083500000| Untracked 
|  24|0x0000000083600000, 0x0000000083600000, 0x0000000083700000|  0%| F|  |TAMS 0x0000000083600000, 0x0000000083600000| Untracked 
|  25|0x0000000083700000, 0x0000000083700000, 0x0000000083800000|  0%| F|  |TAMS 0x0000000083700000, 0x0000000083700000| Untracked 
|  26|0x0000000083800000, 0x0000000083800000, 0x0000000083900000|  0%| F|  |TAMS 0x0000000083800000, 0x0000000083800000| Untracked 
|  27|0x0000000083900000, 0x0000000083900000, 0x0000000083a00000|  0%| F|  |TAMS 0x0000000083900000, 0x0000000083900000| Untracked 
|  28|0x0000000083a00000, 0x0000000083a00000, 0x0000000083b00000|  0%| F|  |TAMS 0x0000000083a00000, 0x0000000083a00000| Untracked 
|  29|0x0000000083b00000, 0x0000000083b00000, 0x0000000083c00000|  0%| F|  |TAMS 0x0000000083b00000, 0x0000000083b00000| Untracked 
|  30|0x0000000083c00000, 0x0000000083c00000, 0x0000000083d00000|  0%| F|  |TAMS 0x0000000083c00000, 0x0000000083c00000| Untracked 
|  31|0x0000000083d00000, 0x0000000083d00000, 0x0000000083e00000|  0%| F|  |TAMS 0x0000000083d00000, 0x0000000083d00000| Untracked 
|  32|0x0000000083e00000, 0x0000000083e00000, 0x0000000083f00000|  0%| F|  |TAMS 0x0000000083e00000, 0x0000000083e00000| Untracked 
|  33|0x0000000083f00000, 0x0000000083f00000, 0x0000000084000000|  0%| F|  |TAMS 0x0000000083f00000, 0x0000000083f00000| Untracked 
|  34|0x0000000084000000, 0x0000000084000000, 0x0000000084100000|  0%| F|  |TAMS 0x0000000084000000, 0x0000000084000000| Untracked 
|  35|0x0000000084100000, 0x0000000084100000, 0x0000000084200000|  0%| F|  |TAMS 0x0000000084100000, 0x0000000084100000| Untracked 
|  36|0x0000000084200000, 0x0000000084200000, 0x0000000084300000|  0%| F|  |TAMS 0x0000000084200000, 0x0000000084200000| Untracked 
|  37|0x0000000084300000, 0x0000000084300000, 0x0000000084400000|  0%| F|  |TAMS 0x0000000084300000, 0x0000000084300000| Untracked 
|  38|0x0000000084400000, 0x0000000084400000, 0x0000000084500000|  0%| F|  |TAMS 0x0000000084400000, 0x0000000084400000| Untracked 
|  39|0x0000000084500000, 0x0000000084500000, 0x0000000084600000|  0%| F|  |TAMS 0x0000000084500000, 0x0000000084500000| Untracked 
|  40|0x0000000084600000, 0x0000000084600000, 0x0000000084700000|  0%| F|  |TAMS 0x0000000084600000, 0x0000000084600000| Untracked 
|  41|0x0000000084700000, 0x0000000084700000, 0x0000000084800000|  0%| F|  |TAMS 0x0000000084700000, 0x0000000084700000| Untracked 
|  42|0x0000000084800000, 0x0000000084800000, 0x0000000084900000|  0%| F|  |TAMS 0x0000000084800000, 0x0000000084800000| Untracked 
|  43|0x0000000084900000, 0x0000000084900000, 0x0000000084a00000|  0%| F|  |TAMS 0x0000000084900000, 0x0000000084900000| Untracked 
|  44|0x0000000084a00000, 0x0000000084a00000, 0x0000000084b00000|  0%| F|  |TAMS 0x0000000084a00000, 0x0000000084a00000| Untracked 
|  45|0x0000000084b00000, 0x0000000084b00000, 0x0000000084c00000|  0%| F|  |TAMS 0x0000000084b00000, 0x0000000084b00000| Untracked 
|  46|0x0000000084c00000, 0x0000000084c00000, 0x0000000084d00000|  0%| F|  |TAMS 0x0000000084c00000, 0x0000000084c00000| Untracked 
|  47|0x0000000084d00000, 0x0000000084d00000, 0x0000000084e00000|  0%| F|  |TAMS 0x0000000084d00000, 0x0000000084d00000| Untracked 
|  48|0x0000000084e00000, 0x0000000084e00000, 0x0000000084f00000|  0%| F|  |TAMS 0x0000000084e00000, 0x0000000084e00000| Untracked 
|  49|0x0000000084f00000, 0x0000000084f00000, 0x0000000085000000|  0%| F|  |TAMS 0x0000000084f00000, 0x0000000084f00000| Untracked 
|  50|0x0000000085000000, 0x0000000085000000, 0x0000000085100000|  0%| F|  |TAMS 0x0000000085000000, 0x0000000085000000| Untracked 
|  51|0x0000000085100000, 0x0000000085100000, 0x0000000085200000|  0%| F|  |TAMS 0x0000000085100000, 0x0000000085100000| Untracked 
|  52|0x0000000085200000, 0x0000000085200000, 0x0000000085300000|  0%| F|  |TAMS 0x0000000085200000, 0x0000000085200000| Untracked 
|  53|0x0000000085300000, 0x000000008531e3f8, 0x0000000085400000| 11%| S|CS|TAMS 0x0000000085300000, 0x0000000085300000| Complete 
|  54|0x0000000085400000, 0x0000000085500000, 0x0000000085500000|100%| S|CS|TAMS 0x0000000085400000, 0x0000000085400000| Complete 
|  55|0x0000000085500000, 0x0000000085600000, 0x0000000085600000|100%| S|CS|TAMS 0x0000000085500000, 0x0000000085500000| Complete 
|  56|0x0000000085600000, 0x0000000085700000, 0x0000000085700000|100%| S|CS|TAMS 0x0000000085600000, 0x0000000085600000| Complete 
|  57|0x0000000085700000, 0x0000000085800000, 0x0000000085800000|100%| S|CS|TAMS 0x0000000085700000, 0x0000000085700000| Complete 
|  58|0x0000000085800000, 0x0000000085800000, 0x0000000085900000|  0%| F|  |TAMS 0x0000000085800000, 0x0000000085800000| Untracked 
|  59|0x0000000085900000, 0x0000000085900000, 0x0000000085a00000|  0%| F|  |TAMS 0x0000000085900000, 0x0000000085900000| Untracked 
|  60|0x0000000085a00000, 0x0000000085a00000, 0x0000000085b00000|  0%| F|  |TAMS 0x0000000085a00000, 0x0000000085a00000| Untracked 
|  61|0x0000000085b00000, 0x0000000085b00000, 0x0000000085c00000|  0%| F|  |TAMS 0x0000000085b00000, 0x0000000085b00000| Untracked 
|  62|0x0000000085c00000, 0x0000000085c00000, 0x0000000085d00000|  0%| F|  |TAMS 0x0000000085c00000, 0x0000000085c00000| Untracked 
|  63|0x0000000085d00000, 0x0000000085d00000, 0x0000000085e00000|  0%| F|  |TAMS 0x0000000085d00000, 0x0000000085d00000| Untracked 
|  64|0x0000000085e00000, 0x0000000085e00000, 0x0000000085f00000|  0%| F|  |TAMS 0x0000000085e00000, 0x0000000085e00000| Untracked 
|  65|0x0000000085f00000, 0x0000000085f00000, 0x0000000086000000|  0%| F|  |TAMS 0x0000000085f00000, 0x0000000085f00000| Untracked 
|  66|0x0000000086000000, 0x0000000086000000, 0x0000000086100000|  0%| F|  |TAMS 0x0000000086000000, 0x0000000086000000| Untracked 
|  67|0x0000000086100000, 0x0000000086100000, 0x0000000086200000|  0%| F|  |TAMS 0x0000000086100000, 0x0000000086100000| Untracked 
|  68|0x0000000086200000, 0x0000000086200000, 0x0000000086300000|  0%| F|  |TAMS 0x0000000086200000, 0x0000000086200000| Untracked 
|  69|0x0000000086300000, 0x0000000086300000, 0x0000000086400000|  0%| F|  |TAMS 0x0000000086300000, 0x0000000086300000| Untracked 
|  70|0x0000000086400000, 0x0000000086400000, 0x0000000086500000|  0%| F|  |TAMS 0x0000000086400000, 0x0000000086400000| Untracked 
|  71|0x0000000086500000, 0x0000000086500000, 0x0000000086600000|  0%| F|  |TAMS 0x0000000086500000, 0x0000000086500000| Untracked 
|  72|0x0000000086600000, 0x0000000086600000, 0x0000000086700000|  0%| F|  |TAMS 0x0000000086600000, 0x0000000086600000| Untracked 
|  73|0x0000000086700000, 0x0000000086700000, 0x0000000086800000|  0%| F|  |TAMS 0x0000000086700000, 0x0000000086700000| Untracked 
|  74|0x0000000086800000, 0x0000000086800000, 0x0000000086900000|  0%| F|  |TAMS 0x0000000086800000, 0x0000000086800000| Untracked 
|  75|0x0000000086900000, 0x0000000086900000, 0x0000000086a00000|  0%| F|  |TAMS 0x0000000086900000, 0x0000000086900000| Untracked 
|  76|0x0000000086a00000, 0x0000000086a00000, 0x0000000086b00000|  0%| F|  |TAMS 0x0000000086a00000, 0x0000000086a00000| Untracked 
|  77|0x0000000086b00000, 0x0000000086b00000, 0x0000000086c00000|  0%| F|  |TAMS 0x0000000086b00000, 0x0000000086b00000| Untracked 
|  78|0x0000000086c00000, 0x0000000086c00000, 0x0000000086d00000|  0%| F|  |TAMS 0x0000000086c00000, 0x0000000086c00000| Untracked 
|  79|0x0000000086d00000, 0x0000000086d00000, 0x0000000086e00000|  0%| F|  |TAMS 0x0000000086d00000, 0x0000000086d00000| Untracked 
|  80|0x0000000086e00000, 0x0000000086e00000, 0x0000000086f00000|  0%| F|  |TAMS 0x0000000086e00000, 0x0000000086e00000| Untracked 
|  81|0x0000000086f00000, 0x0000000086f00000, 0x0000000087000000|  0%| F|  |TAMS 0x0000000086f00000, 0x0000000086f00000| Untracked 
|  82|0x0000000087000000, 0x0000000087000000, 0x0000000087100000|  0%| F|  |TAMS 0x0000000087000000, 0x0000000087000000| Untracked 
|  83|0x0000000087100000, 0x0000000087100000, 0x0000000087200000|  0%| F|  |TAMS 0x0000000087100000, 0x0000000087100000| Untracked 
|  84|0x0000000087200000, 0x0000000087200000, 0x0000000087300000|  0%| F|  |TAMS 0x0000000087200000, 0x0000000087200000| Untracked 
|  85|0x0000000087300000, 0x0000000087300000, 0x0000000087400000|  0%| F|  |TAMS 0x0000000087300000, 0x0000000087300000| Untracked 
|  86|0x0000000087400000, 0x0000000087400000, 0x0000000087500000|  0%| F|  |TAMS 0x0000000087400000, 0x0000000087400000| Untracked 
|  87|0x0000000087500000, 0x0000000087500000, 0x0000000087600000|  0%| F|  |TAMS 0x0000000087500000, 0x0000000087500000| Untracked 
|  88|0x0000000087600000, 0x0000000087600000, 0x0000000087700000|  0%| F|  |TAMS 0x0000000087600000, 0x0000000087600000| Untracked 
|  89|0x0000000087700000, 0x0000000087700000, 0x0000000087800000|  0%| F|  |TAMS 0x0000000087700000, 0x0000000087700000| Untracked 
|  90|0x0000000087800000, 0x0000000087800000, 0x0000000087900000|  0%| F|  |TAMS 0x0000000087800000, 0x0000000087800000| Untracked 
|  91|0x0000000087900000, 0x0000000087900000, 0x0000000087a00000|  0%| F|  |TAMS 0x0000000087900000, 0x0000000087900000| Untracked 
|  92|0x0000000087a00000, 0x0000000087a00000, 0x0000000087b00000|  0%| F|  |TAMS 0x0000000087a00000, 0x0000000087a00000| Untracked 
|  93|0x0000000087b00000, 0x0000000087b00000, 0x0000000087c00000|  0%| F|  |TAMS 0x0000000087b00000, 0x0000000087b00000| Untracked 
|  94|0x0000000087c00000, 0x0000000087c00000, 0x0000000087d00000|  0%| F|  |TAMS 0x0000000087c00000, 0x0000000087c00000| Untracked 
|  95|0x0000000087d00000, 0x0000000087d00000, 0x0000000087e00000|  0%| F|  |TAMS 0x0000000087d00000, 0x0000000087d00000| Untracked 
|  96|0x0000000087e00000, 0x0000000087e00000, 0x0000000087f00000|  0%| F|  |TAMS 0x0000000087e00000, 0x0000000087e00000| Untracked 
|  97|0x0000000087f00000, 0x0000000087f00000, 0x0000000088000000|  0%| F|  |TAMS 0x0000000087f00000, 0x0000000087f00000| Untracked 
|  98|0x0000000088000000, 0x0000000088000000, 0x0000000088100000|  0%| F|  |TAMS 0x0000000088000000, 0x0000000088000000| Untracked 
|  99|0x0000000088100000, 0x0000000088100000, 0x0000000088200000|  0%| F|  |TAMS 0x0000000088100000, 0x0000000088100000| Untracked 
| 100|0x0000000088200000, 0x0000000088200000, 0x0000000088300000|  0%| F|  |TAMS 0x0000000088200000, 0x0000000088200000| Untracked 
| 101|0x0000000088300000, 0x0000000088300000, 0x0000000088400000|  0%| F|  |TAMS 0x0000000088300000, 0x0000000088300000| Untracked 
| 102|0x0000000088400000, 0x0000000088400000, 0x0000000088500000|  0%| F|  |TAMS 0x0000000088400000, 0x0000000088400000| Untracked 
| 103|0x0000000088500000, 0x0000000088500000, 0x0000000088600000|  0%| F|  |TAMS 0x0000000088500000, 0x0000000088500000| Untracked 
| 104|0x0000000088600000, 0x0000000088600000, 0x0000000088700000|  0%| F|  |TAMS 0x0000000088600000, 0x0000000088600000| Untracked 
| 105|0x0000000088700000, 0x0000000088700000, 0x0000000088800000|  0%| F|  |TAMS 0x0000000088700000, 0x0000000088700000| Untracked 
| 106|0x0000000088800000, 0x0000000088800000, 0x0000000088900000|  0%| F|  |TAMS 0x0000000088800000, 0x0000000088800000| Untracked 
| 107|0x0000000088900000, 0x0000000088900000, 0x0000000088a00000|  0%| F|  |TAMS 0x0000000088900000, 0x0000000088900000| Untracked 
| 108|0x0000000088a00000, 0x0000000088a00000, 0x0000000088b00000|  0%| F|  |TAMS 0x0000000088a00000, 0x0000000088a00000| Untracked 
| 109|0x0000000088b00000, 0x0000000088b00000, 0x0000000088c00000|  0%| F|  |TAMS 0x0000000088b00000, 0x0000000088b00000| Untracked 
| 110|0x0000000088c00000, 0x0000000088c00000, 0x0000000088d00000|  0%| F|  |TAMS 0x0000000088c00000, 0x0000000088c00000| Untracked 
| 111|0x0000000088d00000, 0x0000000088d00000, 0x0000000088e00000|  0%| F|  |TAMS 0x0000000088d00000, 0x0000000088d00000| Untracked 
| 112|0x0000000088e00000, 0x0000000088e00000, 0x0000000088f00000|  0%| F|  |TAMS 0x0000000088e00000, 0x0000000088e00000| Untracked 
| 113|0x0000000088f00000, 0x0000000088f00000, 0x0000000089000000|  0%| F|  |TAMS 0x0000000088f00000, 0x0000000088f00000| Untracked 
| 114|0x0000000089000000, 0x0000000089000000, 0x0000000089100000|  0%| F|  |TAMS 0x0000000089000000, 0x0000000089000000| Untracked 
| 115|0x0000000089100000, 0x0000000089100000, 0x0000000089200000|  0%| F|  |TAMS 0x0000000089100000, 0x0000000089100000| Untracked 
| 116|0x0000000089200000, 0x0000000089200000, 0x0000000089300000|  0%| F|  |TAMS 0x0000000089200000, 0x0000000089200000| Untracked 
| 117|0x0000000089300000, 0x0000000089300000, 0x0000000089400000|  0%| F|  |TAMS 0x0000000089300000, 0x0000000089300000| Untracked 
| 118|0x0000000089400000, 0x0000000089400000, 0x0000000089500000|  0%| F|  |TAMS 0x0000000089400000, 0x0000000089400000| Untracked 
| 119|0x0000000089500000, 0x0000000089500000, 0x0000000089600000|  0%| F|  |TAMS 0x0000000089500000, 0x0000000089500000| Untracked 
| 120|0x0000000089600000, 0x0000000089600000, 0x0000000089700000|  0%| F|  |TAMS 0x0000000089600000, 0x0000000089600000| Untracked 
| 121|0x0000000089700000, 0x0000000089700000, 0x0000000089800000|  0%| F|  |TAMS 0x0000000089700000, 0x0000000089700000| Untracked 
| 122|0x0000000089800000, 0x0000000089800000, 0x0000000089900000|  0%| F|  |TAMS 0x0000000089800000, 0x0000000089800000| Untracked 
| 123|0x0000000089900000, 0x0000000089900000, 0x0000000089a00000|  0%| F|  |TAMS 0x0000000089900000, 0x0000000089900000| Untracked 
| 124|0x0000000089a00000, 0x0000000089a00000, 0x0000000089b00000|  0%| F|  |TAMS 0x0000000089a00000, 0x0000000089a00000| Untracked 
| 125|0x0000000089b00000, 0x0000000089b00000, 0x0000000089c00000|  0%| F|  |TAMS 0x0000000089b00000, 0x0000000089b00000| Untracked 
| 126|0x0000000089c00000, 0x0000000089c00000, 0x0000000089d00000|  0%| F|  |TAMS 0x0000000089c00000, 0x0000000089c00000| Untracked 
| 127|0x0000000089d00000, 0x0000000089d00000, 0x0000000089e00000|  0%| F|  |TAMS 0x0000000089d00000, 0x0000000089d00000| Untracked 

Card table byte_map: [0x000001b165ee0000,0x000001b1662e0000] _byte_map_base: 0x000001b165ad1000

Marking Bits (Prev, Next): (CMBitMap*) 0x000001b14ddfbbe0, (CMBitMap*) 0x000001b14ddfbba8
 Prev Bits: [0x000001b168670000, 0x000001b16a5f8000)
 Next Bits: [0x000001b1666e0000, 0x000001b168668000)

Polling page: 0x000001b14de30000

Metaspace:

Usage:
  Non-class:     22.78 MB capacity,    22.41 MB ( 98%) used,   315.91 KB (  1%) free+waste,    69.19 KB ( <1%) overhead. 
      Class:      3.18 MB capacity,     2.93 MB ( 92%) used,   222.18 KB (  7%) free+waste,    33.81 KB (  1%) overhead. 
       Both:     25.96 MB capacity,    25.34 MB ( 98%) used,   538.09 KB (  2%) free+waste,   103.00 KB ( <1%) overhead. 

Virtual space:
  Non-class space:       24.00 MB reserved,      23.00 MB ( 96%) committed 
      Class space:        1.00 GB reserved,       3.25 MB ( <1%) committed 
             Both:        1.02 GB reserved,      26.25 MB (  3%) committed 

Chunk freelists:
   Non-Class:  32.00 KB
       Class:  4.00 KB
        Both:  36.00 KB

MaxMetaspaceSize: 17179869184.00 GB
CompressedClassSpaceSize: 1.00 GB

CodeHeap 'non-profiled nmethods': size=120064Kb used=855Kb max_used=855Kb free=119208Kb
 bounds [0x000001b15df80000, 0x000001b15e1f0000, 0x000001b1654c0000]
CodeHeap 'profiled nmethods': size=120000Kb used=3975Kb max_used=3975Kb free=116024Kb
 bounds [0x000001b156a50000, 0x000001b156e40000, 0x000001b15df80000]
CodeHeap 'non-nmethods': size=5696Kb used=1122Kb max_used=1144Kb free=4573Kb
 bounds [0x000001b1564c0000, 0x000001b156730000, 0x000001b156a50000]
 total_blobs=2554 nmethods=2112 adapters=353
 compilation: enabled
              stopped_count=0, restarted_count=0
 full_count=0

Compilation events (20 events):
Event: 1.506 Thread 0x000001b16d523000 2109       3       sun.util.locale.BaseLocale$Key::equals (109 bytes)
Event: 1.506 Thread 0x000001b16d513000 nmethod 2108 0x000001b15e053190 code [0x000001b15e053360, 0x000001b15e053678]
Event: 1.507 Thread 0x000001b16d523000 nmethod 2109 0x000001b156e2e990 code [0x000001b156e2ec00, 0x000001b156e2f8b8]
Event: 1.507 Thread 0x000001b16d523000 2098       3       java.util.Arrays$ArrayList::iterator (12 bytes)
Event: 1.507 Thread 0x000001b16d523000 nmethod 2098 0x000001b156e2fb90 code [0x000001b156e2fd60, 0x000001b156e2ffd8]
Event: 1.507 Thread 0x000001b16d523000 2099       3       java.util.Arrays$ArrayItr::<init> (10 bytes)
Event: 1.507 Thread 0x000001b16d523000 nmethod 2099 0x000001b156e30110 code [0x000001b156e302c0, 0x000001b156e30478]
Event: 1.507 Thread 0x000001b16d523000 2097       3       java.lang.ClassLoader::getParent (32 bytes)
Event: 1.508 Thread 0x000001b16d523000 nmethod 2097 0x000001b156e30510 code [0x000001b156e30740, 0x000001b156e30f78]
Event: 1.509 Thread 0x000001b16d513000 2114       4       java.lang.String::getChars (54 bytes)
Event: 1.509 Thread 0x000001b16d523000 2115       3       java.lang.ClassLoader::findLoadedClass (16 bytes)
Event: 1.510 Thread 0x000001b16d523000 nmethod 2115 0x000001b156e31210 code [0x000001b156e313e0, 0x000001b156e315b8]
Event: 1.510 Thread 0x000001b16d524000 nmethod 2063% 0x000001b15e053910 code [0x000001b15e053b40, 0x000001b15e054e10]
Event: 1.511 Thread 0x000001b16d513000 nmethod 2114 0x000001b15e055790 code [0x000001b15e055940, 0x000001b15e055c78]
Event: 1.518 Thread 0x000001b16d523000 2116       3       java.util.jar.Manifest$FastInputStream::fill (38 bytes)
Event: 1.518 Thread 0x000001b16d523000 nmethod 2116 0x000001b156e31690 code [0x000001b156e31860, 0x000001b156e31a88]
Event: 1.519 Thread 0x000001b16d523000 2117       3       java.lang.Character::isJavaIdentifierPart (5 bytes)
Event: 1.520 Thread 0x000001b16d523000 nmethod 2117 0x000001b156e31b90 code [0x000001b156e31d60, 0x000001b156e31f98]
Event: 1.525 Thread 0x000001b16d524000 2118       4       java.util.LinkedHashMap::newNode (23 bytes)
Event: 1.529 Thread 0x000001b16d513000 2119   !   4       java.util.zip.InflaterInputStream::read (138 bytes)

GC Heap History (11 events):
Event: 0.432 GC heap before
{Heap before GC invocations=0 (full 0):
 garbage-first heap   total 131072K, used 14336K [0x0000000081e00000, 0x0000000100000000)
  region size 1024K, 14 young (14336K), 0 survivors (0K)
 Metaspace       used 9244K, capacity 9495K, committed 9728K, reserved 1058816K
  class space    used 847K, capacity 909K, committed 1024K, reserved 1048576K
}
Event: 0.436 GC heap after
{Heap after GC invocations=1 (full 0):
 garbage-first heap   total 131072K, used 6296K [0x0000000081e00000, 0x0000000100000000)
  region size 1024K, 2 young (2048K), 2 survivors (2048K)
 Metaspace       used 9244K, capacity 9495K, committed 9728K, reserved 1058816K
  class space    used 847K, capacity 909K, committed 1024K, reserved 1048576K
}
Event: 0.573 GC heap before
{Heap before GC invocations=1 (full 0):
 garbage-first heap   total 131072K, used 17560K [0x0000000081e00000, 0x0000000100000000)
  region size 1024K, 14 young (14336K), 2 survivors (2048K)
 Metaspace       used 11178K, capacity 11412K, committed 11648K, reserved 1060864K
  class space    used 1088K, capacity 1146K, committed 1152K, reserved 1048576K
}
Event: 0.576 GC heap after
{Heap after GC invocations=2 (full 0):
 garbage-first heap   total 131072K, used 6741K [0x0000000081e00000, 0x0000000100000000)
  region size 1024K, 1 young (1024K), 1 survivors (1024K)
 Metaspace       used 11178K, capacity 11412K, committed 11648K, reserved 1060864K
  class space    used 1088K, capacity 1146K, committed 1152K, reserved 1048576K
}
Event: 0.587 GC heap before
{Heap before GC invocations=2 (full 0):
 garbage-first heap   total 131072K, used 31317K [0x0000000081e00000, 0x0000000100000000)
  region size 1024K, 26 young (26624K), 1 survivors (1024K)
 Metaspace       used 11178K, capacity 11412K, committed 11648K, reserved 1060864K
  class space    used 1088K, capacity 1146K, committed 1152K, reserved 1048576K
}
Event: 0.588 GC heap after
{Heap after GC invocations=3 (full 0):
 garbage-first heap   total 131072K, used 6764K [0x0000000081e00000, 0x0000000100000000)
  region size 1024K, 1 young (1024K), 1 survivors (1024K)
 Metaspace       used 11178K, capacity 11412K, committed 11648K, reserved 1060864K
  class space    used 1088K, capacity 1146K, committed 1152K, reserved 1048576K
}
Event: 1.089 GC heap before
{Heap before GC invocations=3 (full 0):
 garbage-first heap   total 131072K, used 46700K [0x0000000081e00000, 0x0000000100000000)
  region size 1024K, 41 young (41984K), 1 survivors (1024K)
 Metaspace       used 18360K, capacity 18846K, committed 19200K, reserved 1067008K
  class space    used 2002K, capacity 2194K, committed 2304K, reserved 1048576K
}
Event: 1.093 GC heap after
{Heap after GC invocations=4 (full 0):
 garbage-first heap   total 131072K, used 8397K [0x0000000081e00000, 0x0000000100000000)
  region size 1024K, 3 young (3072K), 3 survivors (3072K)
 Metaspace       used 18360K, capacity 18846K, committed 19200K, reserved 1067008K
  class space    used 2002K, capacity 2194K, committed 2304K, reserved 1048576K
}
Event: 1.231 GC heap before
{Heap before GC invocations=4 (full 0):
 garbage-first heap   total 131072K, used 24781K [0x0000000081e00000, 0x0000000100000000)
  region size 1024K, 20 young (20480K), 3 survivors (3072K)
 Metaspace       used 20714K, capacity 21225K, committed 21248K, reserved 1069056K
  class space    used 2361K, capacity 2557K, committed 2560K, reserved 1048576K
}
Event: 1.234 GC heap after
{Heap after GC invocations=5 (full 0):
 garbage-first heap   total 131072K, used 9033K [0x0000000081e00000, 0x0000000100000000)
  region size 1024K, 3 young (3072K), 3 survivors (3072K)
 Metaspace       used 20714K, capacity 21225K, committed 21248K, reserved 1069056K
  class space    used 2361K, capacity 2557K, committed 2560K, reserved 1048576K
}
Event: 1.529 GC heap before
{Heap before GC invocations=6 (full 0):
 garbage-first heap   total 131072K, used 76617K [0x0000000081e00000, 0x0000000100000000)
  region size 1024K, 70 young (71680K), 3 survivors (3072K)
 Metaspace       used 25946K, capacity 26588K, committed 26876K, reserved 1073152K
  class space    used 3004K, capacity 3260K, committed 3324K, reserved 1048576K
}

Deoptimization events (20 events):
Event: 1.305 Thread 0x000001b16e3e2000 Uncommon trap: trap_request=0xffffff4d fr.pc=0x000001b15dfcd084 relative=0x0000000000000244
Event: 1.305 Thread 0x000001b16e3e2000 Uncommon trap: reason=unstable_if action=reinterpret pc=0x000001b15dfcd084 method=java.util.concurrent.ConcurrentHashMap.get(Ljava/lang/Object;)Ljava/lang/Object; @ 76 c2
Event: 1.305 Thread 0x000001b16e3e2000 DEOPT PACKING pc=0x000001b15dfcd084 sp=0x0000001da64faad0
Event: 1.305 Thread 0x000001b16e3e2000 DEOPT UNPACKING pc=0x000001b1564e74af sp=0x0000001da64faa48 mode 2
Event: 1.337 Thread 0x000001b16e3e2000 Uncommon trap: trap_request=0xffffff4d fr.pc=0x000001b15df986c4 relative=0x00000000000009e4
Event: 1.337 Thread 0x000001b16e3e2000 Uncommon trap: reason=unstable_if action=reinterpret pc=0x000001b15df986c4 method=java.util.zip.ZipFile$Source.getEntryPos([BZ)I @ 156 c2
Event: 1.337 Thread 0x000001b16e3e2000 DEOPT PACKING pc=0x000001b15df986c4 sp=0x0000001da64fd190
Event: 1.337 Thread 0x000001b16e3e2000 DEOPT UNPACKING pc=0x000001b1564e74af sp=0x0000001da64fd130 mode 2
Event: 1.356 Thread 0x000001b16eb02800 Uncommon trap: trap_request=0xffffffde fr.pc=0x000001b15e02a000 relative=0x0000000000000f00
Event: 1.356 Thread 0x000001b16eb02800 Uncommon trap: reason=class_check action=maybe_recompile pc=0x000001b15e02a000 method=java.util.HashMap.putVal(ILjava/lang/Object;Ljava/lang/Object;ZZ)Ljava/lang/Object; @ 203 c2
Event: 1.356 Thread 0x000001b16eb02800 DEOPT PACKING pc=0x000001b15e02a000 sp=0x0000001da65fe990
Event: 1.356 Thread 0x000001b16eb02800 DEOPT UNPACKING pc=0x000001b1564e74af sp=0x0000001da65fe920 mode 2
Event: 1.358 Thread 0x000001b16eb02800 Uncommon trap: trap_request=0xffffffde fr.pc=0x000001b15e02a000 relative=0x0000000000000f00
Event: 1.358 Thread 0x000001b16eb02800 Uncommon trap: reason=class_check action=maybe_recompile pc=0x000001b15e02a000 method=java.util.HashMap.putVal(ILjava/lang/Object;Ljava/lang/Object;ZZ)Ljava/lang/Object; @ 203 c2
Event: 1.358 Thread 0x000001b16eb02800 DEOPT PACKING pc=0x000001b15e02a000 sp=0x0000001da65fea20
Event: 1.358 Thread 0x000001b16eb02800 DEOPT UNPACKING pc=0x000001b1564e74af sp=0x0000001da65fe9b0 mode 2
Event: 1.360 Thread 0x000001b16eb02800 Uncommon trap: trap_request=0xffffffde fr.pc=0x000001b15e02a000 relative=0x0000000000000f00
Event: 1.360 Thread 0x000001b16eb02800 Uncommon trap: reason=class_check action=maybe_recompile pc=0x000001b15e02a000 method=java.util.HashMap.putVal(ILjava/lang/Object;Ljava/lang/Object;ZZ)Ljava/lang/Object; @ 203 c2
Event: 1.360 Thread 0x000001b16eb02800 DEOPT PACKING pc=0x000001b15e02a000 sp=0x0000001da65fe8b0
Event: 1.360 Thread 0x000001b16eb02800 DEOPT UNPACKING pc=0x000001b1564e74af sp=0x0000001da65fe840 mode 2

Classes redefined (0 events):
No events

Internal exceptions (20 events):
Event: 1.133 Thread 0x000001b16e3e2000 Exception <a 'java/lang/NoSuchMethodError'{0x00000000899805a8}: 'org.slf4j.impl.StaticMDCBinder org.slf4j.impl.StaticMDCBinder.getSingleton()'> (0x00000000899805a8) thrown at [./src/hotspot/share/interpreter/linkResolver.cpp, line 773]
Event: 1.134 Thread 0x000001b16e3e2000 Implicit null exception at 0x000001b15dfca1f5 to 0x000001b15dfca3b4
Event: 1.279 Thread 0x000001b16e3e2000 Exception <a 'java/lang/ClassNotFoundException'{0x000000008997d400}: java/lang/ObjectCustomizer> (0x000000008997d400) thrown at [./src/hotspot/share/classfile/systemDictionary.cpp, line 231]
Event: 1.308 Thread 0x000001b16e3e2000 Exception <a 'java/lang/ClassNotFoundException'{0x0000000089728570}: org/springframework/context/annotation/ConfigurationClassPostProcessorCustomizer> (0x0000000089728570) thrown at [./src/hotspot/share/classfile/systemDictionary.cpp, line 231]
Event: 1.311 Thread 0x000001b16e3e2000 Exception <a 'java/lang/ClassNotFoundException'{0x0000000089755078}: org/springframework/beans/factory/support/BeanDefinitionRegistryPostProcessorCustomizer> (0x0000000089755078) thrown at [./src/hotspot/share/classfile/systemDictionary.cpp, line 231]
Event: 1.311 Thread 0x000001b16e3e2000 Exception <a 'java/lang/ClassNotFoundException'{0x0000000089764780}: org/springframework/beans/factory/config/BeanFactoryPostProcessorCustomizer> (0x0000000089764780) thrown at [./src/hotspot/share/classfile/systemDictionary.cpp, line 231]
Event: 1.312 Thread 0x000001b16e3e2000 Exception <a 'java/lang/ClassNotFoundException'{0x00000000897715a0}: org/springframework/core/PriorityOrderedCustomizer> (0x00000000897715a0) thrown at [./src/hotspot/share/classfile/systemDictionary.cpp, line 231]
Event: 1.312 Thread 0x000001b16e3e2000 Exception <a 'java/lang/ClassNotFoundException'{0x000000008977c598}: org/springframework/core/OrderedCustomizer> (0x000000008977c598) thrown at [./src/hotspot/share/classfile/systemDictionary.cpp, line 231]
Event: 1.313 Thread 0x000001b16e3e2000 Exception <a 'java/lang/ClassNotFoundException'{0x00000000895ce9a8}: org/springframework/context/ResourceLoaderAwareCustomizer> (0x00000000895ce9a8) thrown at [./src/hotspot/share/classfile/systemDictionary.cpp, line 231]
Event: 1.313 Thread 0x000001b16e3e2000 Exception <a 'java/lang/ClassNotFoundException'{0x00000000895db430}: org/springframework/beans/factory/AwareCustomizer> (0x00000000895db430) thrown at [./src/hotspot/share/classfile/systemDictionary.cpp, line 231]
Event: 1.314 Thread 0x000001b16e3e2000 Exception <a 'java/lang/ClassNotFoundException'{0x00000000895e8398}: org/springframework/context/ApplicationStartupAwareCustomizer> (0x00000000895e8398) thrown at [./src/hotspot/share/classfile/systemDictionary.cpp, line 231]
Event: 1.314 Thread 0x000001b16e3e2000 Exception <a 'java/lang/ClassNotFoundException'{0x00000000895f5098}: org/springframework/beans/factory/AwareCustomizer> (0x00000000895f5098) thrown at [./src/hotspot/share/classfile/systemDictionary.cpp, line 231]
Event: 1.315 Thread 0x000001b16e3e2000 Exception <a 'java/lang/ClassNotFoundException'{0x00000000894026d0}: org/springframework/beans/factory/BeanClassLoaderAwareCustomizer> (0x00000000894026d0) thrown at [./src/hotspot/share/classfile/systemDictionary.cpp, line 231]
Event: 1.315 Thread 0x000001b16e3e2000 Exception <a 'java/lang/ClassNotFoundException'{0x000000008940f170}: org/springframework/beans/factory/AwareCustomizer> (0x000000008940f170) thrown at [./src/hotspot/share/classfile/systemDictionary.cpp, line 231]
Event: 1.316 Thread 0x000001b16e3e2000 Exception <a 'java/lang/ClassNotFoundException'{0x000000008941b4c0}: org/springframework/context/EnvironmentAwareCustomizer> (0x000000008941b4c0) thrown at [./src/hotspot/share/classfile/systemDictionary.cpp, line 231]
Event: 1.316 Thread 0x000001b16e3e2000 Exception <a 'java/lang/ClassNotFoundException'{0x0000000089427ed8}: org/springframework/beans/factory/AwareCustomizer> (0x0000000089427ed8) thrown at [./src/hotspot/share/classfile/systemDictionary.cpp, line 231]
Event: 1.390 Thread 0x000001b16eb02800 Exception <a 'java/lang/NoSuchMethodError'{0x00000000889cf5a0}: 'java.lang.Object java.lang.invoke.DirectMethodHandle$Holder.invokeStaticInit(java.lang.Object, java.lang.Object, java.lang.Object, java.lang.Object, java.lang.Object)'> (0x00000000889cf5a0) thrown at [./src/hotspot/share/interpreter/linkResolver.cpp, line 773]
Event: 1.396 Thread 0x000001b16eb02800 Exception <a 'java/lang/NoSuchMethodError'{0x000000008883b380}: 'java.lang.Object java.lang.invoke.DirectMethodHandle$Holder.invokeSpecial(java.lang.Object, java.lang.Object, int, int, java.lang.Object, java.lang.Object, java.lang.Object)'> (0x000000008883b380) thrown at [./src/hotspot/share/interpreter/linkResolver.cpp, line 773]
Event: 1.397 Thread 0x000001b16eb02800 Exception <a 'java/lang/NoSuchMethodError'{0x000000008883e910}: 'java.lang.Object java.lang.invoke.DelegatingMethodHandle$Holder.reinvoke_L(java.lang.Object, int, int, java.lang.Object, java.lang.Object, java.lang.Object)'> (0x000000008883e910) thrown at [./src/hotspot/share/interpreter/linkResolver.cpp, line 773]
Event: 1.397 Thread 0x000001b16eb02800 Exception <a 'java/lang/NoSuchMethodError'{0x0000000088842750}: 'java.lang.Object java.lang.invoke.DirectMethodHandle$Holder.invokeStatic(java.lang.Object, java.lang.Object, java.lang.Object, java.lang.Object, int)'> (0x0000000088842750) thrown at [./src/hotspot/share/interpreter/linkResolver.cpp, line 773]

Events (20 events):
Event: 1.527 loading class com/fasterxml/jackson/databind/DeserializationConfig done
Event: 1.527 loading class javax/servlet/GenericServlet
Event: 1.527 loading class javax/servlet/GenericServlet done
Event: 1.528 loading class com/fasterxml/jackson/databind/introspect/AnnotatedClassResolver
Event: 1.528 loading class com/fasterxml/jackson/databind/introspect/AnnotatedClassResolver done
Event: 1.528 loading class org/springframework/data/r2dbc/core/R2dbcEntityTemplate
Event: 1.528 loading class org/springframework/data/r2dbc/core/R2dbcEntityTemplate done
Event: 1.528 Executing VM operation: RevokeBias
Event: 1.529 Executing VM operation: RevokeBias done
Event: 1.529 Executing VM operation: RevokeBias
Event: 1.529 Executing VM operation: RevokeBias done
Event: 1.529 loading class io/r2dbc/spi/ConnectionFactory
Event: 1.529 loading class io/r2dbc/spi/ConnectionFactory done
Event: 1.529 loading class com/fasterxml/jackson/databind/introspect/AnnotationCollector
Event: 1.529 loading class com/fasterxml/jackson/databind/introspect/AnnotationCollector done
Event: 1.529 loading class org/springframework/data/redis/core/RedisOperations
Event: 1.529 loading class org/springframework/data/redis/core/RedisOperations done
Event: 1.529 loading class com/fasterxml/jackson/databind/util/Annotations
Event: 1.529 loading class com/fasterxml/jackson/databind/util/Annotations done
Event: 1.529 Executing VM operation: G1CollectForAllocation


Dynamic libraries:
0x00007ff7eb380000 - 0x00007ff7eb38d000 	C:\Program Files\AdoptOpenJDK\jdk-11.0.9.101-hotspot\bin\javaw.exe
0x00007ffbe2d90000 - 0x00007ffbe2f86000 	C:\WINDOWS\SYSTEM32\ntdll.dll
0x00007ffbe2c00000 - 0x00007ffbe2cbd000 	C:\WINDOWS\System32\KERNEL32.DLL
0x00007ffbe08d0000 - 0x00007ffbe0b99000 	C:\WINDOWS\System32\KERNELBASE.dll
0x00007ffbe0690000 - 0x00007ffbe0790000 	C:\WINDOWS\System32\ucrtbase.dll
0x00007ffbdb0f0000 - 0x00007ffbdb105000 	C:\Program Files\AdoptOpenJDK\jdk-11.0.9.101-hotspot\bin\VCRUNTIME140.dll
0x00007ffbabcf0000 - 0x00007ffbabd07000 	C:\Program Files\AdoptOpenJDK\jdk-11.0.9.101-hotspot\bin\jli.dll
0x00007ffbe1de0000 - 0x00007ffbe1f80000 	C:\WINDOWS\System32\USER32.dll
0x00007ffbe0550000 - 0x00007ffbe0572000 	C:\WINDOWS\System32\win32u.dll
0x00007ffbe1470000 - 0x00007ffbe149a000 	C:\WINDOWS\System32\GDI32.dll
0x00007ffbd3cd0000 - 0x00007ffbd3f6b000 	C:\WINDOWS\WinSxS\amd64_microsoft.windows.common-controls_6595b64144ccf1df_6.0.19041.488_none_ca04af081b815d21\COMCTL32.dll
0x00007ffbe07c0000 - 0x00007ffbe08c9000 	C:\WINDOWS\System32\gdi32full.dll
0x00007ffbe23d0000 - 0x00007ffbe246e000 	C:\WINDOWS\System32\msvcrt.dll
0x00007ffbe0d50000 - 0x00007ffbe0ded000 	C:\WINDOWS\System32\msvcp_win.dll
0x00007ffbe2740000 - 0x00007ffbe2770000 	C:\WINDOWS\System32\IMM32.DLL
0x00007ffbafd30000 - 0x00007ffbafdd4000 	C:\Program Files\McAfee\Endpoint Security\Threat Prevention\Ips\EpMPApi.dll
0x00007ffbe2020000 - 0x00007ffbe214b000 	C:\WINDOWS\System32\RPCRT4.dll
0x00007ffbe14a0000 - 0x00007ffbe154c000 	C:\WINDOWS\System32\ADVAPI32.dll
0x00007ffbe1f80000 - 0x00007ffbe201c000 	C:\WINDOWS\System32\sechost.dll
0x00007ffbe0630000 - 0x00007ffbe0690000 	C:\WINDOWS\System32\WINTRUST.dll
0x00007ffbe0ba0000 - 0x00007ffbe0cfd000 	C:\WINDOWS\System32\CRYPT32.dll
0x00007ffbe0050000 - 0x00007ffbe0062000 	C:\WINDOWS\SYSTEM32\MSASN1.dll
0x0000000058e00000 - 0x0000000058e0c000 	C:\Program Files\McAfee\Endpoint Security\Threat Prevention\Ips\EpMPThe.dll
0x00007ffbd9e30000 - 0x00007ffbd9ecb000 	C:\Program Files\AdoptOpenJDK\jdk-11.0.9.101-hotspot\bin\msvcp140.dll
0x00007ffb781b0000 - 0x00007ffb78cf3000 	C:\Program Files\AdoptOpenJDK\jdk-11.0.9.101-hotspot\bin\server\jvm.dll
0x00007ffbe2ad0000 - 0x00007ffbe2ad8000 	C:\WINDOWS\System32\PSAPI.DLL
0x00007ffbd3f70000 - 0x00007ffbd3f97000 	C:\WINDOWS\SYSTEM32\WINMM.dll
0x00007ffbd91d0000 - 0x00007ffbd91da000 	C:\WINDOWS\SYSTEM32\VERSION.dll
0x00007ffbc9ea0000 - 0x00007ffbc9ea9000 	C:\WINDOWS\SYSTEM32\WSOCK32.dll
0x00007ffbe2330000 - 0x00007ffbe239b000 	C:\WINDOWS\System32\WS2_32.dll
0x00007ffbdf050000 - 0x00007ffbdf062000 	C:\WINDOWS\SYSTEM32\kernel.appcore.dll
0x00007ffbdc770000 - 0x00007ffbdc780000 	C:\Program Files\AdoptOpenJDK\jdk-11.0.9.101-hotspot\bin\verify.dll
0x00007ffbcbd60000 - 0x00007ffbcbf44000 	C:\WINDOWS\SYSTEM32\DBGHELP.DLL
0x00007ffbcac30000 - 0x00007ffbcac5c000 	C:\WINDOWS\SYSTEM32\dbgcore.DLL
0x00007ffbe04d0000 - 0x00007ffbe0550000 	C:\WINDOWS\System32\bcryptPrimitives.dll
0x00007ffbafcb0000 - 0x00007ffbafcd8000 	C:\Program Files\AdoptOpenJDK\jdk-11.0.9.101-hotspot\bin\java.dll
0x00007ffbd8ec0000 - 0x00007ffbd8eca000 	C:\Program Files\AdoptOpenJDK\jdk-11.0.9.101-hotspot\bin\jimage.dll
0x00007ffbabcd0000 - 0x00007ffbabce7000 	C:\Program Files\AdoptOpenJDK\jdk-11.0.9.101-hotspot\bin\zip.dll
0x00007ffbe15b0000 - 0x00007ffbe1cf2000 	C:\WINDOWS\System32\SHELL32.dll
0x00007ffbde550000 - 0x00007ffbdece5000 	C:\WINDOWS\SYSTEM32\windows.storage.dll
0x00007ffbe2770000 - 0x00007ffbe2ac6000 	C:\WINDOWS\System32\combase.dll
0x00007ffbdfed0000 - 0x00007ffbdfefc000 	C:\WINDOWS\SYSTEM32\Wldp.dll
0x00007ffbe2280000 - 0x00007ffbe232e000 	C:\WINDOWS\System32\SHCORE.dll
0x00007ffbe1550000 - 0x00007ffbe15a5000 	C:\WINDOWS\System32\shlwapi.dll
0x00007ffbe0400000 - 0x00007ffbe0426000 	C:\WINDOWS\SYSTEM32\profapi.dll
0x00007ffbabcb0000 - 0x00007ffbabcc9000 	C:\Program Files\AdoptOpenJDK\jdk-11.0.9.101-hotspot\bin\net.dll
0x00007ffbd80c0000 - 0x00007ffbd81c0000 	C:\WINDOWS\SYSTEM32\WINHTTP.dll
0x00007ffbdfbf0000 - 0x00007ffbdfc5a000 	C:\WINDOWS\system32\mswsock.dll
0x00007ffbabc90000 - 0x00007ffbabca2000 	C:\Program Files\AdoptOpenJDK\jdk-11.0.9.101-hotspot\bin\nio.dll
0x00007ffbddd40000 - 0x00007ffbddd49000 	C:\Program Files\AdoptOpenJDK\jdk-11.0.9.101-hotspot\bin\management.dll
0x00007ffbddd30000 - 0x00007ffbddd3b000 	C:\Program Files\AdoptOpenJDK\jdk-11.0.9.101-hotspot\bin\management_ext.dll
0x00007ffbd1cd0000 - 0x00007ffbd1ce7000 	C:\WINDOWS\system32\napinsp.dll
0x00007ffbd1cf0000 - 0x00007ffbd1d0b000 	C:\WINDOWS\system32\pnrpnsp.dll
0x00007ffbdb1a0000 - 0x00007ffbdb1b5000 	C:\WINDOWS\system32\wshbth.dll
0x00007ffbdc8c0000 - 0x00007ffbdc8dd000 	C:\WINDOWS\system32\NLAapi.dll
0x00007ffbdf8e0000 - 0x00007ffbdf91b000 	C:\WINDOWS\SYSTEM32\IPHLPAPI.DLL
0x00007ffbdf920000 - 0x00007ffbdf9eb000 	C:\WINDOWS\SYSTEM32\DNSAPI.dll
0x00007ffbe2cc0000 - 0x00007ffbe2cc8000 	C:\WINDOWS\System32\NSI.dll
0x00007ffbd1d10000 - 0x00007ffbd1d22000 	C:\WINDOWS\System32\winrnr.dll
0x00007ffbd8fb0000 - 0x00007ffbd8fba000 	C:\Windows\System32\rasadhlp.dll
0x00007ffbdba90000 - 0x00007ffbdbb0f000 	C:\WINDOWS\System32\fwpuclnt.dll
0x00007ffbe0790000 - 0x00007ffbe07b7000 	C:\WINDOWS\System32\bcrypt.dll

dbghelp: loaded successfully - version: 4.0.5 - missing functions: none
symbol engine: initialized successfully - sym options: 0x614 - pdb path: .;C:\Program Files\AdoptOpenJDK\jdk-11.0.9.101-hotspot\bin;C:\WINDOWS\SYSTEM32;C:\WINDOWS\WinSxS\amd64_microsoft.windows.common-controls_6595b64144ccf1df_6.0.19041.488_none_ca04af081b815d21;C:\Program Files\McAfee\Endpoint Security\Threat Prevention\Ips;C:\Program Files\AdoptOpenJDK\jdk-11.0.9.101-hotspot\bin\server

VM Arguments:
jvm_args: -Dfile.encoding=UTF-8 
java_command: br.desafio.livraria.LivrariaApplication
java_class_path (initial): C:\Users\h013026\OneDrive - Default Directory\Worspace_Desafio_Bootcamp_Java_Alura\livraria\target\classes;C:\Users\h013026\.m2\repository\org\springframework\spring-web\5.3.9\spring-web-5.3.9.jar;C:\Users\h013026\.m2\repository\org\springframework\boot\spring-boot-starter-web\2.5.4\spring-boot-starter-web-2.5.4.jar;C:\Users\h013026\.m2\repository\org\springframework\boot\spring-boot-starter\2.5.4\spring-boot-starter-2.5.4.jar;C:\Users\h013026\.m2\repository\org\springframework\boot\spring-boot-starter-logging\2.5.4\spring-boot-starter-logging-2.5.4.jar;C:\Users\h013026\.m2\repository\ch\qos\logback\logback-classic\1.2.5\logback-classic-1.2.5.jar;C:\Users\h013026\.m2\repository\ch\qos\logback\logback-core\1.2.5\logback-core-1.2.5.jar;C:\Users\h013026\.m2\repository\org\apache\logging\log4j\log4j-to-slf4j\2.14.1\log4j-to-slf4j-2.14.1.jar;C:\Users\h013026\.m2\repository\org\apache\logging\log4j\log4j-api\2.14.1\log4j-api-2.14.1.jar;C:\Users\h013026\.m2\repository\org\slf4j\jul-to-slf4j\1.7.32\jul-to-slf4j-1.7.32.jar;C:\Users\h013026\.m2\repository\jakarta\annotation\jakarta.annotation-api\1.3.5\jakarta.annotation-api-1.3.5.jar;C:\Users\h013026\.m2\repository\org\yaml\snakeyaml\1.28\snakeyaml-1.28.jar;C:\Users\h013026\.m2\repository\org\springframework\boot\spring-boot-starter-json\2.5.4\spring-boot-starter-json-2.5.4.jar;C:\Users\h013026\.m2\repository\com\fasterxml\jackson\core\jackson-databind\2.12.4\jackson-databind-2.12.4.jar;C:\Users\h013026\.m2\repository\com\fasterxml\jackson\core\jackson-annotations\2.12.4\jackson-annotations-2.12.4.jar;C:\Users\h013026\.m2\repository\com\fasterxml\jackson\core\jackson-core\2.12.4\jackson-core-2.12.4.jar;C:\Users\h013026\.m2\repository\com\fasterxml\jackson\datatype\jackson-datatype-jdk8\2.12.4\jackson-datatype-jdk8-2.12.4.jar;C:\Users\h013026\.m2\repository\com\fasterxml\jackson\datatype\jackson-datatype-jsr310\2.12.4\jackson-datatype-jsr310-2.12.4.jar;C:\Users\h013026\.m2\repository\com\fasterxml
Launcher Type: SUN_STANDARD

[Global flags]
     intx CICompilerCount                          = 3                                         {product} {ergonomic}
     uint ConcGCThreads                            = 1                                         {product} {ergonomic}
     uint G1ConcRefinementThreads                  = 4                                         {product} {ergonomic}
   size_t G1HeapRegionSize                         = 1048576                                   {product} {ergonomic}
    uintx GCDrainStackTargetSize                   = 64                                        {product} {ergonomic}
   size_t InitialHeapSize                          = 134217728                                 {product} {ergonomic}
   size_t MarkStackSize                            = 4194304                                   {product} {ergonomic}
   size_t MaxHeapSize                              = 2116026368                                {product} {ergonomic}
   size_t MaxNewSize                               = 1268776960                                {product} {ergonomic}
   size_t MinHeapDeltaBytes                        = 1048576                                   {product} {ergonomic}
    uintx NonNMethodCodeHeapSize                   = 5830732                                {pd product} {ergonomic}
    uintx NonProfiledCodeHeapSize                  = 122913754                              {pd product} {ergonomic}
    uintx ProfiledCodeHeapSize                     = 122913754                              {pd product} {ergonomic}
    uintx ReservedCodeCacheSize                    = 251658240                              {pd product} {ergonomic}
     bool SegmentedCodeCache                       = true                                      {product} {ergonomic}
     bool UseCompressedClassPointers               = true                                 {lp64_product} {ergonomic}
     bool UseCompressedOops                        = true                                 {lp64_product} {ergonomic}
     bool UseG1GC                                  = true                                      {product} {ergonomic}
     bool UseLargePagesIndividualAllocation        = false                                  {pd product} {ergonomic}

Logging:
Log output configuration:
 #0: stdout all=warning uptime,level,tags
 #1: stderr all=off uptime,level,tags

Environment Variables:
JAVA_HOME=C:\Program Files\AdoptOpenJDK\jdk-11.0.9.101-hotspot\
PATH=C:/Program Files/AdoptOpenJDK/jdk-11.0.9.101-hotspot/bin/client;C:/Program Files/AdoptOpenJDK/jdk-11.0.9.101-hotspot/bin;C:\Program Files\AdoptOpenJDK\jdk-11.0.9.101-hotspot\bin;C:\Program Files (x86)\Common Files\Oracle\Java\javapath;C:\Program Files\Microsoft MPI\Bin\;C:\ProgramData\Oracle\Java\javapath;C:\Windows\system32;C:\Windows;C:\Windows\System32\Wbem;C:\Windows\System32\WindowsPowerShell\v1.0\;C:\Program Files\SourceGear\Common\DiffMerge\;C:\Program Files\dotnet\;C:\Program Files\Microsoft SQL Server\130\Tools\Binn\;C:\Program Files\Git\cmd;C:\Program Files\PostgreSQL\10\bin;C:\Program Files\PostgreSQL\10\lib;C:\Program Files\Microsoft VS Code\bin;C:\Program Files\MongoDB\Server\4.0\bin;C:\Program Files\RStudio\bin;C:\Program Files\R\R-3.5.3\bin;C:\ProgramData\chocolatey\bin;C:\Program Files (x86)\vim\vim80;C:\apache-maven-3.6.3\bin;C:\Program Files\Java\jdk1.8.0_241\bin;C:\Program Files (x86)\Microsoft SQL Server\100\Tools\Binn\;C:\Program Files\Microsoft SQL Server\100\Tools\Binn\;C:\Program Files\Microsoft SQL Server\100\DTS\Binn\;C:\Program Files (x86)\Microsoft SQL Server\100\Tools\Binn\VSShell\Common7\IDE\;C:\Program Files (x86)\Microsoft SQL Server\100\DTS\Binn\;C:\Program Files (x86)\Microsoft Visual Studio 9.0\Common7\IDE\PrivateAssemblies\;C:\WINDOWS\system32;C:\WINDOWS;C:\WINDOWS\System32\Wbem;C:\WINDOWS\System32\WindowsPowerShell\v1.0\;C:\WINDOWS\System32\OpenSSH\;c:\Program Files (x86)\Microsoft SQL Server\110\Tools\Binn\;c:\Program Files\Microsoft SQL Server\110\Tools\Binn\;c:\Program Files\Microsoft SQL Server\110\DTS\Binn\;C:\Program Files\nodejs\;C:\Users\h013026\Anaconda3\Scripts;C:\Program Files\Microsoft SQL Server\Client SDK\ODBC\170\Tools\Binn\;C:\Users\h013026\.sdkman\bin;%C:\Program Files (x86)\Common Files\Oracle\Java\javapath;C:\Program Files\Microsoft MPI\Bin\;C:\ProgramData\Oracle\Java\javapath;C:\Windows\system32;C:\Windows;C:\Windows\System32\Wbem;C:\Windows\System32\WindowsPowerShell\v1.0\;c:\Program Files (x86)\Microsoft S
USERNAME=h013026
OS=Windows_NT
PROCESSOR_IDENTIFIER=Intel64 Family 6 Model 94 Stepping 3, GenuineIntel



---------------  S Y S T E M  ---------------

OS: Windows 10 , 64 bit Build 19041 (10.0.19041.662)
OS uptime: 0 days 3:47 hours

CPU:total 4 (initial active 4) (4 cores per cpu, 1 threads per core) family 6 model 94 stepping 3, cmov, cx8, fxsr, mmx, sse, sse2, sse3, ssse3, sse4.1, sse4.2, popcnt, avx, avx2, aes, clmul, erms, rtm, 3dnowpref, lzcnt, tsc, tscinvbit, bmi1, bmi2, adx, fma

Memory: 4k page, system-wide physical 8071M (749M free)
TotalPageFile size 9975M (AvailPageFile size 20M)
current process WorkingSet (physical memory assigned to process): 164M, peak: 164M
current process commit charge ("private bytes"): 246M, peak: 272M

vm_info: OpenJDK 64-Bit Server VM (11.0.9.1+1) for windows-amd64 JRE (11.0.9.1+1), built on Nov 10 2020 15:18:49 by "" with MS VC++ 15.9 (VS2017)

END.
