#
# There is insufficient memory for the Java Runtime Environment to continue.
# Native memory allocation (malloc) failed to allocate 32744 bytes for ChunkPool::allocate
# Possible reasons:
#   The system is out of physical RAM or swap space
#   The process is running with CompressedOops enabled, and the Java Heap may be blocking the growth of the native heap
# Possible solutions:
#   Reduce memory load on the system
#   Increase physical memory or swap space
#   Check if swap backing store is full
#   Decrease Java heap size (-Xmx/-Xms)
#   Decrease number of Java threads
#   Decrease Java thread stack sizes (-Xss)
#   Set larger code cache with -XX:ReservedCodeCacheSize=
#   JVM is running with Unscaled Compressed Oops mode in which the Java heap is
#     placed in the first 4GB address space. The Java Heap base address is the
#     maximum limit for the native heap growth. Please use -XX:HeapBaseMinAddress
#     to set the Java Heap base and to place the Java Heap above 4GB virtual address.
# This output file may be truncated or incomplete.
#
#  Out of Memory Error (./src/hotspot/share/memory/arena.cpp:81), pid=10360, tid=13992
#
# JRE version: OpenJDK Runtime Environment AdoptOpenJDK (11.0.9.1+1) (build 11.0.9.1+1)
# Java VM: OpenJDK 64-Bit Server VM AdoptOpenJDK (11.0.9.1+1, mixed mode, tiered, compressed oops, g1 gc, windows-amd64)
# No core dump will be written. Minidumps are not enabled by default on client versions of Windows
#

---------------  S U M M A R Y ------------

Command Line: -agentlib:jdwp=transport=dt_socket,suspend=y,address=localhost:2606 -javaagent:C:\Users\h013026\eclipse\jee-2019-12\eclipse\configuration\org.eclipse.osgi\1278\0\.cp\lib\javaagent-shaded.jar -Dfile.encoding=UTF-8 br.desafio.livraria.LivrariaApplication

Host: Intel(R) Core(TM) i5-6500 CPU @ 3.20GHz, 4 cores, 7G,  Windows 10 , 64 bit Build 19041 (10.0.19041.662)
Time: Thu Sep 16 12:51:22 2021 E. South America Standard Time elapsed time: 15.867122 seconds (0d 0h 0m 15s)

---------------  T H R E A D  ---------------

Current thread (0x0000017b70d1a800):  JavaThread "C2 CompilerThread1" daemon [_thread_in_native, id=13992, stack(0x0000003f7fe00000,0x0000003f7ff00000)]


Current CompileTask:
C2:  15867 4598       4       org.springframework.core.annotation.TypeMappedAnnotations::get (52 bytes)

Stack: [0x0000003f7fe00000,0x0000003f7ff00000]
Native frames: (J=compiled Java code, j=interpreted, Vv=VM code, C=native code)
V  [jvm.dll+0x5f465a]
V  [jvm.dll+0x77c78e]
V  [jvm.dll+0x77de5f]
V  [jvm.dll+0x77e523]
V  [jvm.dll+0x2477c8]
V  [jvm.dll+0xbe68b]
V  [jvm.dll+0xbe9ec]
V  [jvm.dll+0x351f3d]
V  [jvm.dll+0x34d18f]
V  [jvm.dll+0x1995e1]
V  [jvm.dll+0x201192]
V  [jvm.dll+0x20023f]
V  [jvm.dll+0x184fbc]
V  [jvm.dll+0x20f7f7]
V  [jvm.dll+0x20d9db]
V  [jvm.dll+0x741029]
V  [jvm.dll+0x73a0d4]
V  [jvm.dll+0x5f3586]
C  [ucrtbase.dll+0x214c2]
C  [KERNEL32.DLL+0x17034]
C  [ntdll.dll+0x4d0d1]


---------------  P R O C E S S  ---------------

Threads class SMR info:
_java_thread_list=0x0000017b71889500, length=21, elements={
0x0000017b4e802000, 0x0000017b6eee6800, 0x0000017b6eeef000, 0x0000017b6eef9000,
0x0000017b6eefe000, 0x0000017b6f842800, 0x0000017b6f8b3800, 0x0000017b6f8b6800,
0x0000017b6ee79000, 0x0000017b6fa8c000, 0x0000017b6fbfc800, 0x0000017b6fbfd800,
0x0000017b6ff5a800, 0x0000017b70c0d800, 0x0000017b70119000, 0x0000017b72856000,
0x0000017b726b0000, 0x0000017b760d7000, 0x0000017b70d1a800, 0x0000017b745ed000,
0x0000017b710f0000
}

Java Threads: ( => current thread )
  0x0000017b4e802000 JavaThread "main" [_thread_blocked, id=8244, stack(0x0000003f7e100000,0x0000003f7e200000)]
  0x0000017b6eee6800 JavaThread "Reference Handler" daemon [_thread_blocked, id=15736, stack(0x0000003f7e800000,0x0000003f7e900000)]
  0x0000017b6eeef000 JavaThread "Finalizer" daemon [_thread_blocked, id=10908, stack(0x0000003f7e900000,0x0000003f7ea00000)]
  0x0000017b6eef9000 JavaThread "Signal Dispatcher" daemon [_thread_blocked, id=13896, stack(0x0000003f7ea00000,0x0000003f7eb00000)]
  0x0000017b6eefe000 JavaThread "Attach Listener" daemon [_thread_blocked, id=10852, stack(0x0000003f7eb00000,0x0000003f7ec00000)]
  0x0000017b6f842800 JavaThread "C2 CompilerThread0" daemon [_thread_in_native, id=16112, stack(0x0000003f7ec00000,0x0000003f7ed00000)]
  0x0000017b6f8b3800 JavaThread "C1 CompilerThread0" daemon [_thread_in_native, id=13092, stack(0x0000003f7ed00000,0x0000003f7ee00000)]
  0x0000017b6f8b6800 JavaThread "Sweeper thread" daemon [_thread_blocked, id=3976, stack(0x0000003f7ee00000,0x0000003f7ef00000)]
  0x0000017b6ee79000 JavaThread "Common-Cleaner" daemon [_thread_blocked, id=10492, stack(0x0000003f7ef00000,0x0000003f7f000000)]
  0x0000017b6fa8c000 JavaThread "JDWP Transport Listener: dt_socket" daemon [_thread_blocked, id=8588, stack(0x0000003f7f000000,0x0000003f7f100000)]
  0x0000017b6fbfc800 JavaThread "JDWP Event Helper Thread" daemon [_thread_blocked, id=14524, stack(0x0000003f7f100000,0x0000003f7f200000)]
  0x0000017b6fbfd800 JavaThread "JDWP Command Reader" daemon [_thread_in_native, id=11080, stack(0x0000003f7f200000,0x0000003f7f300000)]
  0x0000017b6ff5a800 JavaThread "Service Thread" daemon [_thread_blocked, id=8264, stack(0x0000003f7f300000,0x0000003f7f400000)]
  0x0000017b70c0d800 JavaThread "Thread-0" [_thread_blocked, id=15124, stack(0x0000003f7f700000,0x0000003f7f800000)]
  0x0000017b70119000 JavaThread "restartedMain" [_thread_in_Java, id=15464, stack(0x0000003f7f800000,0x0000003f7f900000)]
  0x0000017b72856000 JavaThread "Catalina-utility-1" [_thread_blocked, id=9516, stack(0x0000003f7fb00000,0x0000003f7fc00000)]
  0x0000017b726b0000 JavaThread "Catalina-utility-2" [_thread_blocked, id=16196, stack(0x0000003f7fc00000,0x0000003f7fd00000)]
  0x0000017b760d7000 JavaThread "container-0" [_thread_blocked, id=15508, stack(0x0000003f7fd00000,0x0000003f7fe00000)]
=>0x0000017b70d1a800 JavaThread "C2 CompilerThread1" daemon [_thread_in_native, id=13992, stack(0x0000003f7fe00000,0x0000003f7ff00000)]
  0x0000017b745ed000 JavaThread "HikariPool-1 housekeeper" daemon [_thread_blocked, id=13444, stack(0x0000003f7ff00000,0x0000003f80000000)]
  0x0000017b710f0000 JavaThread "HikariPool-1 connection adder" daemon [_thread_blocked, id=15032, stack(0x0000003f00000000,0x0000003f00100000)]

Other Threads:
  0x0000017b6eec0800 VMThread "VM Thread" [stack: 0x0000003f7e700000,0x0000003f7e800000] [id=10500]
  0x0000017b6ff5b800 WatcherThread [stack: 0x0000003f7f400000,0x0000003f7f500000] [id=9792]
  0x0000017b4e819800 GCTaskThread "GC Thread#0" [stack: 0x0000003f7e200000,0x0000003f7e300000] [id=14356]
  0x0000017b6ff33000 GCTaskThread "GC Thread#1" [stack: 0x0000003f7f500000,0x0000003f7f600000] [id=10616]
  0x0000017b70135000 GCTaskThread "GC Thread#2" [stack: 0x0000003f7f600000,0x0000003f7f700000] [id=2892]
  0x0000017b70e00000 GCTaskThread "GC Thread#3" [stack: 0x0000003f7fa00000,0x0000003f7fb00000] [id=15028]
  0x0000017b4e843800 ConcurrentGCThread "G1 Main Marker" [stack: 0x0000003f7e300000,0x0000003f7e400000] [id=12336]
  0x0000017b4e845000 ConcurrentGCThread "G1 Conc#0" [stack: 0x0000003f7e400000,0x0000003f7e500000] [id=11480]
  0x0000017b4e8ae800 ConcurrentGCThread "G1 Refine#0" [stack: 0x0000003f7e500000,0x0000003f7e600000] [id=11196]
  0x0000017b6ed2b800 ConcurrentGCThread "G1 Young RemSet Sampling" [stack: 0x0000003f7e600000,0x0000003f7e700000] [id=1036]

Threads with active compile tasks:
C2 CompilerThread0  16198 4602       4       org.eclipse.jdt.launching.internal.org.objectweb.asm.ClassReader::readField (667 bytes)
C2 CompilerThread1  16198 4598       4       org.springframework.core.annotation.TypeMappedAnnotations::get (52 bytes)

VM state:not at safepoint (normal execution)

VM Mutex/Monitor currently owned by a thread:  ([mutex/lock_event])
[0x0000017b4e7fd580] Compile_lock - owner thread: 0x0000000000000000

Heap address: 0x0000000081e00000, size: 2018 MB, Compressed Oops mode: 32-bit
Narrow klass base: 0x0000000000000000, Narrow klass shift: 3
Compressed class space size: 1073741824 Address: 0x0000000100000000

Heap:
 garbage-first heap   total 131072K, used 29322K [0x0000000081e00000, 0x0000000100000000)
  region size 1024K, 14 young (14336K), 6 survivors (6144K)
 Metaspace       used 60884K, capacity 62353K, committed 62584K, reserved 1103872K
  class space    used 7651K, capacity 8253K, committed 8312K, reserved 1048576K
Heap Regions: E=young(eden), S=young(survivor), O=old, HS=humongous(starts), HC=humongous(continues), CS=collection set, F=free, A=archive, TAMS=top-at-mark-start (previous, next)
|   0|0x0000000081e00000, 0x0000000081f00000, 0x0000000081f00000|100%|HS|  |TAMS 0x0000000081f00000, 0x0000000081e00000| Complete 
|   1|0x0000000081f00000, 0x0000000082000000, 0x0000000082000000|100%| O|  |TAMS 0x0000000082000000, 0x0000000081f00000| Untracked 
|   2|0x0000000082000000, 0x0000000082100000, 0x0000000082100000|100%| O|  |TAMS 0x0000000082100000, 0x0000000082000000| Untracked 
|   3|0x0000000082100000, 0x0000000082200000, 0x0000000082200000|100%| O|  |TAMS 0x0000000082200000, 0x0000000082100000| Untracked 
|   4|0x0000000082200000, 0x0000000082300000, 0x0000000082300000|100%| O|  |TAMS 0x0000000082300000, 0x0000000082200000| Untracked 
|   5|0x0000000082300000, 0x0000000082400000, 0x0000000082400000|100%| O|  |TAMS 0x0000000082400000, 0x0000000082300000| Untracked 
|   6|0x0000000082400000, 0x0000000082500000, 0x0000000082500000|100%| O|  |TAMS 0x0000000082500000, 0x0000000082400000| Untracked 
|   7|0x0000000082500000, 0x0000000082600000, 0x0000000082600000|100%| O|  |TAMS 0x0000000082600000, 0x0000000082500000| Untracked 
|   8|0x0000000082600000, 0x0000000082700000, 0x0000000082700000|100%| O|  |TAMS 0x0000000082700000, 0x0000000082600000| Untracked 
|   9|0x0000000082700000, 0x0000000082800000, 0x0000000082800000|100%| O|  |TAMS 0x0000000082800000, 0x0000000082700000| Untracked 
|  10|0x0000000082800000, 0x0000000082900000, 0x0000000082900000|100%| O|  |TAMS 0x0000000082900000, 0x0000000082800000| Untracked 
|  11|0x0000000082900000, 0x0000000082a00000, 0x0000000082a00000|100%| O|  |TAMS 0x0000000082a00000, 0x0000000082900000| Untracked 
|  12|0x0000000082a00000, 0x0000000082b00000, 0x0000000082b00000|100%| O|  |TAMS 0x0000000082b00000, 0x0000000082a00000| Untracked 
|  13|0x0000000082b00000, 0x0000000082c00000, 0x0000000082c00000|100%| O|  |TAMS 0x0000000082c00000, 0x0000000082b00000| Untracked 
|  14|0x0000000082c00000, 0x0000000082d00000, 0x0000000082d00000|100%| O|  |TAMS 0x0000000082d00000, 0x0000000082c00000| Untracked 
|  15|0x0000000082d00000, 0x0000000082da2800, 0x0000000082e00000| 63%| O|  |TAMS 0x0000000082da2800, 0x0000000082d00000| Untracked 
|  16|0x0000000082e00000, 0x0000000082e00000, 0x0000000082f00000|  0%| F|  |TAMS 0x0000000082e00000, 0x0000000082e00000| Untracked 
|  17|0x0000000082f00000, 0x0000000082f00000, 0x0000000083000000|  0%| F|  |TAMS 0x0000000082f00000, 0x0000000082f00000| Untracked 
|  18|0x0000000083000000, 0x0000000083000000, 0x0000000083100000|  0%| F|  |TAMS 0x0000000083000000, 0x0000000083000000| Untracked 
|  19|0x0000000083100000, 0x0000000083100000, 0x0000000083200000|  0%| F|  |TAMS 0x0000000083100000, 0x0000000083100000| Untracked 
|  20|0x0000000083200000, 0x0000000083200000, 0x0000000083300000|  0%| F|  |TAMS 0x0000000083200000, 0x0000000083200000| Untracked 
|  21|0x0000000083300000, 0x0000000083300000, 0x0000000083400000|  0%| F|  |TAMS 0x0000000083300000, 0x0000000083300000| Untracked 
|  22|0x0000000083400000, 0x0000000083400000, 0x0000000083500000|  0%| F|  |TAMS 0x0000000083400000, 0x0000000083400000| Untracked 
|  23|0x0000000083500000, 0x0000000083500000, 0x0000000083600000|  0%| F|  |TAMS 0x0000000083500000, 0x0000000083500000| Untracked 
|  24|0x0000000083600000, 0x0000000083600000, 0x0000000083700000|  0%| F|  |TAMS 0x0000000083600000, 0x0000000083600000| Untracked 
|  25|0x0000000083700000, 0x0000000083700000, 0x0000000083800000|  0%| F|  |TAMS 0x0000000083700000, 0x0000000083700000| Untracked 
|  26|0x0000000083800000, 0x0000000083800000, 0x0000000083900000|  0%| F|  |TAMS 0x0000000083800000, 0x0000000083800000| Untracked 
|  27|0x0000000083900000, 0x0000000083900000, 0x0000000083a00000|  0%| F|  |TAMS 0x0000000083900000, 0x0000000083900000| Untracked 
|  28|0x0000000083a00000, 0x0000000083a00000, 0x0000000083b00000|  0%| F|  |TAMS 0x0000000083a00000, 0x0000000083a00000| Untracked 
|  29|0x0000000083b00000, 0x0000000083b00000, 0x0000000083c00000|  0%| F|  |TAMS 0x0000000083b00000, 0x0000000083b00000| Untracked 
|  30|0x0000000083c00000, 0x0000000083c00000, 0x0000000083d00000|  0%| F|  |TAMS 0x0000000083c00000, 0x0000000083c00000| Untracked 
|  31|0x0000000083d00000, 0x0000000083d00000, 0x0000000083e00000|  0%| F|  |TAMS 0x0000000083d00000, 0x0000000083d00000| Untracked 
|  32|0x0000000083e00000, 0x0000000083e00000, 0x0000000083f00000|  0%| F|  |TAMS 0x0000000083e00000, 0x0000000083e00000| Untracked 
|  33|0x0000000083f00000, 0x0000000083f00000, 0x0000000084000000|  0%| F|  |TAMS 0x0000000083f00000, 0x0000000083f00000| Untracked 
|  34|0x0000000084000000, 0x0000000084000000, 0x0000000084100000|  0%| F|  |TAMS 0x0000000084000000, 0x0000000084000000| Untracked 
|  35|0x0000000084100000, 0x0000000084100000, 0x0000000084200000|  0%| F|  |TAMS 0x0000000084100000, 0x0000000084100000| Untracked 
|  36|0x0000000084200000, 0x0000000084200000, 0x0000000084300000|  0%| F|  |TAMS 0x0000000084200000, 0x0000000084200000| Untracked 
|  37|0x0000000084300000, 0x0000000084300000, 0x0000000084400000|  0%| F|  |TAMS 0x0000000084300000, 0x0000000084300000| Untracked 
|  38|0x0000000084400000, 0x0000000084400000, 0x0000000084500000|  0%| F|  |TAMS 0x0000000084400000, 0x0000000084400000| Untracked 
|  39|0x0000000084500000, 0x0000000084500000, 0x0000000084600000|  0%| F|  |TAMS 0x0000000084500000, 0x0000000084500000| Untracked 
|  40|0x0000000084600000, 0x0000000084600000, 0x0000000084700000|  0%| F|  |TAMS 0x0000000084600000, 0x0000000084600000| Untracked 
|  41|0x0000000084700000, 0x0000000084700000, 0x0000000084800000|  0%| F|  |TAMS 0x0000000084700000, 0x0000000084700000| Untracked 
|  42|0x0000000084800000, 0x0000000084800000, 0x0000000084900000|  0%| F|  |TAMS 0x0000000084800000, 0x0000000084800000| Untracked 
|  43|0x0000000084900000, 0x0000000084900000, 0x0000000084a00000|  0%| F|  |TAMS 0x0000000084900000, 0x0000000084900000| Untracked 
|  44|0x0000000084a00000, 0x0000000084a00000, 0x0000000084b00000|  0%| F|  |TAMS 0x0000000084a00000, 0x0000000084a00000| Untracked 
|  45|0x0000000084b00000, 0x0000000084b00000, 0x0000000084c00000|  0%| F|  |TAMS 0x0000000084b00000, 0x0000000084b00000| Untracked 
|  46|0x0000000084c00000, 0x0000000084c00000, 0x0000000084d00000|  0%| F|  |TAMS 0x0000000084c00000, 0x0000000084c00000| Untracked 
|  47|0x0000000084d00000, 0x0000000084d00000, 0x0000000084e00000|  0%| F|  |TAMS 0x0000000084d00000, 0x0000000084d00000| Untracked 
|  48|0x0000000084e00000, 0x0000000084e00000, 0x0000000084f00000|  0%| F|  |TAMS 0x0000000084e00000, 0x0000000084e00000| Untracked 
|  49|0x0000000084f00000, 0x0000000084f00000, 0x0000000085000000|  0%| F|  |TAMS 0x0000000084f00000, 0x0000000084f00000| Untracked 
|  50|0x0000000085000000, 0x0000000085000000, 0x0000000085100000|  0%| F|  |TAMS 0x0000000085000000, 0x0000000085000000| Untracked 
|  51|0x0000000085100000, 0x0000000085100000, 0x0000000085200000|  0%| F|  |TAMS 0x0000000085100000, 0x0000000085100000| Untracked 
|  52|0x0000000085200000, 0x0000000085200000, 0x0000000085300000|  0%| F|  |TAMS 0x0000000085200000, 0x0000000085200000| Untracked 
|  53|0x0000000085300000, 0x0000000085300000, 0x0000000085400000|  0%| F|  |TAMS 0x0000000085300000, 0x0000000085300000| Untracked 
|  54|0x0000000085400000, 0x0000000085400000, 0x0000000085500000|  0%| F|  |TAMS 0x0000000085400000, 0x0000000085400000| Untracked 
|  55|0x0000000085500000, 0x0000000085500000, 0x0000000085600000|  0%| F|  |TAMS 0x0000000085500000, 0x0000000085500000| Untracked 
|  56|0x0000000085600000, 0x0000000085600000, 0x0000000085700000|  0%| F|  |TAMS 0x0000000085600000, 0x0000000085600000| Untracked 
|  57|0x0000000085700000, 0x0000000085700000, 0x0000000085800000|  0%| F|  |TAMS 0x0000000085700000, 0x0000000085700000| Untracked 
|  58|0x0000000085800000, 0x0000000085800000, 0x0000000085900000|  0%| F|  |TAMS 0x0000000085800000, 0x0000000085800000| Untracked 
|  59|0x0000000085900000, 0x0000000085900000, 0x0000000085a00000|  0%| F|  |TAMS 0x0000000085900000, 0x0000000085900000| Untracked 
|  60|0x0000000085a00000, 0x0000000085a00000, 0x0000000085b00000|  0%| F|  |TAMS 0x0000000085a00000, 0x0000000085a00000| Untracked 
|  61|0x0000000085b00000, 0x0000000085b00000, 0x0000000085c00000|  0%| F|  |TAMS 0x0000000085b00000, 0x0000000085b00000| Untracked 
|  62|0x0000000085c00000, 0x0000000085c00000, 0x0000000085d00000|  0%| F|  |TAMS 0x0000000085c00000, 0x0000000085c00000| Untracked 
|  63|0x0000000085d00000, 0x0000000085d00000, 0x0000000085e00000|  0%| F|  |TAMS 0x0000000085d00000, 0x0000000085d00000| Untracked 
|  64|0x0000000085e00000, 0x0000000085e00000, 0x0000000085f00000|  0%| F|  |TAMS 0x0000000085e00000, 0x0000000085e00000| Untracked 
|  65|0x0000000085f00000, 0x0000000085f00000, 0x0000000086000000|  0%| F|  |TAMS 0x0000000085f00000, 0x0000000085f00000| Untracked 
|  66|0x0000000086000000, 0x0000000086000000, 0x0000000086100000|  0%| F|  |TAMS 0x0000000086000000, 0x0000000086000000| Untracked 
|  67|0x0000000086100000, 0x0000000086100000, 0x0000000086200000|  0%| F|  |TAMS 0x0000000086100000, 0x0000000086100000| Untracked 
|  68|0x0000000086200000, 0x0000000086200000, 0x0000000086300000|  0%| F|  |TAMS 0x0000000086200000, 0x0000000086200000| Untracked 
|  69|0x0000000086300000, 0x0000000086300000, 0x0000000086400000|  0%| F|  |TAMS 0x0000000086300000, 0x0000000086300000| Untracked 
|  70|0x0000000086400000, 0x0000000086400000, 0x0000000086500000|  0%| F|  |TAMS 0x0000000086400000, 0x0000000086400000| Untracked 
|  71|0x0000000086500000, 0x0000000086500000, 0x0000000086600000|  0%| F|  |TAMS 0x0000000086500000, 0x0000000086500000| Untracked 
|  72|0x0000000086600000, 0x0000000086600000, 0x0000000086700000|  0%| F|  |TAMS 0x0000000086600000, 0x0000000086600000| Untracked 
|  73|0x0000000086700000, 0x0000000086700000, 0x0000000086800000|  0%| F|  |TAMS 0x0000000086700000, 0x0000000086700000| Untracked 
|  74|0x0000000086800000, 0x0000000086800000, 0x0000000086900000|  0%| F|  |TAMS 0x0000000086800000, 0x0000000086800000| Untracked 
|  75|0x0000000086900000, 0x0000000086900000, 0x0000000086a00000|  0%| F|  |TAMS 0x0000000086900000, 0x0000000086900000| Untracked 
|  76|0x0000000086a00000, 0x0000000086a00000, 0x0000000086b00000|  0%| F|  |TAMS 0x0000000086a00000, 0x0000000086a00000| Untracked 
|  77|0x0000000086b00000, 0x0000000086b00000, 0x0000000086c00000|  0%| F|  |TAMS 0x0000000086b00000, 0x0000000086b00000| Untracked 
|  78|0x0000000086c00000, 0x0000000086c00000, 0x0000000086d00000|  0%| F|  |TAMS 0x0000000086c00000, 0x0000000086c00000| Untracked 
|  79|0x0000000086d00000, 0x0000000086d00000, 0x0000000086e00000|  0%| F|  |TAMS 0x0000000086d00000, 0x0000000086d00000| Untracked 
|  80|0x0000000086e00000, 0x0000000086e00000, 0x0000000086f00000|  0%| F|  |TAMS 0x0000000086e00000, 0x0000000086e00000| Untracked 
|  81|0x0000000086f00000, 0x0000000086f00000, 0x0000000087000000|  0%| F|  |TAMS 0x0000000086f00000, 0x0000000086f00000| Untracked 
|  82|0x0000000087000000, 0x0000000087000000, 0x0000000087100000|  0%| F|  |TAMS 0x0000000087000000, 0x0000000087000000| Untracked 
|  83|0x0000000087100000, 0x0000000087100000, 0x0000000087200000|  0%| F|  |TAMS 0x0000000087100000, 0x0000000087100000| Untracked 
|  84|0x0000000087200000, 0x0000000087200000, 0x0000000087300000|  0%| F|  |TAMS 0x0000000087200000, 0x0000000087200000| Untracked 
|  85|0x0000000087300000, 0x0000000087300000, 0x0000000087400000|  0%| F|  |TAMS 0x0000000087300000, 0x0000000087300000| Untracked 
|  86|0x0000000087400000, 0x0000000087400000, 0x0000000087500000|  0%| F|  |TAMS 0x0000000087400000, 0x0000000087400000| Untracked 
|  87|0x0000000087500000, 0x0000000087500000, 0x0000000087600000|  0%| F|  |TAMS 0x0000000087500000, 0x0000000087500000| Untracked 
|  88|0x0000000087600000, 0x0000000087700000, 0x0000000087700000|100%| S|CS|TAMS 0x0000000087600000, 0x0000000087600000| Complete 
|  89|0x0000000087700000, 0x0000000087800000, 0x0000000087800000|100%| S|CS|TAMS 0x0000000087700000, 0x0000000087700000| Complete 
|  90|0x0000000087800000, 0x0000000087900000, 0x0000000087900000|100%| S|CS|TAMS 0x0000000087800000, 0x0000000087800000| Complete 
|  91|0x0000000087900000, 0x0000000087a00000, 0x0000000087a00000|100%| S|CS|TAMS 0x0000000087900000, 0x0000000087900000| Complete 
|  92|0x0000000087a00000, 0x0000000087b00000, 0x0000000087b00000|100%| S|CS|TAMS 0x0000000087a00000, 0x0000000087a00000| Complete 
|  93|0x0000000087b00000, 0x0000000087c00000, 0x0000000087c00000|100%| S|CS|TAMS 0x0000000087b00000, 0x0000000087b00000| Complete 
|  94|0x0000000087c00000, 0x0000000087c00000, 0x0000000087d00000|  0%| F|  |TAMS 0x0000000087c00000, 0x0000000087c00000| Untracked 
|  95|0x0000000087d00000, 0x0000000087d00000, 0x0000000087e00000|  0%| F|  |TAMS 0x0000000087d00000, 0x0000000087d00000| Untracked 
|  96|0x0000000087e00000, 0x0000000087e00000, 0x0000000087f00000|  0%| F|  |TAMS 0x0000000087e00000, 0x0000000087e00000| Untracked 
|  97|0x0000000087f00000, 0x0000000087f00000, 0x0000000088000000|  0%| F|  |TAMS 0x0000000087f00000, 0x0000000087f00000| Untracked 
|  98|0x0000000088000000, 0x0000000088000000, 0x0000000088100000|  0%| F|  |TAMS 0x0000000088000000, 0x0000000088000000| Untracked 
|  99|0x0000000088100000, 0x0000000088100000, 0x0000000088200000|  0%| F|  |TAMS 0x0000000088100000, 0x0000000088100000| Untracked 
| 100|0x0000000088200000, 0x0000000088200000, 0x0000000088300000|  0%| F|  |TAMS 0x0000000088200000, 0x0000000088200000| Untracked 
| 101|0x0000000088300000, 0x0000000088300000, 0x0000000088400000|  0%| F|  |TAMS 0x0000000088300000, 0x0000000088300000| Untracked 
| 102|0x0000000088400000, 0x0000000088400000, 0x0000000088500000|  0%| F|  |TAMS 0x0000000088400000, 0x0000000088400000| Untracked 
| 103|0x0000000088500000, 0x0000000088500000, 0x0000000088600000|  0%| F|  |TAMS 0x0000000088500000, 0x0000000088500000| Untracked 
| 104|0x0000000088600000, 0x0000000088600000, 0x0000000088700000|  0%| F|  |TAMS 0x0000000088600000, 0x0000000088600000| Untracked 
| 105|0x0000000088700000, 0x0000000088700000, 0x0000000088800000|  0%| F|  |TAMS 0x0000000088700000, 0x0000000088700000| Untracked 
| 106|0x0000000088800000, 0x0000000088800000, 0x0000000088900000|  0%| F|  |TAMS 0x0000000088800000, 0x0000000088800000| Untracked 
| 107|0x0000000088900000, 0x0000000088900000, 0x0000000088a00000|  0%| F|  |TAMS 0x0000000088900000, 0x0000000088900000| Untracked 
| 108|0x0000000088a00000, 0x0000000088a00000, 0x0000000088b00000|  0%| F|  |TAMS 0x0000000088a00000, 0x0000000088a00000| Untracked 
| 109|0x0000000088b00000, 0x0000000088b00000, 0x0000000088c00000|  0%| F|  |TAMS 0x0000000088b00000, 0x0000000088b00000| Untracked 
| 110|0x0000000088c00000, 0x0000000088c00000, 0x0000000088d00000|  0%| F|  |TAMS 0x0000000088c00000, 0x0000000088c00000| Untracked 
| 111|0x0000000088d00000, 0x0000000088d00000, 0x0000000088e00000|  0%| F|  |TAMS 0x0000000088d00000, 0x0000000088d00000| Untracked 
| 112|0x0000000088e00000, 0x0000000088e00000, 0x0000000088f00000|  0%| F|  |TAMS 0x0000000088e00000, 0x0000000088e00000| Untracked 
| 113|0x0000000088f00000, 0x0000000088f00000, 0x0000000089000000|  0%| F|  |TAMS 0x0000000088f00000, 0x0000000088f00000| Untracked 
| 114|0x0000000089000000, 0x0000000089000000, 0x0000000089100000|  0%| F|  |TAMS 0x0000000089000000, 0x0000000089000000| Untracked 
| 115|0x0000000089100000, 0x0000000089100000, 0x0000000089200000|  0%| F|  |TAMS 0x0000000089100000, 0x0000000089100000| Untracked 
| 116|0x0000000089200000, 0x0000000089200000, 0x0000000089300000|  0%| F|  |TAMS 0x0000000089200000, 0x0000000089200000| Untracked 
| 117|0x0000000089300000, 0x0000000089300000, 0x0000000089400000|  0%| F|  |TAMS 0x0000000089300000, 0x0000000089300000| Untracked 
| 118|0x0000000089400000, 0x0000000089400000, 0x0000000089500000|  0%| F|  |TAMS 0x0000000089400000, 0x0000000089400000| Untracked 
| 119|0x0000000089500000, 0x0000000089580800, 0x0000000089600000| 50%| E|  |TAMS 0x0000000089500000, 0x0000000089500000| Complete 
| 120|0x0000000089600000, 0x0000000089700000, 0x0000000089700000|100%| E|CS|TAMS 0x0000000089600000, 0x0000000089600000| Complete 
| 121|0x0000000089700000, 0x0000000089800000, 0x0000000089800000|100%| E|CS|TAMS 0x0000000089700000, 0x0000000089700000| Complete 
| 122|0x0000000089800000, 0x0000000089900000, 0x0000000089900000|100%| E|CS|TAMS 0x0000000089800000, 0x0000000089800000| Complete 
| 123|0x0000000089900000, 0x0000000089a00000, 0x0000000089a00000|100%| E|CS|TAMS 0x0000000089900000, 0x0000000089900000| Complete 
| 124|0x0000000089a00000, 0x0000000089b00000, 0x0000000089b00000|100%| E|CS|TAMS 0x0000000089a00000, 0x0000000089a00000| Complete 
| 125|0x0000000089b00000, 0x0000000089c00000, 0x0000000089c00000|100%| E|CS|TAMS 0x0000000089b00000, 0x0000000089b00000| Complete 
| 126|0x0000000089c00000, 0x0000000089d00000, 0x0000000089d00000|100%| E|CS|TAMS 0x0000000089c00000, 0x0000000089c00000| Complete 
| 127|0x0000000089d00000, 0x0000000089e00000, 0x0000000089e00000|100%| E|CS|TAMS 0x0000000089d00000, 0x0000000089d00000| Complete 

Card table byte_map: [0x0000017b68190000,0x0000017b68590000] _byte_map_base: 0x0000017b67d81000

Marking Bits (Prev, Next): (CMBitMap*) 0x0000017b4e83ac28, (CMBitMap*) 0x0000017b4e83ac60
 Prev Bits: [0x0000017b68990000, 0x0000017b6a918000)
 Next Bits: [0x0000017b6a920000, 0x0000017b6c8a8000)

Polling page: 0x0000017b4e8b0000

Metaspace:

Usage:
  Non-class:     52.83 MB capacity,    51.98 MB ( 98%) used,   689.23 KB (  1%) free+waste,   178.56 KB ( <1%) overhead. 
      Class:      8.06 MB capacity,     7.47 MB ( 93%) used,   518.95 KB (  6%) free+waste,    82.06 KB ( <1%) overhead. 
       Both:     60.89 MB capacity,    59.46 MB ( 98%) used,     1.18 MB (  2%) free+waste,   260.63 KB ( <1%) overhead. 

Virtual space:
  Non-class space:       54.00 MB reserved,      53.00 MB ( 98%) committed 
      Class space:        1.00 GB reserved,       8.12 MB ( <1%) committed 
             Both:        1.05 GB reserved,      61.12 MB (  6%) committed 

Chunk freelists:
   Non-Class:  44.00 KB
       Class:  3.00 KB
        Both:  47.00 KB

MaxMetaspaceSize: 17179869184.00 GB
CompressedClassSpaceSize: 1.00 GB

CodeHeap 'non-profiled nmethods': size=120064Kb used=4460Kb max_used=4460Kb free=115603Kb
 bounds [0x0000017b60320000, 0x0000017b60780000, 0x0000017b67860000]
CodeHeap 'profiled nmethods': size=120000Kb used=11446Kb max_used=11446Kb free=108553Kb
 bounds [0x0000017b58df0000, 0x0000017b59920000, 0x0000017b60320000]
CodeHeap 'non-nmethods': size=5696Kb used=1260Kb max_used=1340Kb free=4435Kb
 bounds [0x0000017b58860000, 0x0000017b58ad0000, 0x0000017b58df0000]
 total_blobs=5335 nmethods=4806 adapters=448
 compilation: enabled
              stopped_count=0, restarted_count=0
 full_count=0

Compilation events (20 events):
Event: 15.807 Thread 0x0000017b6f8b3800 4706       1       org.springframework.beans.factory.support.AbstractBeanFactory::getConversionService (5 bytes)
Event: 15.807 Thread 0x0000017b6f8b3800 nmethod 4706 0x0000017b6075c410 code [0x0000017b6075c5c0, 0x0000017b6075c678]
Event: 15.808 Thread 0x0000017b6f8b3800 4707       2       java.util.concurrent.ConcurrentHashMap$CollectionView::size (8 bytes)
Event: 15.808 Thread 0x0000017b6f8b3800 nmethod 4707 0x0000017b598d1c10 code [0x0000017b598d1dc0, 0x0000017b598d1f48]
Event: 15.808 Thread 0x0000017b6f8b3800 4708       2       org.apache.catalina.core.ApplicationContextFacade::getInitParameterNames (25 bytes)
Event: 15.808 Thread 0x0000017b6f8b3800 nmethod 4708 0x0000017b598d2010 code [0x0000017b598d21c0, 0x0000017b598d22e8]
Event: 15.808 Thread 0x0000017b6f8b3800 4709       2       org.apache.catalina.core.ApplicationContext::getInitParameterNames (60 bytes)
Event: 15.808 Thread 0x0000017b6f8b3800 nmethod 4709 0x0000017b598d2410 code [0x0000017b598d2620, 0x0000017b598d2a18]
Event: 15.808 Thread 0x0000017b6f8b3800 4710       2       org.springframework.web.context.support.ServletContextPropertySource::getPropertyNames (16 bytes)
Event: 15.809 Thread 0x0000017b6f8b3800 nmethod 4710 0x0000017b598d2c90 code [0x0000017b598d2e80, 0x0000017b598d3128]
Event: 15.817 Thread 0x0000017b6f8b3800 4712       1       org.springframework.beans.PropertyEditorRegistrySupport::setConversionService (6 bytes)
Event: 15.817 Thread 0x0000017b6f8b3800 nmethod 4712 0x0000017b6075c710 code [0x0000017b6075c8c0, 0x0000017b6075c9b8]
Event: 15.820 Thread 0x0000017b6f8b3800 4713       2       org.springframework.beans.factory.support.DefaultListableBeanFactory::findAnnotationOnBean (24 bytes)
Event: 15.820 Thread 0x0000017b6f8b3800 nmethod 4713 0x0000017b598d3290 code [0x0000017b598d34a0, 0x0000017b598d38b8]
Event: 15.820 Thread 0x0000017b6f8b3800 4714       2       org.springframework.beans.factory.support.DefaultListableBeanFactory::findMergedAnnotationOnBean (148 bytes)
Event: 15.821 Thread 0x0000017b6f8b3800 nmethod 4714 0x0000017b598d3b90 code [0x0000017b598d3ec0, 0x0000017b598d4918]
Event: 15.821 Thread 0x0000017b6f8b3800 4715   !   2       com.sun.proxy.$Proxy46::annotationType (29 bytes)
Event: 15.821 Thread 0x0000017b6f8b3800 nmethod 4715 0x0000017b598d4f90 code [0x0000017b598d5180, 0x0000017b598d5438]
Event: 15.828 Thread 0x0000017b6f842800 nmethod 4596 0x0000017b6075ca10 code [0x0000017b6075d460, 0x0000017b6076df70]
Event: 15.829 Thread 0x0000017b6f842800 4602       4       org.eclipse.jdt.launching.internal.org.objectweb.asm.ClassReader::readField (667 bytes)

GC Heap History (20 events):
Event: 4.367 GC heap before
{Heap before GC invocations=5 (full 0):
 garbage-first heap   total 131072K, used 66679K [0x0000000081e00000, 0x0000000100000000)
  region size 1024K, 60 young (61440K), 4 survivors (4096K)
 Metaspace       used 24773K, capacity 25379K, committed 25600K, reserved 1071104K
  class space    used 2824K, capacity 3035K, committed 3072K, reserved 1048576K
}
Event: 4.372 GC heap after
{Heap after GC invocations=6 (full 0):
 garbage-first heap   total 131072K, used 10603K [0x0000000081e00000, 0x0000000100000000)
  region size 1024K, 5 young (5120K), 5 survivors (5120K)
 Metaspace       used 24773K, capacity 25379K, committed 25600K, reserved 1071104K
  class space    used 2824K, capacity 3035K, committed 3072K, reserved 1048576K
}
Event: 4.594 GC heap before
{Heap before GC invocations=6 (full 0):
 garbage-first heap   total 131072K, used 82283K [0x0000000081e00000, 0x0000000100000000)
  region size 1024K, 76 young (77824K), 5 survivors (5120K)
 Metaspace       used 27849K, capacity 28521K, committed 28800K, reserved 1075200K
  class space    used 3140K, capacity 3402K, committed 3456K, reserved 1048576K
}
Event: 4.600 GC heap after
{Heap after GC invocations=7 (full 0):
 garbage-first heap   total 131072K, used 11399K [0x0000000081e00000, 0x0000000100000000)
  region size 1024K, 6 young (6144K), 6 survivors (6144K)
 Metaspace       used 27849K, capacity 28521K, committed 28800K, reserved 1075200K
  class space    used 3140K, capacity 3402K, committed 3456K, reserved 1048576K
}
Event: 5.830 GC heap before
{Heap before GC invocations=7 (full 0):
 garbage-first heap   total 131072K, used 82055K [0x0000000081e00000, 0x0000000100000000)
  region size 1024K, 76 young (77824K), 6 survivors (6144K)
 Metaspace       used 32252K, capacity 32993K, committed 33152K, reserved 1079296K
  class space    used 3660K, capacity 3949K, committed 3968K, reserved 1048576K
}
Event: 5.835 GC heap after
{Heap after GC invocations=8 (full 0):
 garbage-first heap   total 131072K, used 12700K [0x0000000081e00000, 0x0000000100000000)
  region size 1024K, 7 young (7168K), 7 survivors (7168K)
 Metaspace       used 32252K, capacity 32993K, committed 33152K, reserved 1079296K
  class space    used 3660K, capacity 3949K, committed 3968K, reserved 1048576K
}
Event: 6.999 GC heap before
{Heap before GC invocations=8 (full 0):
 garbage-first heap   total 131072K, used 52636K [0x0000000081e00000, 0x0000000100000000)
  region size 1024K, 47 young (48128K), 7 survivors (7168K)
 Metaspace       used 34673K, capacity 35545K, committed 35584K, reserved 1081344K
  class space    used 4002K, capacity 4323K, committed 4352K, reserved 1048576K
}
Event: 7.009 GC heap after
{Heap after GC invocations=9 (full 0):
 garbage-first heap   total 131072K, used 13645K [0x0000000081e00000, 0x0000000100000000)
  region size 1024K, 6 young (6144K), 6 survivors (6144K)
 Metaspace       used 34673K, capacity 35545K, committed 35584K, reserved 1081344K
  class space    used 4002K, capacity 4323K, committed 4352K, reserved 1048576K
}
Event: 9.441 GC heap before
{Heap before GC invocations=10 (full 0):
 garbage-first heap   total 131072K, used 84301K [0x0000000081e00000, 0x0000000100000000)
  region size 1024K, 76 young (77824K), 6 survivors (6144K)
 Metaspace       used 39971K, capacity 41133K, committed 41336K, reserved 1085440K
  class space    used 4697K, capacity 5131K, committed 5240K, reserved 1048576K
}
Event: 9.450 GC heap after
{Heap after GC invocations=11 (full 0):
 garbage-first heap   total 131072K, used 16299K [0x0000000081e00000, 0x0000000100000000)
  region size 1024K, 7 young (7168K), 7 survivors (7168K)
 Metaspace       used 39971K, capacity 41133K, committed 41336K, reserved 1085440K
  class space    used 4697K, capacity 5131K, committed 5240K, reserved 1048576K
}
Event: 9.938 GC heap before
{Heap before GC invocations=11 (full 0):
 garbage-first heap   total 131072K, used 85931K [0x0000000081e00000, 0x0000000100000000)
  region size 1024K, 76 young (77824K), 7 survivors (7168K)
 Metaspace       used 40565K, capacity 41701K, committed 41848K, reserved 1085440K
  class space    used 4751K, capacity 5171K, committed 5240K, reserved 1048576K
}
Event: 9.943 GC heap after
{Heap after GC invocations=12 (full 0):
 garbage-first heap   total 131072K, used 17075K [0x0000000081e00000, 0x0000000100000000)
  region size 1024K, 6 young (6144K), 6 survivors (6144K)
 Metaspace       used 40565K, capacity 41701K, committed 41848K, reserved 1085440K
  class space    used 4751K, capacity 5171K, committed 5240K, reserved 1048576K
}
Event: 11.881 GC heap before
{Heap before GC invocations=12 (full 0):
 garbage-first heap   total 131072K, used 87731K [0x0000000081e00000, 0x0000000100000000)
  region size 1024K, 76 young (77824K), 6 survivors (6144K)
 Metaspace       used 45843K, capacity 47091K, committed 47352K, reserved 1091584K
  class space    used 5582K, capacity 6072K, committed 6136K, reserved 1048576K
}
Event: 11.887 GC heap after
{Heap after GC invocations=13 (full 0):
 garbage-first heap   total 131072K, used 17908K [0x0000000081e00000, 0x0000000100000000)
  region size 1024K, 6 young (6144K), 6 survivors (6144K)
 Metaspace       used 45843K, capacity 47091K, committed 47352K, reserved 1091584K
  class space    used 5582K, capacity 6072K, committed 6136K, reserved 1048576K
}
Event: 13.523 GC heap before
{Heap before GC invocations=13 (full 0):
 garbage-first heap   total 131072K, used 89588K [0x0000000081e00000, 0x0000000100000000)
  region size 1024K, 76 young (77824K), 6 survivors (6144K)
 Metaspace       used 52014K, capacity 53329K, committed 53624K, reserved 1095680K
  class space    used 6425K, capacity 6936K, committed 7032K, reserved 1048576K
}
Event: 13.529 GC heap after
{Heap after GC invocations=14 (full 0):
 garbage-first heap   total 131072K, used 18910K [0x0000000081e00000, 0x0000000100000000)
  region size 1024K, 7 young (7168K), 7 survivors (7168K)
 Metaspace       used 52014K, capacity 53329K, committed 53624K, reserved 1095680K
  class space    used 6425K, capacity 6936K, committed 7032K, reserved 1048576K
}
Event: 15.313 GC heap before
{Heap before GC invocations=14 (full 0):
 garbage-first heap   total 131072K, used 89566K [0x0000000081e00000, 0x0000000100000000)
  region size 1024K, 76 young (77824K), 7 survivors (7168K)
 Metaspace       used 58484K, capacity 59834K, committed 59896K, reserved 1101824K
  class space    used 7322K, capacity 7868K, committed 7928K, reserved 1048576K
}
Event: 15.322 GC heap after
{Heap after GC invocations=15 (full 0):
 garbage-first heap   total 131072K, used 20522K [0x0000000081e00000, 0x0000000100000000)
  region size 1024K, 7 young (7168K), 7 survivors (7168K)
 Metaspace       used 58484K, capacity 59834K, committed 59896K, reserved 1101824K
  class space    used 7322K, capacity 7868K, committed 7928K, reserved 1048576K
}
Event: 15.476 GC heap before
{Heap before GC invocations=15 (full 0):
 garbage-first heap   total 131072K, used 22570K [0x0000000081e00000, 0x0000000100000000)
  region size 1024K, 10 young (10240K), 7 survivors (7168K)
 Metaspace       used 58554K, capacity 59872K, committed 59936K, reserved 1101824K
  class space    used 7335K, capacity 7902K, committed 7928K, reserved 1048576K
}
Event: 15.488 GC heap after
{Heap after GC invocations=16 (full 0):
 garbage-first heap   total 131072K, used 21055K [0x0000000081e00000, 0x0000000100000000)
  region size 1024K, 5 young (5120K), 5 survivors (5120K)
 Metaspace       used 58554K, capacity 59872K, committed 59936K, reserved 1101824K
  class space    used 7335K, capacity 7902K, committed 7928K, reserved 1048576K
}

Deoptimization events (20 events):
Event: 15.825 Thread 0x0000017b70119000 DEOPT PACKING pc=0x0000017b594faf74 sp=0x0000003f7f8f7590
Event: 15.825 Thread 0x0000017b70119000 DEOPT UNPACKING pc=0x0000017b5889b94e sp=0x0000003f7f8f6ac8 mode 1
Event: 15.827 Thread 0x0000017b70119000 Uncommon trap: trap_request=0xffffff9f fr.pc=0x0000017b60678f70 relative=0x0000000000000130
Event: 15.827 Thread 0x0000017b70119000 Uncommon trap: reason=unhandled action=none pc=0x0000017b60678f70 method=jdk.internal.loader.BuiltinClassLoader.loadClass(Ljava/lang/String;Z)Ljava/lang/Class; @ 19 c2
Event: 15.827 Thread 0x0000017b70119000 DEOPT PACKING pc=0x0000017b60678f70 sp=0x0000003f7f8f7fa0
Event: 15.827 Thread 0x0000017b70119000 DEOPT UNPACKING pc=0x0000017b5889bb2f sp=0x0000003f7f8f7ec0 mode 2
Event: 15.827 Thread 0x0000017b70119000 DEOPT PACKING pc=0x0000017b606aaf68 sp=0x0000003f7f8f7ff0
Event: 15.827 Thread 0x0000017b70119000 DEOPT UNPACKING pc=0x0000017b5889b94e sp=0x0000003f7f8f7488 mode 1
Event: 15.827 Thread 0x0000017b70119000 DEOPT PACKING pc=0x0000017b6071bb74 sp=0x0000003f7f8f8a70
Event: 15.827 Thread 0x0000017b70119000 DEOPT UNPACKING pc=0x0000017b5889b94e sp=0x0000003f7f8f7ee8 mode 1
Event: 15.827 Thread 0x0000017b70119000 DEOPT PACKING pc=0x0000017b5936b0d4 sp=0x0000003f7f8f8ab0
Event: 15.827 Thread 0x0000017b70119000 DEOPT UNPACKING pc=0x0000017b5889b94e sp=0x0000003f7f8f8048 mode 1
Event: 15.827 Thread 0x0000017b70119000 Uncommon trap: trap_request=0xffffff9f fr.pc=0x0000017b60678f70 relative=0x0000000000000130
Event: 15.827 Thread 0x0000017b70119000 Uncommon trap: reason=unhandled action=none pc=0x0000017b60678f70 method=jdk.internal.loader.BuiltinClassLoader.loadClass(Ljava/lang/String;Z)Ljava/lang/Class; @ 19 c2
Event: 15.827 Thread 0x0000017b70119000 DEOPT PACKING pc=0x0000017b60678f70 sp=0x0000003f7f8f8050
Event: 15.827 Thread 0x0000017b70119000 DEOPT UNPACKING pc=0x0000017b5889bb2f sp=0x0000003f7f8f7f70 mode 2
Event: 15.827 Thread 0x0000017b70119000 DEOPT PACKING pc=0x0000017b606aaf68 sp=0x0000003f7f8f80a0
Event: 15.827 Thread 0x0000017b70119000 DEOPT UNPACKING pc=0x0000017b5889b94e sp=0x0000003f7f8f7538 mode 1
Event: 15.827 Thread 0x0000017b70119000 DEOPT PACKING pc=0x0000017b6071bb74 sp=0x0000003f7f8f8b20
Event: 15.827 Thread 0x0000017b70119000 DEOPT UNPACKING pc=0x0000017b5889b94e sp=0x0000003f7f8f7fb0 mode 1

Classes redefined (0 events):
No events

Internal exceptions (20 events):
Event: 10.280 Thread 0x0000017b70119000 Implicit null exception at 0x0000017b60540537 to 0x0000017b60540988
Event: 12.994 Thread 0x0000017b70119000 Exception <a 'java/lang/NoSuchMethodError'{0x00000000878f55e0}: 'java.lang.Object java.lang.invoke.DirectMethodHandle$Holder.newInvokeSpecial(java.lang.Object, java.lang.Object, int, java.lang.Object, java.lang.Object)'> (0x00000000878f55e0) thrown at [./src/hotspot/share/interpreter/linkResolver.cpp, line 773]
Event: 14.189 Thread 0x0000017b70119000 Exception <a 'java/lang/NoSuchMethodError'{0x00000000889f7860}: 'void java.lang.invoke.DirectMethodHandle$Holder.invokeInterface(java.lang.Object, java.lang.Object)'> (0x00000000889f7860) thrown at [./src/hotspot/share/interpreter/linkResolver.cpp, line 773]
Event: 14.211 Thread 0x0000017b70119000 Exception <a 'java/lang/NoSuchMethodError'{0x000000008863f468}: 'java.lang.Object java.lang.invoke.DirectMethodHandle$Holder.invokeStaticInit(java.lang.Object, java.lang.Object, java.lang.Object, java.lang.Object, int, int)'> (0x000000008863f468) thrown at [./src/hotspot/share/interpreter/linkResolver.cpp, line 773]
Event: 14.229 Thread 0x0000017b70119000 Exception <a 'java/lang/NoSuchMethodError'{0x0000000088454480}: 'void java.lang.invoke.DirectMethodHandle$Holder.invokeStaticInit(java.lang.Object, java.lang.Object, java.lang.Object, java.lang.Object)'> (0x0000000088454480) thrown at [./src/hotspot/share/interpreter/linkResolver.cpp, line 773]
Event: 14.708 Thread 0x0000017b70119000 Exception <a 'sun/nio/fs/WindowsException'{0x000000008705a378}> (0x000000008705a378) thrown at [./src/hotspot/share/prims/jni.cpp, line 615]
Event: 14.959 Thread 0x0000017b70119000 Implicit null exception at 0x0000017b6074aea7 to 0x0000017b6074b598
Event: 14.974 Thread 0x0000017b70119000 Implicit null exception at 0x0000017b60750e30 to 0x0000017b60751290
Event: 14.977 Thread 0x0000017b70119000 Exception <a 'java/lang/NoSuchMethodError'{0x0000000086209be0}: 'java.lang.Object java.lang.invoke.DirectMethodHandle$Holder.invokeStaticInit(java.lang.Object, java.lang.Object, java.lang.Object, java.lang.Object)'> (0x0000000086209be0) thrown at [./src/hotspot/share/interpreter/linkResolver.cpp, line 773]
Event: 15.240 Thread 0x0000017b70119000 Exception <a 'java/lang/NoSuchMethodError'{0x0000000085b955b8}: 'java.lang.Object java.lang.invoke.DirectMethodHandle$Holder.invokeInterface(java.lang.Object, java.lang.Object, java.lang.Object, java.lang.Object)'> (0x0000000085b955b8) thrown at [./src/hotspot/share/interpreter/linkResolver.cpp, line 773]
Event: 15.332 Thread 0x0000017b70119000 Exception <a 'java/lang/ClassNotFoundException'{0x0000000089dbd058}: java/lang/ObjectCustomizer> (0x0000000089dbd058) thrown at [./src/hotspot/share/classfile/systemDictionary.cpp, line 231]
Event: 15.333 Thread 0x0000017b70119000 Exception <a 'java/lang/ClassNotFoundException'{0x0000000089dd06d8}: org/springframework/web/servlet/config/annotation/WebMvcConfigurationSupportCustomizer> (0x0000000089dd06d8) thrown at [./src/hotspot/share/classfile/systemDictionary.cpp, line 231]
Event: 15.334 Thread 0x0000017b70119000 Exception <a 'java/lang/ClassNotFoundException'{0x0000000089df02b0}: org/springframework/web/servlet/config/annotation/DelegatingWebMvcConfigurationCustomizer> (0x0000000089df02b0) thrown at [./src/hotspot/share/classfile/systemDictionary.cpp, line 231]
Event: 15.336 Thread 0x0000017b70119000 Exception <a 'java/lang/ClassNotFoundException'{0x0000000089c07890}: org/springframework/boot/autoconfigure/web/servlet/WebMvcAutoConfiguration$EnableWebMvcConfigurationCustomizer> (0x0000000089c07890) thrown at [./src/hotspot/share/classfile/systemDictionary.cpp, line 231]
Event: 15.338 Thread 0x0000017b70119000 Exception <a 'java/lang/ClassNotFoundException'{0x0000000089c23ee0}: org/springframework/context/ResourceLoaderAwareCustomizer> (0x0000000089c23ee0) thrown at [./src/hotspot/share/classfile/systemDictionary.cpp, line 231]
Event: 15.339 Thread 0x0000017b70119000 Exception <a 'java/lang/ClassNotFoundException'{0x0000000089c310c0}: org/springframework/beans/factory/AwareCustomizer> (0x0000000089c310c0) thrown at [./src/hotspot/share/classfile/systemDictionary.cpp, line 231]
Event: 15.339 Thread 0x0000017b70119000 Exception <a 'java/lang/ClassNotFoundException'{0x0000000089c3eba8}: org/springframework/context/ApplicationContextAwareCustomizer> (0x0000000089c3eba8) thrown at [./src/hotspot/share/classfile/systemDictionary.cpp, line 231]
Event: 15.340 Thread 0x0000017b70119000 Exception <a 'java/lang/ClassNotFoundException'{0x0000000089c4c718}: org/springframework/beans/factory/AwareCustomizer> (0x0000000089c4c718) thrown at [./src/hotspot/share/classfile/systemDictionary.cpp, line 231]
Event: 15.341 Thread 0x0000017b70119000 Exception <a 'java/lang/ClassNotFoundException'{0x0000000089c5a1d8}: org/springframework/web/context/ServletContextAwareCustomizer> (0x0000000089c5a1d8) thrown at [./src/hotspot/share/classfile/systemDictionary.cpp, line 231]
Event: 15.342 Thread 0x0000017b70119000 Exception <a 'java/lang/ClassNotFoundException'{0x0000000089c67820}: org/springframework/beans/factory/AwareCustomizer> (0x0000000089c67820) thrown at [./src/hotspot/share/classfile/systemDictionary.cpp, line 231]

Events (20 events):
Event: 15.830 loading class com/fasterxml/jackson/databind/InjectableValues
Event: 15.830 loading class com/fasterxml/jackson/databind/InjectableValues done
Event: 15.830 loading class com/fasterxml/jackson/databind/ObjectReader
Event: 15.830 loading class com/fasterxml/jackson/databind/ObjectReader done
Event: 15.832 loading class com/fasterxml/jackson/core/FormatSchema
Event: 15.832 loading class com/fasterxml/jackson/core/FormatSchema done
Event: 15.832 loading class com/fasterxml/jackson/core/type/TypeReference
Event: 15.832 loading class com/fasterxml/jackson/core/type/TypeReference done
Event: 15.833 Executing VM operation: RevokeBias
Event: 15.833 Executing VM operation: RevokeBias done
Event: 15.833 loading class com/fasterxml/jackson/databind/ObjectWriter
Event: 15.833 loading class com/fasterxml/jackson/databind/ObjectWriter done
Event: 15.838 loading class com/fasterxml/jackson/core/io/CharacterEscapes
Event: 15.838 loading class com/fasterxml/jackson/core/io/CharacterEscapes done
Event: 15.838 loading class com/fasterxml/jackson/core/JsonGenerationException
Event: 15.838 loading class com/fasterxml/jackson/core/JsonGenerationException done
Event: 15.839 loading class com/fasterxml/jackson/core/StreamWriteFeature
Event: 15.839 loading class com/fasterxml/jackson/core/StreamWriteFeature done
Event: 15.839 loading class com/fasterxml/jackson/core/StreamReadFeature
Event: 15.839 loading class com/fasterxml/jackson/core/StreamReadFeature done


Dynamic libraries:
0x00007ff7eb380000 - 0x00007ff7eb38d000 	C:\Program Files\AdoptOpenJDK\jdk-11.0.9.101-hotspot\bin\javaw.exe
0x00007ffbe2d90000 - 0x00007ffbe2f86000 	C:\WINDOWS\SYSTEM32\ntdll.dll
0x00007ffbe2c00000 - 0x00007ffbe2cbd000 	C:\WINDOWS\System32\KERNEL32.DLL
0x00007ffbe08d0000 - 0x00007ffbe0b99000 	C:\WINDOWS\System32\KERNELBASE.dll
0x00007ffbe0690000 - 0x00007ffbe0790000 	C:\WINDOWS\System32\ucrtbase.dll
0x00007ffbabcf0000 - 0x00007ffbabd07000 	C:\Program Files\AdoptOpenJDK\jdk-11.0.9.101-hotspot\bin\jli.dll
0x00007ffbdb0f0000 - 0x00007ffbdb105000 	C:\Program Files\AdoptOpenJDK\jdk-11.0.9.101-hotspot\bin\VCRUNTIME140.dll
0x00007ffbe1de0000 - 0x00007ffbe1f80000 	C:\WINDOWS\System32\USER32.dll
0x00007ffbd3cd0000 - 0x00007ffbd3f6b000 	C:\WINDOWS\WinSxS\amd64_microsoft.windows.common-controls_6595b64144ccf1df_6.0.19041.488_none_ca04af081b815d21\COMCTL32.dll
0x00007ffbe0550000 - 0x00007ffbe0572000 	C:\WINDOWS\System32\win32u.dll
0x00007ffbe23d0000 - 0x00007ffbe246e000 	C:\WINDOWS\System32\msvcrt.dll
0x00007ffbe1470000 - 0x00007ffbe149a000 	C:\WINDOWS\System32\GDI32.dll
0x00007ffbe07c0000 - 0x00007ffbe08c9000 	C:\WINDOWS\System32\gdi32full.dll
0x00007ffbe0d50000 - 0x00007ffbe0ded000 	C:\WINDOWS\System32\msvcp_win.dll
0x00007ffbe2740000 - 0x00007ffbe2770000 	C:\WINDOWS\System32\IMM32.DLL
0x00007ffbafd30000 - 0x00007ffbafdd4000 	C:\Program Files\McAfee\Endpoint Security\Threat Prevention\Ips\EpMPApi.dll
0x00007ffbe2020000 - 0x00007ffbe214b000 	C:\WINDOWS\System32\RPCRT4.dll
0x00007ffbe14a0000 - 0x00007ffbe154c000 	C:\WINDOWS\System32\ADVAPI32.dll
0x00007ffbe1f80000 - 0x00007ffbe201c000 	C:\WINDOWS\System32\sechost.dll
0x00007ffbe0630000 - 0x00007ffbe0690000 	C:\WINDOWS\System32\WINTRUST.dll
0x00007ffbe0ba0000 - 0x00007ffbe0cfd000 	C:\WINDOWS\System32\CRYPT32.dll
0x00007ffbe0050000 - 0x00007ffbe0062000 	C:\WINDOWS\SYSTEM32\MSASN1.dll
0x0000000058e00000 - 0x0000000058e0c000 	C:\Program Files\McAfee\Endpoint Security\Threat Prevention\Ips\EpMPThe.dll
0x00007ffbd9e30000 - 0x00007ffbd9ecb000 	C:\Program Files\AdoptOpenJDK\jdk-11.0.9.101-hotspot\bin\msvcp140.dll
0x00007ffb781b0000 - 0x00007ffb78cf3000 	C:\Program Files\AdoptOpenJDK\jdk-11.0.9.101-hotspot\bin\server\jvm.dll
0x00007ffbe2ad0000 - 0x00007ffbe2ad8000 	C:\WINDOWS\System32\PSAPI.DLL
0x00007ffbd3f70000 - 0x00007ffbd3f97000 	C:\WINDOWS\SYSTEM32\WINMM.dll
0x00007ffbc9ea0000 - 0x00007ffbc9ea9000 	C:\WINDOWS\SYSTEM32\WSOCK32.dll
0x00007ffbe2330000 - 0x00007ffbe239b000 	C:\WINDOWS\System32\WS2_32.dll
0x00007ffbd91d0000 - 0x00007ffbd91da000 	C:\WINDOWS\SYSTEM32\VERSION.dll
0x00007ffbdf050000 - 0x00007ffbdf062000 	C:\WINDOWS\SYSTEM32\kernel.appcore.dll
0x00007ffbdc770000 - 0x00007ffbdc780000 	C:\Program Files\AdoptOpenJDK\jdk-11.0.9.101-hotspot\bin\verify.dll
0x00007ffbcbd60000 - 0x00007ffbcbf44000 	C:\WINDOWS\SYSTEM32\DBGHELP.DLL
0x00007ffbcac30000 - 0x00007ffbcac5c000 	C:\WINDOWS\SYSTEM32\dbgcore.DLL
0x00007ffbe04d0000 - 0x00007ffbe0550000 	C:\WINDOWS\System32\bcryptPrimitives.dll
0x00007ffbafcb0000 - 0x00007ffbafcd8000 	C:\Program Files\AdoptOpenJDK\jdk-11.0.9.101-hotspot\bin\java.dll
0x00007ffbd8ec0000 - 0x00007ffbd8eca000 	C:\Program Files\AdoptOpenJDK\jdk-11.0.9.101-hotspot\bin\jimage.dll
0x00007ffbd9dd0000 - 0x00007ffbd9e08000 	C:\Program Files\AdoptOpenJDK\jdk-11.0.9.101-hotspot\bin\jdwp.dll
0x00007ffbbd440000 - 0x00007ffbbd44e000 	C:\Program Files\AdoptOpenJDK\jdk-11.0.9.101-hotspot\bin\instrument.dll
0x00007ffbabcd0000 - 0x00007ffbabce7000 	C:\Program Files\AdoptOpenJDK\jdk-11.0.9.101-hotspot\bin\zip.dll
0x00007ffbe15b0000 - 0x00007ffbe1cf2000 	C:\WINDOWS\System32\SHELL32.dll
0x00007ffbde550000 - 0x00007ffbdece5000 	C:\WINDOWS\SYSTEM32\windows.storage.dll
0x00007ffbe2770000 - 0x00007ffbe2ac6000 	C:\WINDOWS\System32\combase.dll
0x00007ffbdfed0000 - 0x00007ffbdfefc000 	C:\WINDOWS\SYSTEM32\Wldp.dll
0x00007ffbe2280000 - 0x00007ffbe232e000 	C:\WINDOWS\System32\SHCORE.dll
0x00007ffbe1550000 - 0x00007ffbe15a5000 	C:\WINDOWS\System32\shlwapi.dll
0x00007ffbe0400000 - 0x00007ffbe0426000 	C:\WINDOWS\SYSTEM32\profapi.dll
0x00007ffbd9db0000 - 0x00007ffbd9dba000 	C:\Program Files\AdoptOpenJDK\jdk-11.0.9.101-hotspot\bin\dt_socket.dll
0x00007ffbdfbf0000 - 0x00007ffbdfc5a000 	C:\WINDOWS\System32\mswsock.dll
0x00007ffbdf920000 - 0x00007ffbdf9eb000 	C:\WINDOWS\SYSTEM32\DNSAPI.dll
0x00007ffbdf8e0000 - 0x00007ffbdf91b000 	C:\WINDOWS\SYSTEM32\IPHLPAPI.DLL
0x00007ffbe2cc0000 - 0x00007ffbe2cc8000 	C:\WINDOWS\System32\NSI.dll
0x00007ffbdba90000 - 0x00007ffbdbb0f000 	C:\WINDOWS\System32\fwpuclnt.dll
0x00007ffbe0790000 - 0x00007ffbe07b7000 	C:\WINDOWS\System32\bcrypt.dll
0x00007ffbd8fb0000 - 0x00007ffbd8fba000 	C:\Windows\System32\rasadhlp.dll
0x00007ffbabcb0000 - 0x00007ffbabcc9000 	C:\Program Files\AdoptOpenJDK\jdk-11.0.9.101-hotspot\bin\net.dll
0x00007ffbd80c0000 - 0x00007ffbd81c0000 	C:\WINDOWS\SYSTEM32\WINHTTP.dll
0x00007ffbabc90000 - 0x00007ffbabca2000 	C:\Program Files\AdoptOpenJDK\jdk-11.0.9.101-hotspot\bin\nio.dll
0x00007ffbddd40000 - 0x00007ffbddd49000 	C:\Program Files\AdoptOpenJDK\jdk-11.0.9.101-hotspot\bin\management.dll
0x00007ffbddd30000 - 0x00007ffbddd3b000 	C:\Program Files\AdoptOpenJDK\jdk-11.0.9.101-hotspot\bin\management_ext.dll
0x00007ffbd1cd0000 - 0x00007ffbd1ce7000 	C:\WINDOWS\system32\napinsp.dll
0x00007ffbd1cf0000 - 0x00007ffbd1d0b000 	C:\WINDOWS\system32\pnrpnsp.dll
0x00007ffbdb1a0000 - 0x00007ffbdb1b5000 	C:\WINDOWS\system32\wshbth.dll
0x00007ffbdc8c0000 - 0x00007ffbdc8dd000 	C:\WINDOWS\system32\NLAapi.dll
0x00007ffbd1d10000 - 0x00007ffbd1d22000 	C:\WINDOWS\System32\winrnr.dll
0x00007ffbdfdc0000 - 0x00007ffbdfdd8000 	C:\WINDOWS\SYSTEM32\CRYPTSP.dll
0x00007ffbdf580000 - 0x00007ffbdf5b4000 	C:\WINDOWS\system32\rsaenh.dll
0x00007ffbe03c0000 - 0x00007ffbe03ee000 	C:\WINDOWS\SYSTEM32\USERENV.dll
0x00007ffbdfde0000 - 0x00007ffbdfdec000 	C:\WINDOWS\SYSTEM32\CRYPTBASE.dll
0x00007ffbdb180000 - 0x00007ffbdb197000 	C:\WINDOWS\SYSTEM32\dhcpcsvc6.DLL
0x00007ffbdb130000 - 0x00007ffbdb14d000 	C:\WINDOWS\SYSTEM32\dhcpcsvc.DLL
0x00007ffbdb110000 - 0x00007ffbdb11e000 	C:\Program Files\AdoptOpenJDK\jdk-11.0.9.101-hotspot\bin\sunmscapi.dll
0x00007ffbdff40000 - 0x00007ffbdff67000 	C:\WINDOWS\SYSTEM32\ncrypt.dll
0x00007ffbdff00000 - 0x00007ffbdff3b000 	C:\WINDOWS\SYSTEM32\NTASN1.dll
0x00007ffbd8e70000 - 0x00007ffbd8e95000 	C:\Program Files\AdoptOpenJDK\jdk-11.0.9.101-hotspot\bin\sunec.dll

dbghelp: loaded successfully - version: 4.0.5 - missing functions: none
symbol engine: initialized successfully - sym options: 0x614 - pdb path: .;C:\Program Files\AdoptOpenJDK\jdk-11.0.9.101-hotspot\bin;C:\WINDOWS\SYSTEM32;C:\WINDOWS\WinSxS\amd64_microsoft.windows.common-controls_6595b64144ccf1df_6.0.19041.488_none_ca04af081b815d21;C:\Program Files\McAfee\Endpoint Security\Threat Prevention\Ips;C:\Program Files\AdoptOpenJDK\jdk-11.0.9.101-hotspot\bin\server

VM Arguments:
jvm_args: -agentlib:jdwp=transport=dt_socket,suspend=y,address=localhost:2606 -javaagent:C:\Users\h013026\eclipse\jee-2019-12\eclipse\configuration\org.eclipse.osgi\1278\0\.cp\lib\javaagent-shaded.jar -Dfile.encoding=UTF-8 
java_command: br.desafio.livraria.LivrariaApplication
java_class_path (initial): C:\Users\h013026\OneDrive - Default Directory\Worspace_Desafio_Bootcamp_Java_Alura\livraria\target\classes;C:\Users\h013026\.m2\repository\org\springframework\spring-web\5.3.9\spring-web-5.3.9.jar;C:\Users\h013026\.m2\repository\org\springframework\boot\spring-boot-starter-web\2.5.4\spring-boot-starter-web-2.5.4.jar;C:\Users\h013026\.m2\repository\org\springframework\boot\spring-boot-starter\2.5.4\spring-boot-starter-2.5.4.jar;C:\Users\h013026\.m2\repository\org\springframework\boot\spring-boot-starter-logging\2.5.4\spring-boot-starter-logging-2.5.4.jar;C:\Users\h013026\.m2\repository\ch\qos\logback\logback-classic\1.2.5\logback-classic-1.2.5.jar;C:\Users\h013026\.m2\repository\ch\qos\logback\logback-core\1.2.5\logback-core-1.2.5.jar;C:\Users\h013026\.m2\repository\org\apache\logging\log4j\log4j-to-slf4j\2.14.1\log4j-to-slf4j-2.14.1.jar;C:\Users\h013026\.m2\repository\org\apache\logging\log4j\log4j-api\2.14.1\log4j-api-2.14.1.jar;C:\Users\h013026\.m2\repository\org\slf4j\jul-to-slf4j\1.7.32\jul-to-slf4j-1.7.32.jar;C:\Users\h013026\.m2\repository\jakarta\annotation\jakarta.annotation-api\1.3.5\jakarta.annotation-api-1.3.5.jar;C:\Users\h013026\.m2\repository\org\yaml\snakeyaml\1.28\snakeyaml-1.28.jar;C:\Users\h013026\.m2\repository\org\springframework\boot\spring-boot-starter-json\2.5.4\spring-boot-starter-json-2.5.4.jar;C:\Users\h013026\.m2\repository\com\fasterxml\jackson\core\jackson-databind\2.12.4\jackson-databind-2.12.4.jar;C:\Users\h013026\.m2\repository\com\fasterxml\jackson\core\jackson-annotations\2.12.4\jackson-annotations-2.12.4.jar;C:\Users\h013026\.m2\repository\com\fasterxml\jackson\core\jackson-core\2.12.4\jackson-core-2.12.4.jar;C:\Users\h013026\.m2\repository\com\fasterxml\jackson\datatype\jackson-datatype-jdk8\2.12.4\jackson-datatype-jdk8-2.12.4.jar;C:\Users\h013026\.m2\repository\com\fasterxml\jackson\datatype\jackson-datatype-jsr310\2.12.4\jackson-datatype-jsr310-2.12.4.jar;C:\Users\h013026\.m2\repository\com\fasterxml
Launcher Type: SUN_STANDARD

[Global flags]
     intx CICompilerCount                          = 3                                         {product} {ergonomic}
     uint ConcGCThreads                            = 1                                         {product} {ergonomic}
     uint G1ConcRefinementThreads                  = 4                                         {product} {ergonomic}
   size_t G1HeapRegionSize                         = 1048576                                   {product} {ergonomic}
    uintx GCDrainStackTargetSize                   = 64                                        {product} {ergonomic}
   size_t InitialHeapSize                          = 134217728                                 {product} {ergonomic}
   size_t MarkStackSize                            = 4194304                                   {product} {ergonomic}
   size_t MaxHeapSize                              = 2116026368                                {product} {ergonomic}
   size_t MaxNewSize                               = 1268776960                                {product} {ergonomic}
   size_t MinHeapDeltaBytes                        = 1048576                                   {product} {ergonomic}
    uintx NonNMethodCodeHeapSize                   = 5830732                                {pd product} {ergonomic}
    uintx NonProfiledCodeHeapSize                  = 122913754                              {pd product} {ergonomic}
    uintx ProfiledCodeHeapSize                     = 122913754                              {pd product} {ergonomic}
    uintx ReservedCodeCacheSize                    = 251658240                              {pd product} {ergonomic}
     bool SegmentedCodeCache                       = true                                      {product} {ergonomic}
     bool UseCompressedClassPointers               = true                                 {lp64_product} {ergonomic}
     bool UseCompressedOops                        = true                                 {lp64_product} {ergonomic}
     bool UseG1GC                                  = true                                      {product} {ergonomic}
     bool UseLargePagesIndividualAllocation        = false                                  {pd product} {ergonomic}

Logging:
Log output configuration:
 #0: stdout all=warning uptime,level,tags
 #1: stderr all=off uptime,level,tags

Environment Variables:
JAVA_HOME=C:\Program Files\AdoptOpenJDK\jdk-11.0.9.101-hotspot\
PATH=C:/Program Files/AdoptOpenJDK/jdk-11.0.9.101-hotspot/bin/client;C:/Program Files/AdoptOpenJDK/jdk-11.0.9.101-hotspot/bin;C:\Program Files\AdoptOpenJDK\jdk-11.0.9.101-hotspot\bin;C:\Program Files (x86)\Common Files\Oracle\Java\javapath;C:\Program Files\Microsoft MPI\Bin\;C:\ProgramData\Oracle\Java\javapath;C:\Windows\system32;C:\Windows;C:\Windows\System32\Wbem;C:\Windows\System32\WindowsPowerShell\v1.0\;C:\Program Files\SourceGear\Common\DiffMerge\;C:\Program Files\dotnet\;C:\Program Files\Microsoft SQL Server\130\Tools\Binn\;C:\Program Files\Git\cmd;C:\Program Files\PostgreSQL\10\bin;C:\Program Files\PostgreSQL\10\lib;C:\Program Files\Microsoft VS Code\bin;C:\Program Files\MongoDB\Server\4.0\bin;C:\Program Files\RStudio\bin;C:\Program Files\R\R-3.5.3\bin;C:\ProgramData\chocolatey\bin;C:\Program Files (x86)\vim\vim80;C:\apache-maven-3.6.3\bin;C:\Program Files\Java\jdk1.8.0_241\bin;C:\Program Files (x86)\Microsoft SQL Server\100\Tools\Binn\;C:\Program Files\Microsoft SQL Server\100\Tools\Binn\;C:\Program Files\Microsoft SQL Server\100\DTS\Binn\;C:\Program Files (x86)\Microsoft SQL Server\100\Tools\Binn\VSShell\Common7\IDE\;C:\Program Files (x86)\Microsoft SQL Server\100\DTS\Binn\;C:\Program Files (x86)\Microsoft Visual Studio 9.0\Common7\IDE\PrivateAssemblies\;C:\WINDOWS\system32;C:\WINDOWS;C:\WINDOWS\System32\Wbem;C:\WINDOWS\System32\WindowsPowerShell\v1.0\;C:\WINDOWS\System32\OpenSSH\;c:\Program Files (x86)\Microsoft SQL Server\110\Tools\Binn\;c:\Program Files\Microsoft SQL Server\110\Tools\Binn\;c:\Program Files\Microsoft SQL Server\110\DTS\Binn\;C:\Program Files\nodejs\;C:\Users\h013026\Anaconda3\Scripts;C:\Program Files\Microsoft SQL Server\Client SDK\ODBC\170\Tools\Binn\;C:\Users\h013026\.sdkman\bin;%C:\Program Files (x86)\Common Files\Oracle\Java\javapath;C:\Program Files\Microsoft MPI\Bin\;C:\ProgramData\Oracle\Java\javapath;C:\Windows\system32;C:\Windows;C:\Windows\System32\Wbem;C:\Windows\System32\WindowsPowerShell\v1.0\;c:\Program Files (x86)\Microsoft S
USERNAME=h013026
OS=Windows_NT
PROCESSOR_IDENTIFIER=Intel64 Family 6 Model 94 Stepping 3, GenuineIntel



---------------  S Y S T E M  ---------------

OS: Windows 10 , 64 bit Build 19041 (10.0.19041.662)
OS uptime: 0 days 2:24 hours

CPU:total 4 (initial active 4) (4 cores per cpu, 1 threads per core) family 6 model 94 stepping 3, cmov, cx8, fxsr, mmx, sse, sse2, sse3, ssse3, sse4.1, sse4.2, popcnt, avx, avx2, aes, clmul, erms, rtm, 3dnowpref, lzcnt, tsc, tscinvbit, bmi1, bmi2, adx, fma

Memory: 4k page, system-wide physical 8071M (458M free)
TotalPageFile size 9975M (AvailPageFile size 2M)
current process WorkingSet (physical memory assigned to process): 360M, peak: 364M
current process commit charge ("private bytes"): 421M, peak: 425M

vm_info: OpenJDK 64-Bit Server VM (11.0.9.1+1) for windows-amd64 JRE (11.0.9.1+1), built on Nov 10 2020 15:18:49 by "" with MS VC++ 15.9 (VS2017)

END.
