#
# There is insufficient memory for the Java Runtime Environment to continue.
# Native memory allocation (malloc) failed to allocate 238496 bytes for Chunk::new
# Possible reasons:
#   The system is out of physical RAM or swap space
#   The process is running with CompressedOops enabled, and the Java Heap may be blocking the growth of the native heap
# Possible solutions:
#   Reduce memory load on the system
#   Increase physical memory or swap space
#   Check if swap backing store is full
#   Decrease Java heap size (-Xmx/-Xms)
#   Decrease number of Java threads
#   Decrease Java thread stack sizes (-Xss)
#   Set larger code cache with -XX:ReservedCodeCacheSize=
#   JVM is running with Unscaled Compressed Oops mode in which the Java heap is
#     placed in the first 4GB address space. The Java Heap base address is the
#     maximum limit for the native heap growth. Please use -XX:HeapBaseMinAddress
#     to set the Java Heap base and to place the Java Heap above 4GB virtual address.
# This output file may be truncated or incomplete.
#
#  Out of Memory Error (./src/hotspot/share/memory/arena.cpp:197), pid=9816, tid=11764
#
# JRE version: OpenJDK Runtime Environment AdoptOpenJDK (11.0.9.1+1) (build 11.0.9.1+1)
# Java VM: OpenJDK 64-Bit Server VM AdoptOpenJDK (11.0.9.1+1, mixed mode, tiered, compressed oops, g1 gc, windows-amd64)
# No core dump will be written. Minidumps are not enabled by default on client versions of Windows
#

---------------  S U M M A R Y ------------

Command Line: -ea -Dfile.encoding=UTF-8 org.eclipse.jdt.internal.junit.runner.RemoteTestRunner -version 3 -port 1047 -testLoaderClass org.eclipse.jdt.internal.junit5.runner.JUnit5TestLoader -loaderpluginname org.eclipse.jdt.junit5.runtime -classNames br.desafio.livraria.service.AutorServiceTest

Host: Intel(R) Core(TM) i5-6500 CPU @ 3.20GHz, 4 cores, 7G,  Windows 10 , 64 bit Build 19041 (10.0.19041.662)
Time: Fri Oct 22 17:00:37 2021 E. South America Standard Time elapsed time: 0.932783 seconds (0d 0h 0m 0s)

---------------  T H R E A D  ---------------

Current thread (0x00000253fd279800):  JavaThread "C2 CompilerThread0" daemon [_thread_in_native, id=11764, stack(0x00000094cb300000,0x00000094cb400000)]


Current CompileTask:
C2:    932  981       4       jdk.internal.org.objectweb.asm.ClassWriter::newUTF8 (70 bytes)

Stack: [0x00000094cb300000,0x00000094cb400000]
Native frames: (J=compiled Java code, j=interpreted, Vv=VM code, C=native code)
V  [jvm.dll+0x5f465a]
V  [jvm.dll+0x77c78e]
V  [jvm.dll+0x77de5f]
V  [jvm.dll+0x77e523]
V  [jvm.dll+0x2477c8]
V  [jvm.dll+0xbe2ec]
V  [jvm.dll+0xbe9ec]
V  [jvm.dll+0x2b69b4]
V  [jvm.dll+0x508bb9]
V  [jvm.dll+0x20929d]
V  [jvm.dll+0x20319a]
V  [jvm.dll+0x20011f]
V  [jvm.dll+0x184fbc]
V  [jvm.dll+0x20f7f7]
V  [jvm.dll+0x20d9db]
V  [jvm.dll+0x741029]
V  [jvm.dll+0x73a0d4]
V  [jvm.dll+0x5f3586]
C  [ucrtbase.dll+0x214c2]
C  [KERNEL32.DLL+0x17034]
C  [ntdll.dll+0x4d0d1]


---------------  P R O C E S S  ---------------

Threads class SMR info:
_java_thread_list=0x00000253fde04f50, length=11, elements={
0x00000253ed363000, 0x00000253fca61000, 0x00000253fca69800, 0x00000253fd274000,
0x00000253fd277000, 0x00000253fd279800, 0x00000253fd27f000, 0x00000253fd2db000,
0x00000253fd47d000, 0x00000253fd48b800, 0x00000253fdff4000
}

Java Threads: ( => current thread )
  0x00000253ed363000 JavaThread "main" [_thread_blocked, id=8248, stack(0x00000094ca800000,0x00000094ca900000)]
  0x00000253fca61000 JavaThread "Reference Handler" daemon [_thread_blocked, id=12720, stack(0x00000094caf00000,0x00000094cb000000)]
  0x00000253fca69800 JavaThread "Finalizer" daemon [_thread_blocked, id=6364, stack(0x00000094cb000000,0x00000094cb100000)]
  0x00000253fd274000 JavaThread "Signal Dispatcher" daemon [_thread_blocked, id=9212, stack(0x00000094cb100000,0x00000094cb200000)]
  0x00000253fd277000 JavaThread "Attach Listener" daemon [_thread_blocked, id=13836, stack(0x00000094cb200000,0x00000094cb300000)]
=>0x00000253fd279800 JavaThread "C2 CompilerThread0" daemon [_thread_in_native, id=11764, stack(0x00000094cb300000,0x00000094cb400000)]
  0x00000253fd27f000 JavaThread "C1 CompilerThread0" daemon [_thread_blocked, id=8800, stack(0x00000094cb400000,0x00000094cb500000)]
  0x00000253fd2db000 JavaThread "Sweeper thread" daemon [_thread_blocked, id=6120, stack(0x00000094cb500000,0x00000094cb600000)]
  0x00000253fd47d000 JavaThread "Service Thread" daemon [_thread_blocked, id=3060, stack(0x00000094cb600000,0x00000094cb700000)]
  0x00000253fd48b800 JavaThread "Common-Cleaner" daemon [_thread_blocked, id=11772, stack(0x00000094cb800000,0x00000094cb900000)]
  0x00000253fdff4000 JavaThread "ReaderThread" [_thread_in_native, id=14316, stack(0x00000094cb900000,0x00000094cba00000)]

Other Threads:
  0x00000253fca5c000 VMThread "VM Thread" [stack: 0x00000094cae00000,0x00000094caf00000] [id=14884]
  0x00000253fd47e800 WatcherThread [stack: 0x00000094cb700000,0x00000094cb800000] [id=13612]
  0x00000253ed37b800 GCTaskThread "GC Thread#0" [stack: 0x00000094ca900000,0x00000094caa00000] [id=9188]
  0x00000253fdfeb800 GCTaskThread "GC Thread#1" [stack: 0x00000094cba00000,0x00000094cbb00000] [id=11992]
  0x00000253fe07c000 GCTaskThread "GC Thread#2" [stack: 0x00000094cbb00000,0x00000094cbc00000] [id=8832]
  0x00000253fe07d000 GCTaskThread "GC Thread#3" [stack: 0x00000094cbc00000,0x00000094cbd00000] [id=12460]
  0x00000253ed3ac800 ConcurrentGCThread "G1 Main Marker" [stack: 0x00000094caa00000,0x00000094cab00000] [id=12012]
  0x00000253ed3ae000 ConcurrentGCThread "G1 Conc#0" [stack: 0x00000094cab00000,0x00000094cac00000] [id=13240]
  0x00000253fc8a4800 ConcurrentGCThread "G1 Refine#0" [stack: 0x00000094cac00000,0x00000094cad00000] [id=11024]
  0x00000253fc8a7000 ConcurrentGCThread "G1 Young RemSet Sampling" [stack: 0x00000094cad00000,0x00000094cae00000] [id=12404]

Threads with active compile tasks:
C2 CompilerThread0   1147  981       4       jdk.internal.org.objectweb.asm.ClassWriter::newUTF8 (70 bytes)

VM state:at safepoint (normal execution)

VM Mutex/Monitor currently owned by a thread:  ([mutex/lock_event])
[0x00000253ed35df80] Threads_lock - owner thread: 0x00000253fca5c000
[0x00000253ed35f570] Heap_lock - owner thread: 0x00000253ed363000

Heap address: 0x0000000081e00000, size: 2018 MB, Compressed Oops mode: 32-bit
Narrow klass base: 0x0000000000000000, Narrow klass shift: 3
Compressed class space size: 1073741824 Address: 0x0000000100000000

Heap:
 garbage-first heap   total 131072K, used 8007K [0x0000000081e00000, 0x0000000100000000)
  region size 1024K, 1 young (1024K), 1 survivors (1024K)
 Metaspace       used 11644K, capacity 12110K, committed 12288K, reserved 1069056K
  class space    used 1224K, capacity 1411K, committed 1536K, reserved 1048576K
Heap Regions: E=young(eden), S=young(survivor), O=old, HS=humongous(starts), HC=humongous(continues), CS=collection set, F=free, A=archive, TAMS=top-at-mark-start (previous, next)
|   0|0x0000000081e00000, 0x0000000081f00000, 0x0000000081f00000|100%|HS|  |TAMS 0x0000000081e00000, 0x0000000081f00000| Complete 
|   1|0x0000000081f00000, 0x0000000082000000, 0x0000000082000000|100%| O|  |TAMS 0x0000000081f00000, 0x0000000082000000| Untracked 
|   2|0x0000000082000000, 0x0000000082100000, 0x0000000082100000|100%| O|  |TAMS 0x0000000082000000, 0x0000000082100000| Untracked 
|   3|0x0000000082100000, 0x0000000082200000, 0x0000000082200000|100%| O|  |TAMS 0x0000000082100000, 0x0000000082200000| Untracked 
|   4|0x0000000082200000, 0x0000000082300000, 0x0000000082300000|100%| O|  |TAMS 0x0000000082200000, 0x0000000082300000| Untracked 
|   5|0x0000000082300000, 0x0000000082400000, 0x0000000082400000|100%| O|  |TAMS 0x0000000082300000, 0x0000000082400000| Untracked 
|   6|0x0000000082400000, 0x0000000082500000, 0x0000000082500000|100%| O|  |TAMS 0x0000000082400000, 0x0000000082500000| Untracked 
|   7|0x0000000082500000, 0x0000000082532e00, 0x0000000082600000| 19%| O|  |TAMS 0x0000000082500000, 0x0000000082532e00| Untracked 
|   8|0x0000000082600000, 0x0000000082600000, 0x0000000082700000|  0%| F|  |TAMS 0x0000000082600000, 0x0000000082600000| Untracked 
|   9|0x0000000082700000, 0x0000000082700000, 0x0000000082800000|  0%| F|  |TAMS 0x0000000082700000, 0x0000000082700000| Untracked 
|  10|0x0000000082800000, 0x0000000082800000, 0x0000000082900000|  0%| F|  |TAMS 0x0000000082800000, 0x0000000082800000| Untracked 
|  11|0x0000000082900000, 0x0000000082900000, 0x0000000082a00000|  0%| F|  |TAMS 0x0000000082900000, 0x0000000082900000| Untracked 
|  12|0x0000000082a00000, 0x0000000082a00000, 0x0000000082b00000|  0%| F|  |TAMS 0x0000000082a00000, 0x0000000082a00000| Untracked 
|  13|0x0000000082b00000, 0x0000000082b00000, 0x0000000082c00000|  0%| F|  |TAMS 0x0000000082b00000, 0x0000000082b00000| Untracked 
|  14|0x0000000082c00000, 0x0000000082c00000, 0x0000000082d00000|  0%| F|  |TAMS 0x0000000082c00000, 0x0000000082c00000| Untracked 
|  15|0x0000000082d00000, 0x0000000082d00000, 0x0000000082e00000|  0%| F|  |TAMS 0x0000000082d00000, 0x0000000082d00000| Untracked 
|  16|0x0000000082e00000, 0x0000000082e00000, 0x0000000082f00000|  0%| F|  |TAMS 0x0000000082e00000, 0x0000000082e00000| Untracked 
|  17|0x0000000082f00000, 0x0000000082f00000, 0x0000000083000000|  0%| F|  |TAMS 0x0000000082f00000, 0x0000000082f00000| Untracked 
|  18|0x0000000083000000, 0x0000000083000000, 0x0000000083100000|  0%| F|  |TAMS 0x0000000083000000, 0x0000000083000000| Untracked 
|  19|0x0000000083100000, 0x0000000083100000, 0x0000000083200000|  0%| F|  |TAMS 0x0000000083100000, 0x0000000083100000| Untracked 
|  20|0x0000000083200000, 0x0000000083200000, 0x0000000083300000|  0%| F|  |TAMS 0x0000000083200000, 0x0000000083200000| Untracked 
|  21|0x0000000083300000, 0x0000000083300000, 0x0000000083400000|  0%| F|  |TAMS 0x0000000083300000, 0x0000000083300000| Untracked 
|  22|0x0000000083400000, 0x0000000083400000, 0x0000000083500000|  0%| F|  |TAMS 0x0000000083400000, 0x0000000083400000| Untracked 
|  23|0x0000000083500000, 0x0000000083500000, 0x0000000083600000|  0%| F|  |TAMS 0x0000000083500000, 0x0000000083500000| Untracked 
|  24|0x0000000083600000, 0x0000000083600000, 0x0000000083700000|  0%| F|  |TAMS 0x0000000083600000, 0x0000000083600000| Untracked 
|  25|0x0000000083700000, 0x0000000083700000, 0x0000000083800000|  0%| F|  |TAMS 0x0000000083700000, 0x0000000083700000| Untracked 
|  26|0x0000000083800000, 0x0000000083800000, 0x0000000083900000|  0%| F|  |TAMS 0x0000000083800000, 0x0000000083800000| Untracked 
|  27|0x0000000083900000, 0x0000000083900000, 0x0000000083a00000|  0%| F|  |TAMS 0x0000000083900000, 0x0000000083900000| Untracked 
|  28|0x0000000083a00000, 0x0000000083a00000, 0x0000000083b00000|  0%| F|  |TAMS 0x0000000083a00000, 0x0000000083a00000| Untracked 
|  29|0x0000000083b00000, 0x0000000083b00000, 0x0000000083c00000|  0%| F|  |TAMS 0x0000000083b00000, 0x0000000083b00000| Untracked 
|  30|0x0000000083c00000, 0x0000000083c00000, 0x0000000083d00000|  0%| F|  |TAMS 0x0000000083c00000, 0x0000000083c00000| Untracked 
|  31|0x0000000083d00000, 0x0000000083d00000, 0x0000000083e00000|  0%| F|  |TAMS 0x0000000083d00000, 0x0000000083d00000| Untracked 
|  32|0x0000000083e00000, 0x0000000083e00000, 0x0000000083f00000|  0%| F|  |TAMS 0x0000000083e00000, 0x0000000083e00000| Untracked 
|  33|0x0000000083f00000, 0x0000000083f00000, 0x0000000084000000|  0%| F|  |TAMS 0x0000000083f00000, 0x0000000083f00000| Untracked 
|  34|0x0000000084000000, 0x0000000084000000, 0x0000000084100000|  0%| F|  |TAMS 0x0000000084000000, 0x0000000084000000| Untracked 
|  35|0x0000000084100000, 0x0000000084100000, 0x0000000084200000|  0%| F|  |TAMS 0x0000000084100000, 0x0000000084100000| Untracked 
|  36|0x0000000084200000, 0x0000000084200000, 0x0000000084300000|  0%| F|  |TAMS 0x0000000084200000, 0x0000000084200000| Untracked 
|  37|0x0000000084300000, 0x0000000084300000, 0x0000000084400000|  0%| F|  |TAMS 0x0000000084300000, 0x0000000084300000| Untracked 
|  38|0x0000000084400000, 0x0000000084400000, 0x0000000084500000|  0%| F|  |TAMS 0x0000000084400000, 0x0000000084400000| Untracked 
|  39|0x0000000084500000, 0x0000000084500000, 0x0000000084600000|  0%| F|  |TAMS 0x0000000084500000, 0x0000000084500000| Untracked 
|  40|0x0000000084600000, 0x0000000084600000, 0x0000000084700000|  0%| F|  |TAMS 0x0000000084600000, 0x0000000084600000| Untracked 
|  41|0x0000000084700000, 0x0000000084700000, 0x0000000084800000|  0%| F|  |TAMS 0x0000000084700000, 0x0000000084700000| Untracked 
|  42|0x0000000084800000, 0x0000000084800000, 0x0000000084900000|  0%| F|  |TAMS 0x0000000084800000, 0x0000000084800000| Untracked 
|  43|0x0000000084900000, 0x0000000084900000, 0x0000000084a00000|  0%| F|  |TAMS 0x0000000084900000, 0x0000000084900000| Untracked 
|  44|0x0000000084a00000, 0x0000000084a00000, 0x0000000084b00000|  0%| F|  |TAMS 0x0000000084a00000, 0x0000000084a00000| Untracked 
|  45|0x0000000084b00000, 0x0000000084b00000, 0x0000000084c00000|  0%| F|  |TAMS 0x0000000084b00000, 0x0000000084b00000| Untracked 
|  46|0x0000000084c00000, 0x0000000084c00000, 0x0000000084d00000|  0%| F|  |TAMS 0x0000000084c00000, 0x0000000084c00000| Untracked 
|  47|0x0000000084d00000, 0x0000000084d00000, 0x0000000084e00000|  0%| F|  |TAMS 0x0000000084d00000, 0x0000000084d00000| Untracked 
|  48|0x0000000084e00000, 0x0000000084e00000, 0x0000000084f00000|  0%| F|  |TAMS 0x0000000084e00000, 0x0000000084e00000| Untracked 
|  49|0x0000000084f00000, 0x0000000084f00000, 0x0000000085000000|  0%| F|  |TAMS 0x0000000084f00000, 0x0000000084f00000| Untracked 
|  50|0x0000000085000000, 0x0000000085000000, 0x0000000085100000|  0%| F|  |TAMS 0x0000000085000000, 0x0000000085000000| Untracked 
|  51|0x0000000085100000, 0x0000000085100000, 0x0000000085200000|  0%| F|  |TAMS 0x0000000085100000, 0x0000000085100000| Untracked 
|  52|0x0000000085200000, 0x0000000085200000, 0x0000000085300000|  0%| F|  |TAMS 0x0000000085200000, 0x0000000085200000| Untracked 
|  53|0x0000000085300000, 0x0000000085300000, 0x0000000085400000|  0%| F|  |TAMS 0x0000000085300000, 0x0000000085300000| Untracked 
|  54|0x0000000085400000, 0x0000000085400000, 0x0000000085500000|  0%| F|  |TAMS 0x0000000085400000, 0x0000000085400000| Untracked 
|  55|0x0000000085500000, 0x0000000085500000, 0x0000000085600000|  0%| F|  |TAMS 0x0000000085500000, 0x0000000085500000| Untracked 
|  56|0x0000000085600000, 0x0000000085600000, 0x0000000085700000|  0%| F|  |TAMS 0x0000000085600000, 0x0000000085600000| Untracked 
|  57|0x0000000085700000, 0x0000000085700000, 0x0000000085800000|  0%| F|  |TAMS 0x0000000085700000, 0x0000000085700000| Untracked 
|  58|0x0000000085800000, 0x0000000085800000, 0x0000000085900000|  0%| F|  |TAMS 0x0000000085800000, 0x0000000085800000| Untracked 
|  59|0x0000000085900000, 0x0000000085900000, 0x0000000085a00000|  0%| F|  |TAMS 0x0000000085900000, 0x0000000085900000| Untracked 
|  60|0x0000000085a00000, 0x0000000085a00000, 0x0000000085b00000|  0%| F|  |TAMS 0x0000000085a00000, 0x0000000085a00000| Untracked 
|  61|0x0000000085b00000, 0x0000000085b00000, 0x0000000085c00000|  0%| F|  |TAMS 0x0000000085b00000, 0x0000000085b00000| Untracked 
|  62|0x0000000085c00000, 0x0000000085c00000, 0x0000000085d00000|  0%| F|  |TAMS 0x0000000085c00000, 0x0000000085c00000| Untracked 
|  63|0x0000000085d00000, 0x0000000085d00000, 0x0000000085e00000|  0%| F|  |TAMS 0x0000000085d00000, 0x0000000085d00000| Untracked 
|  64|0x0000000085e00000, 0x0000000085e00000, 0x0000000085f00000|  0%| F|  |TAMS 0x0000000085e00000, 0x0000000085e00000| Untracked 
|  65|0x0000000085f00000, 0x0000000085f00000, 0x0000000086000000|  0%| F|  |TAMS 0x0000000085f00000, 0x0000000085f00000| Untracked 
|  66|0x0000000086000000, 0x0000000086000000, 0x0000000086100000|  0%| F|  |TAMS 0x0000000086000000, 0x0000000086000000| Untracked 
|  67|0x0000000086100000, 0x0000000086100000, 0x0000000086200000|  0%| F|  |TAMS 0x0000000086100000, 0x0000000086100000| Untracked 
|  68|0x0000000086200000, 0x0000000086200000, 0x0000000086300000|  0%| F|  |TAMS 0x0000000086200000, 0x0000000086200000| Untracked 
|  69|0x0000000086300000, 0x0000000086300000, 0x0000000086400000|  0%| F|  |TAMS 0x0000000086300000, 0x0000000086300000| Untracked 
|  70|0x0000000086400000, 0x0000000086400000, 0x0000000086500000|  0%| F|  |TAMS 0x0000000086400000, 0x0000000086400000| Untracked 
|  71|0x0000000086500000, 0x0000000086500000, 0x0000000086600000|  0%| F|  |TAMS 0x0000000086500000, 0x0000000086500000| Untracked 
|  72|0x0000000086600000, 0x0000000086600000, 0x0000000086700000|  0%| F|  |TAMS 0x0000000086600000, 0x0000000086600000| Untracked 
|  73|0x0000000086700000, 0x0000000086700000, 0x0000000086800000|  0%| F|  |TAMS 0x0000000086700000, 0x0000000086700000| Untracked 
|  74|0x0000000086800000, 0x0000000086800000, 0x0000000086900000|  0%| F|  |TAMS 0x0000000086800000, 0x0000000086800000| Untracked 
|  75|0x0000000086900000, 0x0000000086900000, 0x0000000086a00000|  0%| F|  |TAMS 0x0000000086900000, 0x0000000086900000| Untracked 
|  76|0x0000000086a00000, 0x0000000086a00000, 0x0000000086b00000|  0%| F|  |TAMS 0x0000000086a00000, 0x0000000086a00000| Untracked 
|  77|0x0000000086b00000, 0x0000000086b00000, 0x0000000086c00000|  0%| F|  |TAMS 0x0000000086b00000, 0x0000000086b00000| Untracked 
|  78|0x0000000086c00000, 0x0000000086c00000, 0x0000000086d00000|  0%| F|  |TAMS 0x0000000086c00000, 0x0000000086c00000| Untracked 
|  79|0x0000000086d00000, 0x0000000086d00000, 0x0000000086e00000|  0%| F|  |TAMS 0x0000000086d00000, 0x0000000086d00000| Untracked 
|  80|0x0000000086e00000, 0x0000000086e00000, 0x0000000086f00000|  0%| F|  |TAMS 0x0000000086e00000, 0x0000000086e00000| Untracked 
|  81|0x0000000086f00000, 0x0000000086f00000, 0x0000000087000000|  0%| F|  |TAMS 0x0000000086f00000, 0x0000000086f00000| Untracked 
|  82|0x0000000087000000, 0x0000000087000000, 0x0000000087100000|  0%| F|  |TAMS 0x0000000087000000, 0x0000000087000000| Untracked 
|  83|0x0000000087100000, 0x0000000087100000, 0x0000000087200000|  0%| F|  |TAMS 0x0000000087100000, 0x0000000087100000| Untracked 
|  84|0x0000000087200000, 0x0000000087200000, 0x0000000087300000|  0%| F|  |TAMS 0x0000000087200000, 0x0000000087200000| Untracked 
|  85|0x0000000087300000, 0x0000000087300000, 0x0000000087400000|  0%| F|  |TAMS 0x0000000087300000, 0x0000000087300000| Untracked 
|  86|0x0000000087400000, 0x0000000087400000, 0x0000000087500000|  0%| F|  |TAMS 0x0000000087400000, 0x0000000087400000| Untracked 
|  87|0x0000000087500000, 0x0000000087500000, 0x0000000087600000|  0%| F|  |TAMS 0x0000000087500000, 0x0000000087500000| Untracked 
|  88|0x0000000087600000, 0x0000000087600000, 0x0000000087700000|  0%| F|  |TAMS 0x0000000087600000, 0x0000000087600000| Untracked 
|  89|0x0000000087700000, 0x0000000087700000, 0x0000000087800000|  0%| F|  |TAMS 0x0000000087700000, 0x0000000087700000| Untracked 
|  90|0x0000000087800000, 0x0000000087800000, 0x0000000087900000|  0%| F|  |TAMS 0x0000000087800000, 0x0000000087800000| Untracked 
|  91|0x0000000087900000, 0x0000000087900000, 0x0000000087a00000|  0%| F|  |TAMS 0x0000000087900000, 0x0000000087900000| Untracked 
|  92|0x0000000087a00000, 0x0000000087a00000, 0x0000000087b00000|  0%| F|  |TAMS 0x0000000087a00000, 0x0000000087a00000| Untracked 
|  93|0x0000000087b00000, 0x0000000087b00000, 0x0000000087c00000|  0%| F|  |TAMS 0x0000000087b00000, 0x0000000087b00000| Untracked 
|  94|0x0000000087c00000, 0x0000000087c00000, 0x0000000087d00000|  0%| F|  |TAMS 0x0000000087c00000, 0x0000000087c00000| Untracked 
|  95|0x0000000087d00000, 0x0000000087d00000, 0x0000000087e00000|  0%| F|  |TAMS 0x0000000087d00000, 0x0000000087d00000| Untracked 
|  96|0x0000000087e00000, 0x0000000087e00000, 0x0000000087f00000|  0%| F|  |TAMS 0x0000000087e00000, 0x0000000087e00000| Untracked 
|  97|0x0000000087f00000, 0x0000000087f00000, 0x0000000088000000|  0%| F|  |TAMS 0x0000000087f00000, 0x0000000087f00000| Untracked 
|  98|0x0000000088000000, 0x0000000088000000, 0x0000000088100000|  0%| F|  |TAMS 0x0000000088000000, 0x0000000088000000| Untracked 
|  99|0x0000000088100000, 0x0000000088100000, 0x0000000088200000|  0%| F|  |TAMS 0x0000000088100000, 0x0000000088100000| Untracked 
| 100|0x0000000088200000, 0x0000000088200000, 0x0000000088300000|  0%| F|  |TAMS 0x0000000088200000, 0x0000000088200000| Untracked 
| 101|0x0000000088300000, 0x0000000088300000, 0x0000000088400000|  0%| F|  |TAMS 0x0000000088300000, 0x0000000088300000| Untracked 
| 102|0x0000000088400000, 0x0000000088400000, 0x0000000088500000|  0%| F|  |TAMS 0x0000000088400000, 0x0000000088400000| Untracked 
| 103|0x0000000088500000, 0x0000000088500000, 0x0000000088600000|  0%| F|  |TAMS 0x0000000088500000, 0x0000000088500000| Untracked 
| 104|0x0000000088600000, 0x0000000088600000, 0x0000000088700000|  0%| F|  |TAMS 0x0000000088600000, 0x0000000088600000| Untracked 
| 105|0x0000000088700000, 0x0000000088700000, 0x0000000088800000|  0%| F|  |TAMS 0x0000000088700000, 0x0000000088700000| Untracked 
| 106|0x0000000088800000, 0x0000000088800000, 0x0000000088900000|  0%| F|  |TAMS 0x0000000088800000, 0x0000000088800000| Untracked 
| 107|0x0000000088900000, 0x0000000088900000, 0x0000000088a00000|  0%| F|  |TAMS 0x0000000088900000, 0x0000000088900000| Untracked 
| 108|0x0000000088a00000, 0x0000000088a00000, 0x0000000088b00000|  0%| F|  |TAMS 0x0000000088a00000, 0x0000000088a00000| Untracked 
| 109|0x0000000088b00000, 0x0000000088b00000, 0x0000000088c00000|  0%| F|  |TAMS 0x0000000088b00000, 0x0000000088b00000| Untracked 
| 110|0x0000000088c00000, 0x0000000088c00000, 0x0000000088d00000|  0%| F|  |TAMS 0x0000000088c00000, 0x0000000088c00000| Untracked 
| 111|0x0000000088d00000, 0x0000000088d00000, 0x0000000088e00000|  0%| F|  |TAMS 0x0000000088d00000, 0x0000000088d00000| Untracked 
| 112|0x0000000088e00000, 0x0000000088e00000, 0x0000000088f00000|  0%| F|  |TAMS 0x0000000088e00000, 0x0000000088e00000| Untracked 
| 113|0x0000000088f00000, 0x0000000088f00000, 0x0000000089000000|  0%| F|  |TAMS 0x0000000088f00000, 0x0000000088f00000| Untracked 
| 114|0x0000000089000000, 0x0000000089000000, 0x0000000089100000|  0%| F|  |TAMS 0x0000000089000000, 0x0000000089000000| Untracked 
| 115|0x0000000089100000, 0x0000000089100000, 0x0000000089200000|  0%| F|  |TAMS 0x0000000089100000, 0x0000000089100000| Untracked 
| 116|0x0000000089200000, 0x0000000089200000, 0x0000000089300000|  0%| F|  |TAMS 0x0000000089200000, 0x0000000089200000| Untracked 
| 117|0x0000000089300000, 0x0000000089300000, 0x0000000089400000|  0%| F|  |TAMS 0x0000000089300000, 0x0000000089300000| Untracked 
| 118|0x0000000089400000, 0x0000000089400000, 0x0000000089500000|  0%| F|  |TAMS 0x0000000089400000, 0x0000000089400000| Untracked 
| 119|0x0000000089500000, 0x0000000089500000, 0x0000000089600000|  0%| F|  |TAMS 0x0000000089500000, 0x0000000089500000| Untracked 
| 120|0x0000000089600000, 0x0000000089600000, 0x0000000089700000|  0%| F|  |TAMS 0x0000000089600000, 0x0000000089600000| Untracked 
| 121|0x0000000089700000, 0x0000000089700000, 0x0000000089800000|  0%| F|  |TAMS 0x0000000089700000, 0x0000000089700000| Untracked 
| 122|0x0000000089800000, 0x0000000089800000, 0x0000000089900000|  0%| F|  |TAMS 0x0000000089800000, 0x0000000089800000| Untracked 
| 123|0x0000000089900000, 0x0000000089900000, 0x0000000089a00000|  0%| F|  |TAMS 0x0000000089900000, 0x0000000089900000| Untracked 
| 124|0x0000000089a00000, 0x0000000089a9ef48, 0x0000000089b00000| 62%| S|CS|TAMS 0x0000000089a00000, 0x0000000089a00000| Complete 
| 125|0x0000000089b00000, 0x0000000089b00000, 0x0000000089c00000|  0%| F|  |TAMS 0x0000000089b00000, 0x0000000089b00000| Untracked 
| 126|0x0000000089c00000, 0x0000000089c00000, 0x0000000089d00000|  0%| F|  |TAMS 0x0000000089c00000, 0x0000000089c00000| Untracked 
| 127|0x0000000089d00000, 0x0000000089d00000, 0x0000000089e00000|  0%| F|  |TAMS 0x0000000089d00000, 0x0000000089d00000| Untracked 

Card table byte_map: [0x00000253f5e20000,0x00000253f6220000] _byte_map_base: 0x00000253f5a11000

Marking Bits (Prev, Next): (CMBitMap*) 0x00000253ed3a3b48, (CMBitMap*) 0x00000253ed3a3b80
 Prev Bits: [0x00000253f6620000, 0x00000253f85a8000)
 Next Bits: [0x00000253f85b0000, 0x00000253fa538000)

Polling page: 0x00000253eb420000

Metaspace:

Usage:
  Non-class:     10.45 MB capacity,    10.18 MB ( 97%) used,   238.03 KB (  2%) free+waste,    40.38 KB ( <1%) overhead. 
      Class:      1.38 MB capacity,     1.20 MB ( 87%) used,   165.80 KB ( 12%) free+waste,    21.06 KB (  1%) overhead. 
       Both:     11.83 MB capacity,    11.37 MB ( 96%) used,   403.83 KB (  3%) free+waste,    61.44 KB ( <1%) overhead. 

Virtual space:
  Non-class space:       20.00 MB reserved,      10.50 MB ( 52%) committed 
      Class space:        1.00 GB reserved,       1.50 MB ( <1%) committed 
             Both:        1.02 GB reserved,      12.00 MB (  1%) committed 

Chunk freelists:
   Non-Class:  53.00 KB
       Class:  29.00 KB
        Both:  82.00 KB

MaxMetaspaceSize: 17179869184.00 GB
CompressedClassSpaceSize: 1.00 GB

CodeHeap 'non-profiled nmethods': size=120064Kb used=340Kb max_used=340Kb free=119723Kb
 bounds [0x0000025387ac0000, 0x0000025387d30000, 0x000002538f000000]
CodeHeap 'profiled nmethods': size=120000Kb used=2074Kb max_used=2074Kb free=117925Kb
 bounds [0x0000025380590000, 0x0000025380800000, 0x0000025387ac0000]
CodeHeap 'non-nmethods': size=5696Kb used=1065Kb max_used=1085Kb free=4630Kb
 bounds [0x0000025380000000, 0x0000025380270000, 0x0000025380590000]
 total_blobs=1418 nmethods=1056 adapters=274
 compilation: enabled
              stopped_count=0, restarted_count=0
 full_count=0

Compilation events (20 events):
Event: 0.911 Thread 0x00000253fd27f000 1026       3       java.lang.Class::annotationData (44 bytes)
Event: 0.912 Thread 0x00000253fd27f000 nmethod 1026 0x000002538077d010 code [0x000002538077d1e0, 0x000002538077d548]
Event: 0.912 Thread 0x00000253fd27f000 1028       3       jdk.internal.org.objectweb.asm.MethodVisitor::visitInsn (16 bytes)
Event: 0.912 Thread 0x00000253fd27f000 nmethod 1028 0x000002538077d690 code [0x000002538077d840, 0x000002538077da28]
Event: 0.912 Thread 0x00000253fd27f000 1027       3       java.lang.invoke.Invokers::checkCustomized (23 bytes)
Event: 0.912 Thread 0x00000253fd27f000 nmethod 1027 0x000002538077db10 code [0x000002538077dce0, 0x000002538077dea8]
Event: 0.912 Thread 0x00000253fd27f000 1029       1       java.util.stream.Collectors$CollectorImpl::characteristics (5 bytes)
Event: 0.912 Thread 0x00000253fd27f000 nmethod 1029 0x0000025387b14010 code [0x0000025387b141c0, 0x0000025387b14278]
Event: 0.913 Thread 0x00000253fd27f000 1030       3       java.util.LinkedHashMap$LinkedEntryIterator::next (5 bytes)
Event: 0.913 Thread 0x00000253fd27f000 nmethod 1030 0x000002538077df90 code [0x000002538077e160, 0x000002538077e2e8]
Event: 0.913 Thread 0x00000253fd27f000 1031       3       java.util.LinkedHashMap$LinkedEntryIterator::next (5 bytes)
Event: 0.913 Thread 0x00000253fd27f000 nmethod 1031 0x000002538077e390 code [0x000002538077e540, 0x000002538077e668]
Event: 0.915 Thread 0x00000253fd27f000 1032       3       java.util.stream.PipelineHelper::<init> (5 bytes)
Event: 0.915 Thread 0x00000253fd27f000 nmethod 1032 0x000002538077e710 code [0x000002538077e8c0, 0x000002538077ea18]
Event: 0.915 Thread 0x00000253fd27f000 1033       3       java.lang.invoke.MethodHandleNatives::linkCallSite (66 bytes)
Event: 0.916 Thread 0x00000253fd27f000 nmethod 1033 0x000002538077eb10 code [0x000002538077ed00, 0x000002538077f208]
Event: 0.916 Thread 0x00000253fd27f000 1034       3       java.lang.invoke.MethodHandleNatives::linkCallSiteImpl (44 bytes)
Event: 0.916 Thread 0x00000253fd27f000 nmethod 1034 0x000002538077f390 code [0x000002538077f5c0, 0x000002538077fd58]
Event: 0.916 Thread 0x00000253fd27f000 1035       3       java.lang.invoke.Invokers::checkExactType (17 bytes)
Event: 0.916 Thread 0x00000253fd27f000 nmethod 1035 0x0000025380780010 code [0x00000253807801c0, 0x00000253807803a8]

GC Heap History (4 events):
Event: 0.582 GC heap before
{Heap before GC invocations=0 (full 0):
 garbage-first heap   total 131072K, used 14336K [0x0000000081e00000, 0x0000000100000000)
  region size 1024K, 14 young (14336K), 0 survivors (0K)
 Metaspace       used 8758K, capacity 8953K, committed 9088K, reserved 1056768K
  class space    used 814K, capacity 881K, committed 896K, reserved 1048576K
}
Event: 0.606 GC heap after
{Heap after GC invocations=1 (full 0):
 garbage-first heap   total 131072K, used 7089K [0x0000000081e00000, 0x0000000100000000)
  region size 1024K, 2 young (2048K), 2 survivors (2048K)
 Metaspace       used 8758K, capacity 8953K, committed 9088K, reserved 1056768K
  class space    used 814K, capacity 881K, committed 896K, reserved 1048576K
}
Event: 0.882 GC heap before
{Heap before GC invocations=1 (full 0):
 garbage-first heap   total 131072K, used 19377K [0x0000000081e00000, 0x0000000100000000)
  region size 1024K, 14 young (14336K), 2 survivors (2048K)
 Metaspace       used 11156K, capacity 11597K, committed 11904K, reserved 1060864K
  class space    used 1157K, capacity 1305K, committed 1408K, reserved 1048576K
}
Event: 0.884 GC heap after
{Heap after GC invocations=2 (full 0):
 garbage-first heap   total 131072K, used 7980K [0x0000000081e00000, 0x0000000100000000)
  region size 1024K, 1 young (1024K), 1 survivors (1024K)
 Metaspace       used 11156K, capacity 11597K, committed 11904K, reserved 1060864K
  class space    used 1157K, capacity 1305K, committed 1408K, reserved 1048576K
}

Deoptimization events (20 events):
Event: 0.367 Thread 0x00000253ed363000 DEOPT PACKING pc=0x00000253805f4038 sp=0x00000094ca8fc630
Event: 0.367 Thread 0x00000253ed363000 DEOPT UNPACKING pc=0x00000253800272ce sp=0x00000094ca8fbaa0 mode 0
Event: 0.373 Thread 0x00000253ed363000 DEOPT PACKING pc=0x00000253806076a2 sp=0x00000094ca8fcad0
Event: 0.373 Thread 0x00000253ed363000 DEOPT UNPACKING pc=0x00000253800272ce sp=0x00000094ca8fbf38 mode 0
Event: 0.375 Thread 0x00000253ed363000 DEOPT PACKING pc=0x00000253805d01d0 sp=0x00000094ca8fdff0
Event: 0.375 Thread 0x00000253ed363000 DEOPT UNPACKING pc=0x00000253800272ce sp=0x00000094ca8fd478 mode 0
Event: 0.459 Thread 0x00000253ed363000 DEOPT PACKING pc=0x00000253805abc7f sp=0x00000094ca8f9270
Event: 0.459 Thread 0x00000253ed363000 DEOPT UNPACKING pc=0x00000253800272ce sp=0x00000094ca8f86c0 mode 0
Event: 0.634 Thread 0x00000253ed363000 DEOPT PACKING pc=0x00000253805ab49b sp=0x00000094ca8fd7c0
Event: 0.634 Thread 0x00000253ed363000 DEOPT UNPACKING pc=0x00000253800272ce sp=0x00000094ca8fcc30 mode 0
Event: 0.639 Thread 0x00000253ed363000 DEOPT PACKING pc=0x00000253805a7d5b sp=0x00000094ca8fdce0
Event: 0.639 Thread 0x00000253ed363000 DEOPT UNPACKING pc=0x00000253800272ce sp=0x00000094ca8fd158 mode 0
Event: 0.833 Thread 0x00000253ed363000 DEOPT PACKING pc=0x000002538059d3e8 sp=0x00000094ca8fdb10
Event: 0.833 Thread 0x00000253ed363000 DEOPT UNPACKING pc=0x00000253800272ce sp=0x00000094ca8fd018 mode 0
Event: 0.894 Thread 0x00000253ed363000 DEOPT PACKING pc=0x000002538064f330 sp=0x00000094ca8fb940
Event: 0.894 Thread 0x00000253ed363000 DEOPT UNPACKING pc=0x00000253800272ce sp=0x00000094ca8fae58 mode 0
Event: 0.901 Thread 0x00000253ed363000 Uncommon trap: trap_request=0xffffff4d fr.pc=0x0000025387ada3bc relative=0x000000000000021c
Event: 0.901 Thread 0x00000253ed363000 Uncommon trap: reason=unstable_if action=reinterpret pc=0x0000025387ada3bc method=java.lang.String.startsWith(Ljava/lang/String;I)Z @ 14 c2
Event: 0.901 Thread 0x00000253ed363000 DEOPT PACKING pc=0x0000025387ada3bc sp=0x00000094ca8fda50
Event: 0.901 Thread 0x00000253ed363000 DEOPT UNPACKING pc=0x00000253800274af sp=0x00000094ca8fd9b8 mode 2

Classes redefined (0 events):
No events

Internal exceptions (20 events):
Event: 0.544 Thread 0x00000253ed363000 Exception <a 'java/lang/NoSuchMethodError'{0x00000000891ed4d0}: 'int java.lang.invoke.DirectMethodHandle$Holder.invokeVirtual(java.lang.Object, java.lang.Object)'> (0x00000000891ed4d0) thrown at [./src/hotspot/share/interpreter/linkResolver.cpp, line 773]
Event: 0.566 Thread 0x00000253ed363000 Exception <a 'java/lang/NoSuchMethodError'{0x0000000089062e78}: 'java.lang.Object java.lang.invoke.DirectMethodHandle$Holder.invokeStaticInit(java.lang.Object, int)'> (0x0000000089062e78) thrown at [./src/hotspot/share/interpreter/linkResolver.cpp, line 773]
Event: 0.616 Thread 0x00000253ed363000 Exception <a 'java/lang/NoSuchMethodError'{0x0000000089db0568}: 'int java.lang.invoke.DirectMethodHandle$Holder.invokeSpecialIFC(java.lang.Object, java.lang.Object, java.lang.Object, java.lang.Object)'> (0x0000000089db0568) thrown at [./src/hotspot/share/interpreter/linkResolver.cpp, line 773]
Event: 0.638 Thread 0x00000253ed363000 Exception <a 'java/lang/NoSuchMethodError'{0x0000000089c8e658}: 'void java.lang.invoke.DirectMethodHandle$Holder.invokeInterface(java.lang.Object, java.lang.Object)'> (0x0000000089c8e658) thrown at [./src/hotspot/share/interpreter/linkResolver.cpp, line 773]
Event: 0.638 Thread 0x00000253ed363000 Exception <a 'java/lang/IncompatibleClassChangeError'{0x0000000089c91560}: Found class java.lang.Object, but interface was expected> (0x0000000089c91560) thrown at [./src/hotspot/share/interpreter/linkResolver.cpp, line 839]
Event: 0.649 Thread 0x00000253ed363000 Exception <a 'java/lang/NoSuchMethodError'{0x0000000089b37380}: 'int java.lang.invoke.DirectMethodHandle$Holder.invokeSpecialIFC(java.lang.Object, java.lang.Object, int)'> (0x0000000089b37380) thrown at [./src/hotspot/share/interpreter/linkResolver.cpp, line 773]
Event: 0.652 Thread 0x00000253ed363000 Exception <a 'java/lang/NoSuchMethodError'{0x0000000089b6cbb8}: 'java.lang.Object java.lang.invoke.DirectMethodHandle$Holder.invokeStaticInit(java.lang.Object, java.lang.Object, java.lang.Object)'> (0x0000000089b6cbb8) thrown at [./src/hotspot/share/interpreter/linkResolver.cpp, line 773]
Event: 0.653 Thread 0x00000253ed363000 Exception <a 'java/lang/NoSuchMethodError'{0x0000000089b74008}: 'void java.lang.invoke.DirectMethodHandle$Holder.invokeStaticInit(java.lang.Object, java.lang.Object, java.lang.Object)'> (0x0000000089b74008) thrown at [./src/hotspot/share/interpreter/linkResolver.cpp, line 773]
Event: 0.712 Thread 0x00000253ed363000 Exception <a 'java/lang/NoSuchMethodError'{0x00000000899ed7e8}: 'java.lang.Object java.lang.invoke.DirectMethodHandle$Holder.invokeSpecialIFC(java.lang.Object, java.lang.Object, java.lang.Object, java.lang.Object)'> (0x00000000899ed7e8) thrown at [./src/hotspot/share/interpreter/linkResolver.cpp, line 773]
Event: 0.731 Thread 0x00000253ed363000 Exception <a 'java/lang/NoSuchMethodError'{0x00000000898dc528}: 'java.lang.Object java.lang.invoke.Invokers$Holder.linkToTargetMethod(java.lang.Object, java.lang.Object, java.lang.Object, java.lang.Object, java.lang.Object, java.lang.Object)'> (0x00000000898dc528) thrown at [./src/hotspot/share/interpreter/linkResolver.cpp, line 773]
Event: 0.739 Thread 0x00000253ed363000 Exception <a 'java/lang/IncompatibleClassChangeError'{0x0000000089735a40}: Found class java.lang.Object, but interface was expected> (0x0000000089735a40) thrown at [./src/hotspot/share/interpreter/linkResolver.cpp, line 839]
Event: 0.749 Thread 0x00000253ed363000 Exception <a 'java/lang/IncompatibleClassChangeError'{0x0000000089780e80}: Found class java.lang.Object, but interface was expected> (0x0000000089780e80) thrown at [./src/hotspot/share/interpreter/linkResolver.cpp, line 839]
Event: 0.755 Thread 0x00000253ed363000 Exception <a 'java/lang/NoSuchMethodError'{0x00000000897ac578}: 'void java.lang.invoke.DirectMethodHandle$Holder.invokeSpecial(java.lang.Object, java.lang.Object, java.lang.Object, java.lang.Object, java.lang.Object)'> (0x00000000897ac578) thrown at [./src/hotspot/share/interpreter/linkResolver.cpp, line 773]
Event: 0.782 Thread 0x00000253ed363000 Exception <a 'java/lang/NoSuchMethodError'{0x00000000896400e8}: 'java.lang.Object java.lang.invoke.DirectMethodHandle$Holder.invokeVirtual(java.lang.Object, java.lang.Object, java.lang.Object)'> (0x00000000896400e8) thrown at [./src/hotspot/share/interpreter/linkResolver.cpp, line 773]
Event: 0.791 Thread 0x00000253ed363000 Exception <a 'java/lang/NoSuchMethodError'{0x000000008969d9c0}: 'void java.lang.invoke.DirectMethodHandle$Holder.invokeInterface(java.lang.Object, java.lang.Object, java.lang.Object, java.lang.Object)'> (0x000000008969d9c0) thrown at [./src/hotspot/share/interpreter/linkResolver.cpp, line 773]
Event: 0.792 Thread 0x00000253ed363000 Exception <a 'java/lang/IncompatibleClassChangeError'{0x00000000896a0780}: Found class java.lang.Object, but interface was expected> (0x00000000896a0780) thrown at [./src/hotspot/share/interpreter/linkResolver.cpp, line 839]
Event: 0.797 Thread 0x00000253ed363000 Exception <a 'java/lang/NoSuchMethodError'{0x00000000896c0898}: 'void java.lang.invoke.DirectMethodHandle$Holder.invokeStatic(java.lang.Object, java.lang.Object, java.lang.Object, java.lang.Object)'> (0x00000000896c0898) thrown at [./src/hotspot/share/interpreter/linkResolver.cpp, line 773]
Event: 0.813 Thread 0x00000253ed363000 Exception <a 'java/lang/NoSuchMethodError'{0x00000000895a9830}: 'int java.lang.invoke.DirectMethodHandle$Holder.invokeStatic(java.lang.Object, java.lang.Object, java.lang.Object, java.lang.Object, java.lang.Object)'> (0x00000000895a9830) thrown at [./src/hotspot/share/interpreter/linkResolver.cpp, line 773]
Event: 0.835 Thread 0x00000253ed363000 Exception <a 'java/lang/NoSuchMethodError'{0x000000008946f898}: 'void java.lang.invoke.DirectMethodHandle$Holder.invokeSpecial(java.lang.Object, java.lang.Object)'> (0x000000008946f898) thrown at [./src/hotspot/share/interpreter/linkResolver.cpp, line 773]
Event: 0.870 Thread 0x00000253ed363000 Exception <a 'java/lang/NoSuchMethodError'{0x00000000893c0ed0}: 'int java.lang.invoke.DirectMethodHandle$Holder.invokeStaticInit(java.lang.Object, java.lang.Object, java.lang.Object)'> (0x00000000893c0ed0) thrown at [./src/hotspot/share/interpreter/linkResolver.cpp, line 773]

Events (20 events):
Event: 0.914 loading class org/junit/jupiter/api/extension/ExtensionContext
Event: 0.914 loading class org/junit/jupiter/api/extension/ExtensionContext done
Event: 0.914 loading class org/junit/jupiter/api/extension/ExecutionCondition
Event: 0.914 loading class org/junit/jupiter/api/extension/ExecutionCondition done
Event: 0.914 loading class org/junit/jupiter/engine/execution/ConditionEvaluator
Event: 0.914 loading class org/junit/jupiter/engine/execution/ConditionEvaluator done
Event: 0.914 loading class org/junit/jupiter/api/extension/ConditionEvaluationResult
Event: 0.914 loading class org/junit/jupiter/api/extension/ConditionEvaluationResult done
Event: 0.915 loading class java/util/stream/SpinedBuffer
Event: 0.915 loading class java/util/stream/AbstractSpinedBuffer
Event: 0.915 loading class java/util/stream/AbstractSpinedBuffer done
Event: 0.915 loading class java/util/stream/SpinedBuffer done
Event: 0.915 loading class java/util/function/BooleanSupplier
Event: 0.915 loading class java/util/function/BooleanSupplier done
Event: 0.916 loading class org/junit/jupiter/api/Disabled
Event: 0.916 loading class org/junit/jupiter/api/Disabled done
Event: 0.916 loading class org/junit/jupiter/api/extension/ExtensionContext
Event: 0.916 loading class org/junit/jupiter/api/extension/ExtensionContext done
Event: 0.916 loading class org/junit/jupiter/api/extension/ExtensionContext
Event: 0.916 loading class org/junit/jupiter/api/extension/ExtensionContext done


Dynamic libraries:
0x00007ff645f20000 - 0x00007ff645f2d000 	C:\Program Files\AdoptOpenJDK\jdk-11.0.9.101-hotspot\bin\javaw.exe
0x00007ffae5630000 - 0x00007ffae5826000 	C:\WINDOWS\SYSTEM32\ntdll.dll
0x00007ffae3970000 - 0x00007ffae3a2d000 	C:\WINDOWS\System32\KERNEL32.DLL
0x00007ffae2f70000 - 0x00007ffae3239000 	C:\WINDOWS\System32\KERNELBASE.dll
0x00007ffae33a0000 - 0x00007ffae34a0000 	C:\WINDOWS\System32\ucrtbase.dll
0x00007ffabb770000 - 0x00007ffabb787000 	C:\Program Files\AdoptOpenJDK\jdk-11.0.9.101-hotspot\bin\jli.dll
0x00007ffad6f30000 - 0x00007ffad6f45000 	C:\Program Files\AdoptOpenJDK\jdk-11.0.9.101-hotspot\bin\VCRUNTIME140.dll
0x00007ffae4930000 - 0x00007ffae4ad0000 	C:\WINDOWS\System32\USER32.dll
0x00007ffae3660000 - 0x00007ffae3682000 	C:\WINDOWS\System32\win32u.dll
0x00007ffae4240000 - 0x00007ffae426a000 	C:\WINDOWS\System32\GDI32.dll
0x00007ffae3500000 - 0x00007ffae3609000 	C:\WINDOWS\System32\gdi32full.dll
0x00007ffae2ed0000 - 0x00007ffae2f6d000 	C:\WINDOWS\System32\msvcp_win.dll
0x00007ffacf1d0000 - 0x00007ffacf46b000 	C:\WINDOWS\WinSxS\amd64_microsoft.windows.common-controls_6595b64144ccf1df_6.0.19041.488_none_ca04af081b815d21\COMCTL32.dll
0x00007ffae4270000 - 0x00007ffae430e000 	C:\WINDOWS\System32\msvcrt.dll
0x00007ffae4ad0000 - 0x00007ffae4b00000 	C:\WINDOWS\System32\IMM32.DLL
0x00007ffab06b0000 - 0x00007ffab0754000 	C:\Program Files\McAfee\Endpoint Security\Threat Prevention\Ips\EpMPApi.dll
0x00007ffae3a30000 - 0x00007ffae3b5b000 	C:\WINDOWS\System32\RPCRT4.dll
0x00007ffae5540000 - 0x00007ffae55ec000 	C:\WINDOWS\System32\ADVAPI32.dll
0x00007ffae4780000 - 0x00007ffae481c000 	C:\WINDOWS\System32\sechost.dll
0x00007ffae34a0000 - 0x00007ffae3500000 	C:\WINDOWS\System32\WINTRUST.dll
0x00007ffae3240000 - 0x00007ffae339d000 	C:\WINDOWS\System32\CRYPT32.dll
0x00007ffae2960000 - 0x00007ffae2972000 	C:\WINDOWS\SYSTEM32\MSASN1.dll
0x0000000076280000 - 0x000000007628c000 	C:\Program Files\McAfee\Endpoint Security\Threat Prevention\Ips\EpMPThe.dll
0x00007ffab44b0000 - 0x00007ffab454b000 	C:\Program Files\AdoptOpenJDK\jdk-11.0.9.101-hotspot\bin\msvcp140.dll
0x00007ffa90ae0000 - 0x00007ffa91623000 	C:\Program Files\AdoptOpenJDK\jdk-11.0.9.101-hotspot\bin\server\jvm.dll
0x00007ffae4230000 - 0x00007ffae4238000 	C:\WINDOWS\System32\PSAPI.DLL
0x00007ffad0720000 - 0x00007ffad0747000 	C:\WINDOWS\SYSTEM32\WINMM.dll
0x00007ffad7d10000 - 0x00007ffad7d1a000 	C:\WINDOWS\SYSTEM32\VERSION.dll
0x00007ffac8b30000 - 0x00007ffac8b39000 	C:\WINDOWS\SYSTEM32\WSOCK32.dll
0x00007ffae41c0000 - 0x00007ffae422b000 	C:\WINDOWS\System32\WS2_32.dll
0x00007ffae1a20000 - 0x00007ffae1a32000 	C:\WINDOWS\SYSTEM32\kernel.appcore.dll
0x00007ffadc500000 - 0x00007ffadc510000 	C:\Program Files\AdoptOpenJDK\jdk-11.0.9.101-hotspot\bin\verify.dll
0x00007ffacd460000 - 0x00007ffacd644000 	C:\WINDOWS\SYSTEM32\DBGHELP.DLL
0x00007ffacb430000 - 0x00007ffacb45c000 	C:\WINDOWS\SYSTEM32\dbgcore.DLL
0x00007ffae2da0000 - 0x00007ffae2e20000 	C:\WINDOWS\System32\bcryptPrimitives.dll
0x00007ffaae600000 - 0x00007ffaae628000 	C:\Program Files\AdoptOpenJDK\jdk-11.0.9.101-hotspot\bin\java.dll
0x00007ffad0f50000 - 0x00007ffad0f5a000 	C:\Program Files\AdoptOpenJDK\jdk-11.0.9.101-hotspot\bin\jimage.dll
0x00007ffadcb90000 - 0x00007ffadcba7000 	C:\Program Files\AdoptOpenJDK\jdk-11.0.9.101-hotspot\bin\zip.dll
0x00007ffae4b00000 - 0x00007ffae5242000 	C:\WINDOWS\System32\SHELL32.dll
0x00007ffae0db0000 - 0x00007ffae1545000 	C:\WINDOWS\SYSTEM32\windows.storage.dll
0x00007ffae3c10000 - 0x00007ffae3f66000 	C:\WINDOWS\System32\combase.dll
0x00007ffae26a0000 - 0x00007ffae26cc000 	C:\WINDOWS\SYSTEM32\Wldp.dll
0x00007ffae4820000 - 0x00007ffae48ce000 	C:\WINDOWS\System32\SHCORE.dll
0x00007ffae3f70000 - 0x00007ffae3fc5000 	C:\WINDOWS\System32\shlwapi.dll
0x00007ffae2ca0000 - 0x00007ffae2cc6000 	C:\WINDOWS\SYSTEM32\profapi.dll
0x00007ffadcb70000 - 0x00007ffadcb89000 	C:\Program Files\AdoptOpenJDK\jdk-11.0.9.101-hotspot\bin\net.dll
0x00007ffad8320000 - 0x00007ffad8420000 	C:\WINDOWS\SYSTEM32\WINHTTP.dll
0x00007ffae2430000 - 0x00007ffae249a000 	C:\WINDOWS\system32\mswsock.dll
0x00007ffaceb70000 - 0x00007ffaceb82000 	C:\Program Files\AdoptOpenJDK\jdk-11.0.9.101-hotspot\bin\nio.dll

dbghelp: loaded successfully - version: 4.0.5 - missing functions: none
symbol engine: initialized successfully - sym options: 0x614 - pdb path: .;C:\Program Files\AdoptOpenJDK\jdk-11.0.9.101-hotspot\bin;C:\WINDOWS\SYSTEM32;C:\WINDOWS\WinSxS\amd64_microsoft.windows.common-controls_6595b64144ccf1df_6.0.19041.488_none_ca04af081b815d21;C:\Program Files\McAfee\Endpoint Security\Threat Prevention\Ips;C:\Program Files\AdoptOpenJDK\jdk-11.0.9.101-hotspot\bin\server

VM Arguments:
jvm_args: -ea -Dfile.encoding=UTF-8 
java_command: org.eclipse.jdt.internal.junit.runner.RemoteTestRunner -version 3 -port 1047 -testLoaderClass org.eclipse.jdt.internal.junit5.runner.JUnit5TestLoader -loaderpluginname org.eclipse.jdt.junit5.runtime -classNames br.desafio.livraria.service.AutorServiceTest
java_class_path (initial): C:\Users\h013026\OneDrive - Default Directory\Worspace_Desafio_Bootcamp_Java_Alura\livraria\target\test-classes;C:\Users\h013026\OneDrive - Default Directory\Worspace_Desafio_Bootcamp_Java_Alura\livraria\target\classes;C:\Users\h013026\.m2\repository\org\springframework\boot\spring-boot-starter-web\2.5.4\spring-boot-starter-web-2.5.4.jar;C:\Users\h013026\.m2\repository\org\springframework\boot\spring-boot-starter\2.5.4\spring-boot-starter-2.5.4.jar;C:\Users\h013026\.m2\repository\org\springframework\boot\spring-boot-starter-logging\2.5.4\spring-boot-starter-logging-2.5.4.jar;C:\Users\h013026\.m2\repository\ch\qos\logback\logback-classic\1.2.5\logback-classic-1.2.5.jar;C:\Users\h013026\.m2\repository\ch\qos\logback\logback-core\1.2.5\logback-core-1.2.5.jar;C:\Users\h013026\.m2\repository\org\apache\logging\log4j\log4j-to-slf4j\2.14.1\log4j-to-slf4j-2.14.1.jar;C:\Users\h013026\.m2\repository\org\apache\logging\log4j\log4j-api\2.14.1\log4j-api-2.14.1.jar;C:\Users\h013026\.m2\repository\org\slf4j\jul-to-slf4j\1.7.32\jul-to-slf4j-1.7.32.jar;C:\Users\h013026\.m2\repository\jakarta\annotation\jakarta.annotation-api\1.3.5\jakarta.annotation-api-1.3.5.jar;C:\Users\h013026\.m2\repository\org\yaml\snakeyaml\1.28\snakeyaml-1.28.jar;C:\Users\h013026\.m2\repository\org\springframework\boot\spring-boot-starter-json\2.5.4\spring-boot-starter-json-2.5.4.jar;C:\Users\h013026\.m2\repository\com\fasterxml\jackson\core\jackson-databind\2.12.4\jackson-databind-2.12.4.jar;C:\Users\h013026\.m2\repository\com\fasterxml\jackson\core\jackson-core\2.12.4\jackson-core-2.12.4.jar;C:\Users\h013026\.m2\repository\com\fasterxml\jackson\datatype\jackson-datatype-jdk8\2.12.4\jackson-datatype-jdk8-2.12.4.jar;C:\Users\h013026\.m2\repository\com\fasterxml\jackson\datatype\jackson-datatype-jsr310\2.12.4\jackson-datatype-jsr310-2.12.4.jar;C:\Users\h013026\.m2\repository\com\fasterxml\jackson\module\jackson-module-parameter-names\2.12.4\jackson-module-parameter-names-2.12.4.jar
Launcher Type: SUN_STANDARD

[Global flags]
     intx CICompilerCount                          = 3                                         {product} {ergonomic}
     uint ConcGCThreads                            = 1                                         {product} {ergonomic}
     uint G1ConcRefinementThreads                  = 4                                         {product} {ergonomic}
   size_t G1HeapRegionSize                         = 1048576                                   {product} {ergonomic}
    uintx GCDrainStackTargetSize                   = 64                                        {product} {ergonomic}
   size_t InitialHeapSize                          = 134217728                                 {product} {ergonomic}
   size_t MarkStackSize                            = 4194304                                   {product} {ergonomic}
   size_t MaxHeapSize                              = 2116026368                                {product} {ergonomic}
   size_t MaxNewSize                               = 1268776960                                {product} {ergonomic}
   size_t MinHeapDeltaBytes                        = 1048576                                   {product} {ergonomic}
    uintx NonNMethodCodeHeapSize                   = 5830732                                {pd product} {ergonomic}
    uintx NonProfiledCodeHeapSize                  = 122913754                              {pd product} {ergonomic}
    uintx ProfiledCodeHeapSize                     = 122913754                              {pd product} {ergonomic}
    uintx ReservedCodeCacheSize                    = 251658240                              {pd product} {ergonomic}
     bool SegmentedCodeCache                       = true                                      {product} {ergonomic}
     bool UseCompressedClassPointers               = true                                 {lp64_product} {ergonomic}
     bool UseCompressedOops                        = true                                 {lp64_product} {ergonomic}
     bool UseG1GC                                  = true                                      {product} {ergonomic}
     bool UseLargePagesIndividualAllocation        = false                                  {pd product} {ergonomic}

Logging:
Log output configuration:
 #0: stdout all=warning uptime,level,tags
 #1: stderr all=off uptime,level,tags

Environment Variables:
JAVA_HOME=C:\Program Files\AdoptOpenJDK\jdk-11.0.9.101-hotspot\
PATH=C:/Program Files/AdoptOpenJDK/jdk-11.0.9.101-hotspot/bin/client;C:/Program Files/AdoptOpenJDK/jdk-11.0.9.101-hotspot/bin;C:\Program Files\AdoptOpenJDK\jdk-11.0.9.101-hotspot\bin;C:\Program Files (x86)\Common Files\Oracle\Java\javapath;C:\Program Files\Microsoft MPI\Bin\;C:\ProgramData\Oracle\Java\javapath;C:\Windows\system32;C:\Windows;C:\Windows\System32\Wbem;C:\Windows\System32\WindowsPowerShell\v1.0\;C:\Program Files\SourceGear\Common\DiffMerge\;C:\Program Files\dotnet\;C:\Program Files\Microsoft SQL Server\130\Tools\Binn\;C:\Program Files\Git\cmd;C:\Program Files\PostgreSQL\10\bin;C:\Program Files\PostgreSQL\10\lib;C:\Program Files\Microsoft VS Code\bin;C:\Program Files\MongoDB\Server\4.0\bin;C:\Program Files\RStudio\bin;C:\Program Files\R\R-3.5.3\bin;C:\ProgramData\chocolatey\bin;C:\Program Files (x86)\vim\vim80;C:\apache-maven-3.6.3\bin;C:\Program Files\Java\jdk1.8.0_241\bin;C:\Program Files (x86)\Microsoft SQL Server\100\Tools\Binn\;C:\Program Files\Microsoft SQL Server\100\Tools\Binn\;C:\Program Files\Microsoft SQL Server\100\DTS\Binn\;C:\Program Files (x86)\Microsoft SQL Server\100\Tools\Binn\VSShell\Common7\IDE\;C:\Program Files (x86)\Microsoft SQL Server\100\DTS\Binn\;C:\Program Files (x86)\Microsoft Visual Studio 9.0\Common7\IDE\PrivateAssemblies\;C:\WINDOWS\system32;C:\WINDOWS;C:\WINDOWS\System32\Wbem;C:\WINDOWS\System32\WindowsPowerShell\v1.0\;C:\WINDOWS\System32\OpenSSH\;c:\Program Files (x86)\Microsoft SQL Server\110\Tools\Binn\;c:\Program Files\Microsoft SQL Server\110\Tools\Binn\;c:\Program Files\Microsoft SQL Server\110\DTS\Binn\;C:\Program Files\nodejs\;C:\Users\h013026\Anaconda3\Scripts;C:\Program Files\Microsoft SQL Server\Client SDK\ODBC\170\Tools\Binn\;C:\Users\h013026\.sdkman\bin;C:\Program Files\Docker\Docker\resources\bin;C:\ProgramData\DockerDesktop\version-bin;C:\flyway-8.0.0-beta3;%C:\Program Files (x86)\Common Files\Oracle\Java\javapath;C:\Program Files\Microsoft MPI\Bin\;C:\ProgramData\Oracle\Java\javapath;C:\Windows\system32;C:\Win
USERNAME=h013026
OS=Windows_NT
PROCESSOR_IDENTIFIER=Intel64 Family 6 Model 94 Stepping 3, GenuineIntel



---------------  S Y S T E M  ---------------

OS: Windows 10 , 64 bit Build 19041 (10.0.19041.662)
OS uptime: 0 days 0:16 hours
HyperV virtualization detected

CPU:total 4 (initial active 4) (4 cores per cpu, 1 threads per core) family 6 model 94 stepping 3, cmov, cx8, fxsr, mmx, sse, sse2, sse3, ssse3, sse4.1, sse4.2, popcnt, avx, avx2, aes, clmul, erms, rtm, 3dnowpref, lzcnt, tsc, tscinvbit, bmi1, bmi2, adx, fma

Memory: 4k page, system-wide physical 8071M (311M free)
TotalPageFile size 9975M (AvailPageFile size 2M)
current process WorkingSet (physical memory assigned to process): 76M, peak: 76M
current process commit charge ("private bytes"): 216M, peak: 217M

vm_info: OpenJDK 64-Bit Server VM (11.0.9.1+1) for windows-amd64 JRE (11.0.9.1+1), built on Nov 10 2020 15:18:49 by "" with MS VC++ 15.9 (VS2017)

END.
